#
# A fatal error has been detected by the Java Runtime Environment:
#
#  EXCEPTION_ACCESS_VIOLATION (0xc0000005) at pc=0x00007ffd6de150b5, pid=976, tid=13004
#
# JRE version: OpenJDK Runtime Environment (11.0.10) (build 11.0.10+0-b96-7249189)
# Java VM: OpenJDK 64-Bit Server VM (11.0.10+0-b96-7249189, mixed mode, tiered, compressed oops, g1 gc, windows-amd64)
# Problematic frame:
# V  [jvm.dll+0x2b50b5]
#
# No core dump will be written. Minidumps are not enabled by default on client versions of Windows
#
# If you would like to submit a bug report, please visit:
#   https://bugreport.java.com/bugreport/crash.jsp
#

---------------  S U M M A R Y ------------

Command Line: --add-opens=java.base/java.util=ALL-UNNAMED --add-opens=java.base/java.lang=ALL-UNNAMED --add-opens=java.base/java.lang.invoke=ALL-UNNAMED --add-opens=java.base/java.util=ALL-UNNAMED --add-opens=java.prefs/java.util.prefs=ALL-UNNAMED --add-opens=java.prefs/java.util.prefs=ALL-UNNAMED --add-opens=java.base/java.nio.charset=ALL-UNNAMED --add-opens=java.base/java.net=ALL-UNNAMED --add-opens=java.base/java.util.concurrent.atomic=ALL-UNNAMED -Xmx2048m -Dfile.encoding=UTF-8 -Duser.country=SE -Duser.language=sv -Duser.variant org.gradle.launcher.daemon.bootstrap.GradleDaemon 7.0.2

Host: Intel(R) Core(TM) i3-7130U CPU @ 2.70GHz, 4 cores, 3G,  Windows 10 , 64 bit Build 19041 (10.0.19041.1202)
Time: Mon Oct 11 11:25:10 2021 Västeuropa, sommartid elapsed time: 8.970882 seconds (0d 0h 0m 8s)

---------------  T H R E A D  ---------------

Current thread (0x000001c2dd38e000):  JavaThread "C2 CompilerThread0" daemon [_thread_in_native, id=13004, stack(0x000000a103d00000,0x000000a103e00000)]


Current CompileTask:
C2:   8970 5289       4       org.objectweb.asm.Frame::execute (2318 bytes)

Stack: [0x000000a103d00000,0x000000a103e00000],  sp=0x000000a103dfaa20,  free space=1002k
Native frames: (J=compiled Java code, j=interpreted, Vv=VM code, C=native code)
V  [jvm.dll+0x2b50b5]
V  [jvm.dll+0x506028]
V  [jvm.dll+0x203253]
V  [jvm.dll+0x1fd07c]
V  [jvm.dll+0x1fa77f]
V  [jvm.dll+0x18354c]
V  [jvm.dll+0x208ee7]
V  [jvm.dll+0x207731]
V  [jvm.dll+0x6eb1cf]
V  [jvm.dll+0x6e3d45]
V  [jvm.dll+0x5ebe96]
C  [ucrtbase.dll+0x21bb2]
C  [KERNEL32.DLL+0x17034]
C  [ntdll.dll+0x52651]


siginfo: EXCEPTION_ACCESS_VIOLATION (0xc0000005), reading address 0x000001c2a04b2e70


Register to memory mapping:

RIP=0x00007ffd6de150b5 jvm.dll
RAX=0x0000000000008000 is an unknown value
RBX=0x0 is NULL
RCX=0x000001c2e4835990 points into unknown readable memory: 0x000001c2e04b30a0 | a0 30 4b e0 c2 01 00 00
RDX=0x000001c2e4835940 points into unknown readable memory: 0x000001c2a04b2e58 | 58 2e 4b a0 c2 01 00 00
RSP=0x000000a103dfaa20 is pointing into the stack for thread: 0x000001c2dd38e000
RBP=0x000001c2e4801f50 points into unknown readable memory: 0x0000000000000000 | 00 00 00 00 00 00 00 00
RSI=0x0 is NULL
RDI=0x0 is NULL
R8 =0x000001c2e4801f50 points into unknown readable memory: 0x0000000000000000 | 00 00 00 00 00 00 00 00
R9 =0x0 is NULL
R10=0x000001c2e4801f50 points into unknown readable memory: 0x0000000000000000 | 00 00 00 00 00 00 00 00
R11=0x000001c2e4835990 points into unknown readable memory: 0x000001c2e04b30a0 | a0 30 4b e0 c2 01 00 00
R12=0x000001c2e456e670 points into unknown readable memory: 0x000001c2e4801f40 | 40 1f 80 e4 c2 01 00 00
R13=0x000001c2a04b2e58 is an unknown value
R14=0x000001c2e4835940 points into unknown readable memory: 0x000001c2a04b2e58 | 58 2e 4b a0 c2 01 00 00
R15=0x000001c2e457b270 points into unknown readable memory: 0xffffffff00000001 | 01 00 00 00 ff ff ff ff


Registers:
RAX=0x0000000000008000, RBX=0x0000000000000000, RCX=0x000001c2e4835990, RDX=0x000001c2e4835940
RSP=0x000000a103dfaa20, RBP=0x000001c2e4801f50, RSI=0x0000000000000000, RDI=0x0000000000000000
R8 =0x000001c2e4801f50, R9 =0x0000000000000000, R10=0x000001c2e4801f50, R11=0x000001c2e4835990
R12=0x000001c2e456e670, R13=0x000001c2a04b2e58, R14=0x000001c2e4835940, R15=0x000001c2e457b270
RIP=0x00007ffd6de150b5, EFLAGS=0x0000000000010202

Top of Stack: (sp=0x000000a103dfaa20)
0x000000a103dfaa20:   0000000000000020 000001c2e4801f50
0x000000a103dfaa30:   0000000000000000 0000000000000005
0x000000a103dfaa40:   0000000000000a52 000001c2e4801f50
0x000000a103dfaa50:   000001c2dd386d00 000001c2e456e670
0x000000a103dfaa60:   000001c2e457b250 00000000001d6628
0x000000a103dfaa70:   000001c2e457b250 00007ffd6e3cde48
0x000000a103dfaa80:   000001c2dd386d00 00007ffd00000200
0x000000a103dfaa90:   000001c2e0b00380 0000000000000001
0x000000a103dfaaa0:   000000000555eb53 000001c2dd386d00
0x000000a103dfaab0:   000000000000000c 000001c2dd319f80
0x000000a103dfaac0:   0000000000000000 000000a103dfaf70
0x000000a103dfaad0:   000000a103dfda01 000000a103dfabf0
0x000000a103dfaae0:   0000000000000000 00007ffd6e066028
0x000000a103dfaaf0:   000000a103dfaf70 000000a100000f92
0x000000a103dfab00:   000001c2e457b270 000001c2e4835940
0x000000a103dfab10:   000001c2c15c0000 0000000000020020 

Instructions: (pc=0x00007ffd6de150b5)
0x00007ffd6de14fb5:   4c 89 64 24 38 4c 89 6c 24 40 8b 88 a8 01 00 00
0x00007ffd6de14fc5:   ff c1 48 8d 0c 89 48 c1 e1 04 e8 2c 3a 39 00 48
0x00007ffd6de14fd5:   8b 4f 10 33 f6 48 8b e8 48 89 44 24 28 8b 91 a8
0x00007ffd6de14fe5:   01 00 00 83 ea 01 4c 63 c2 78 1d 4b 8d 0c 80 48
0x00007ffd6de14ff5:   c1 e1 04 48 03 c8 0f 1f 44 00 00 49 83 e8 01 48
0x00007ffd6de15005:   89 31 48 8d 49 b0 79 f3 48 8b 47 10 33 d2 8b 88
0x00007ffd6de15015:   a8 01 00 00 ff c1 48 c1 e1 02 e8 dc 39 39 00 48
0x00007ffd6de15025:   8b 4f 10 83 ca ff 4c 8b f8 48 89 84 24 e0 00 00
0x00007ffd6de15035:   00 44 8b 81 a8 01 00 00 48 8b c8 41 ff c0 49 c1
0x00007ffd6de15045:   e0 02 e8 00 7d 49 00 48 8b 13 48 8d 4c 24 58 48
0x00007ffd6de15055:   8b 92 78 02 00 00 e8 80 7c 45 00 4d 8b cf 48 8d
0x00007ffd6de15065:   54 24 58 4c 8b c7 48 8b cd e8 3d fc ff ff 89 84
0x00007ffd6de15075:   24 d8 00 00 00 48 89 75 08 48 89 6d 18 8d 48 ff
0x00007ffd6de15085:   48 63 d1 48 83 fa 01 0f 8e d5 03 00 00 4c 8d 34
0x00007ffd6de15095:   92 49 c1 e6 04 4c 03 f5 48 ff ca 4c 89 b4 24 e8
0x00007ffd6de150a5:   00 00 00 48 89 54 24 20 0f 1f 00 4d 8b 2e 8b fe
0x00007ffd6de150b5:   41 83 7d 18 00 0f 86 b2 00 00 00 8b c7 48 8d 1c
0x00007ffd6de150c5:   c5 00 00 00 00 49 8b 45 08 48 8b 0c 03 48 85 c9
0x00007ffd6de150d5:   0f 84 8b 00 00 00 48 8b 01 ff 50 10 84 c0 0f 84
0x00007ffd6de150e5:   7d 00 00 00 49 8b 45 08 48 8b 0c 03 8b 41 28 41
0x00007ffd6de150f5:   8b 0c 87 83 f9 ff 74 69 48 8d 1c 89 48 c1 e3 04
0x00007ffd6de15105:   48 03 dd 48 8b 4b 20 48 85 c9 75 06 48 8b 53 18
0x00007ffd6de15115:   eb 42 48 83 79 20 00 74 25 e8 4d fb ff ff 4c 8b
0x00007ffd6de15125:   43 20 48 8b 43 18 49 8b 50 18 8b 48 08 39 4a 08
0x00007ffd6de15135:   73 04 48 89 53 18 49 8b 40 20 48 89 43 20 48 8b
0x00007ffd6de15145:   43 20 48 8b 4b 18 48 8b 50 18 8b 41 08 39 42 08
0x00007ffd6de15155:   48 0f 43 d1 8b 42 08 41 3b 46 08 73 04 41 89 46
0x00007ffd6de15165:   08 ff c7 41 3b 7d 18 0f 82 4e ff ff ff 41 8b 46
0x00007ffd6de15175:   08 4c 8b c5 49 8b d6 48 8d 0c 80 48 03 c9 48 8b
0x00007ffd6de15185:   44 cd 38 49 89 46 38 4c 89 74 cd 38 49 8b 4e 10
0x00007ffd6de15195:   e8 b6 04 00 00 49 8b 46 10 48 8b 58 38 48 85 db
0x00007ffd6de151a5:   74 6a 48 8b 4b 20 48 85 c9 75 06 48 8b 53 18 eb 


Stack slot to memory mapping:
stack at sp + 0 slots: 0x0000000000000020 is an unknown value
stack at sp + 1 slots: 0x000001c2e4801f50 points into unknown readable memory: 0x0000000000000000 | 00 00 00 00 00 00 00 00
stack at sp + 2 slots: 0x0 is NULL
stack at sp + 3 slots: 0x0000000000000005 is an unknown value
stack at sp + 4 slots: 0x0000000000000a52 is an unknown value
stack at sp + 5 slots: 0x000001c2e4801f50 points into unknown readable memory: 0x0000000000000000 | 00 00 00 00 00 00 00 00
stack at sp + 6 slots: 0x000001c2dd386d00 points into unknown readable memory: 0x0400000000000006 | 06 00 00 00 00 00 00 04
stack at sp + 7 slots: 0x000001c2e456e670 points into unknown readable memory: 0x000001c2e4801f40 | 40 1f 80 e4 c2 01 00 00


---------------  P R O C E S S  ---------------

Threads class SMR info:
_java_thread_list=0x000001c2def1a570, length=41, elements={
0x000001c2c378d000, 0x000001c2dd324800, 0x000001c2dd32a000, 0x000001c2dd383800,
0x000001c2dd388000, 0x000001c2dd38a000, 0x000001c2dd38e000, 0x000001c2dd392800,
0x000001c2dd39a000, 0x000001c2dde15800, 0x000001c2df57f800, 0x000001c2df4a8000,
0x000001c2df842800, 0x000001c2df44e800, 0x000001c2dffac000, 0x000001c2df5ea000,
0x000001c2de8ae800, 0x000001c2de5ae800, 0x000001c2ded1e800, 0x000001c2dfddc800,
0x000001c2dfddb000, 0x000001c2dfdd7800, 0x000001c2dfdde000, 0x000001c2dfddb800,
0x000001c2dfddd800, 0x000001c2dfdd8800, 0x000001c2dfdd9000, 0x000001c2dfdda000,
0x000001c2e2028000, 0x000001c2e2029000, 0x000001c2e2025800, 0x000001c2e202a000,
0x000001c2e2024000, 0x000001c2e202b800, 0x000001c2e202c800, 0x000001c2e2026800,
0x000001c2e2030800, 0x000001c2e202d000, 0x000001c2e202e800, 0x000001c2e202e000,
0x000001c2e202f800
}

Java Threads: ( => current thread )
  0x000001c2c378d000 JavaThread "main" [_thread_blocked, id=2608, stack(0x000000a103100000,0x000000a103200000)]
  0x000001c2dd324800 JavaThread "Reference Handler" daemon [_thread_blocked, id=12580, stack(0x000000a103800000,0x000000a103900000)]
  0x000001c2dd32a000 JavaThread "Finalizer" daemon [_thread_blocked, id=15152, stack(0x000000a103900000,0x000000a103a00000)]
  0x000001c2dd383800 JavaThread "Signal Dispatcher" daemon [_thread_blocked, id=3808, stack(0x000000a103a00000,0x000000a103b00000)]
  0x000001c2dd388000 JavaThread "Attach Listener" daemon [_thread_blocked, id=15324, stack(0x000000a103b00000,0x000000a103c00000)]
  0x000001c2dd38a000 JavaThread "Service Thread" daemon [_thread_blocked, id=7048, stack(0x000000a103c00000,0x000000a103d00000)]
=>0x000001c2dd38e000 JavaThread "C2 CompilerThread0" daemon [_thread_in_native, id=13004, stack(0x000000a103d00000,0x000000a103e00000)]
  0x000001c2dd392800 JavaThread "C1 CompilerThread0" daemon [_thread_blocked, id=7472, stack(0x000000a103e00000,0x000000a103f00000)]
  0x000001c2dd39a000 JavaThread "Sweeper thread" daemon [_thread_blocked, id=13128, stack(0x000000a103f00000,0x000000a104000000)]
  0x000001c2dde15800 JavaThread "Common-Cleaner" daemon [_thread_blocked, id=14132, stack(0x000000a104000000,0x000000a104100000)]
  0x000001c2df57f800 JavaThread "Daemon health stats" [_thread_blocked, id=13256, stack(0x000000a104300000,0x000000a104400000)]
  0x000001c2df4a8000 JavaThread "Incoming local TCP Connector on port 51883" [_thread_in_native, id=14856, stack(0x000000a104600000,0x000000a104700000)]
  0x000001c2df842800 JavaThread "Daemon periodic checks" [_thread_blocked, id=13300, stack(0x000000a104700000,0x000000a104800000)]
  0x000001c2df44e800 JavaThread "Daemon" [_thread_blocked, id=5380, stack(0x000000a104800000,0x000000a104900000)]
  0x000001c2dffac000 JavaThread "Handler for socket connection from /127.0.0.1:51883 to /127.0.0.1:51884" [_thread_in_native, id=12372, stack(0x000000a104900000,0x000000a104a00000)]
  0x000001c2df5ea000 JavaThread "Cancel handler" [_thread_blocked, id=14384, stack(0x000000a104a00000,0x000000a104b00000)]
  0x000001c2de8ae800 JavaThread "Daemon worker" [_thread_in_native, id=15252, stack(0x000000a104b00000,0x000000a104c00000)]
  0x000001c2de5ae800 JavaThread "Asynchronous log dispatcher for DefaultDaemonConnection: socket connection from /127.0.0.1:51883 to /127.0.0.1:51884" [_thread_blocked, id=13780, stack(0x000000a104c00000,0x000000a104d00000)]
  0x000001c2ded1e800 JavaThread "Stdin handler" [_thread_blocked, id=12464, stack(0x000000a104d00000,0x000000a104e00000)]
  0x000001c2dfddc800 JavaThread "Daemon client event forwarder" [_thread_blocked, id=15036, stack(0x000000a104e00000,0x000000a104f00000)]
  0x000001c2dfddb000 JavaThread "Cache worker for file hash cache (C:\Users\Lenovo\.gradle\caches\7.0.2\fileHashes)" [_thread_blocked, id=12668, stack(0x000000a104f00000,0x000000a105000000)]
  0x000001c2dfdd7800 JavaThread "File lock request listener" [_thread_in_native, id=7924, stack(0x000000a105000000,0x000000a105100000)]
  0x000001c2dfdde000 JavaThread "Cache worker for journal cache (C:\Users\Lenovo\.gradle\caches\journal-1)" [_thread_blocked, id=4936, stack(0x000000a105100000,0x000000a105200000)]
  0x000001c2dfddb800 JavaThread "Cache worker for file hash cache (C:\Users\Lenovo\AndroidStudioProjects\Movieapp2\.gradle\7.0.2\fileHashes)" [_thread_blocked, id=12748, stack(0x000000a105200000,0x000000a105300000)]
  0x000001c2dfddd800 JavaThread "File watcher server" daemon [_thread_in_native, id=2700, stack(0x000000a105300000,0x000000a105400000)]
  0x000001c2dfdd8800 JavaThread "File watcher consumer" daemon [_thread_blocked, id=7484, stack(0x000000a105400000,0x000000a105500000)]
  0x000001c2dfdd9000 JavaThread "Cache worker for checksums cache (C:\Users\Lenovo\AndroidStudioProjects\Movieapp2\.gradle\checksums)" [_thread_blocked, id=1852, stack(0x000000a105500000,0x000000a105600000)]
  0x000001c2dfdda000 JavaThread "Cache worker for cache directory md-supplier (C:\Users\Lenovo\.gradle\caches\7.0.2\md-supplier)" [_thread_blocked, id=12396, stack(0x000000a105600000,0x000000a105700000)]
  0x000001c2e2028000 JavaThread "Cache worker for cache directory md-rule (C:\Users\Lenovo\.gradle\caches\7.0.2\md-rule)" [_thread_blocked, id=14236, stack(0x000000a105700000,0x000000a105800000)]
  0x000001c2e2029000 JavaThread "Cache worker for execution history cache (C:\Users\Lenovo\.gradle\caches\7.0.2\executionHistory)" [_thread_blocked, id=14980, stack(0x000000a105800000,0x000000a105900000)]
  0x000001c2e2025800 JavaThread "jar transforms" [_thread_blocked, id=2560, stack(0x000000a105900000,0x000000a105a00000)]
  0x000001c2e202a000 JavaThread "jar transforms Thread 2" [_thread_blocked, id=15352, stack(0x000000a105a00000,0x000000a105b00000)]
  0x000001c2e2024000 JavaThread "Cache worker for file content cache (C:\Users\Lenovo\.gradle\caches\7.0.2\fileContent)" [_thread_blocked, id=2820, stack(0x000000a105b00000,0x000000a105c00000)]
  0x000001c2e202b800 JavaThread "Cache worker for dependencies-accessors (C:\Users\Lenovo\AndroidStudioProjects\Movieapp2\.gradle\7.0.2\dependencies-accessors)" [_thread_blocked, id=6856, stack(0x000000a105c00000,0x000000a105d00000)]
  0x000001c2e202c800 JavaThread "jar transforms Thread 3" [_thread_blocked, id=14416, stack(0x000000a105d00000,0x000000a105e00000)]
  0x000001c2e2026800 JavaThread "Cache worker for Build Output Cleanup Cache (C:\Users\Lenovo\AndroidStudioProjects\Movieapp2\.gradle\buildOutputCleanup)" [_thread_blocked, id=12456, stack(0x000000a105e00000,0x000000a105f00000)]
  0x000001c2e2030800 JavaThread "Build operations" [_thread_blocked, id=14420, stack(0x000000a105f00000,0x000000a106000000)]
  0x000001c2e202d000 JavaThread "Build operations Thread 2" [_thread_blocked, id=13296, stack(0x000000a106000000,0x000000a106100000)]
  0x000001c2e202e800 JavaThread "Build operations Thread 3" [_thread_blocked, id=5656, stack(0x000000a106100000,0x000000a106200000)]
  0x000001c2e202e000 JavaThread "Build operations Thread 4" [_thread_blocked, id=9812, stack(0x000000a106200000,0x000000a106300000)]
  0x000001c2e202f800 JavaThread "jar transforms Thread 4" [_thread_blocked, id=9872, stack(0x000000a106300000,0x000000a106400000)]

Other Threads:
  0x000001c2dd31f800 VMThread "VM Thread" [stack: 0x000000a103700000,0x000000a103800000] [id=13012]
  0x000001c2dde31800 WatcherThread [stack: 0x000000a104100000,0x000000a104200000] [id=8504]
  0x000001c2c37a4800 GCTaskThread "GC Thread#0" [stack: 0x000000a103200000,0x000000a103300000] [id=7988]
  0x000001c2de023800 GCTaskThread "GC Thread#1" [stack: 0x000000a104200000,0x000000a104300000] [id=4008]
  0x000001c2dee92800 GCTaskThread "GC Thread#2" [stack: 0x000000a104400000,0x000000a104500000] [id=14632]
  0x000001c2df61d000 GCTaskThread "GC Thread#3" [stack: 0x000000a104500000,0x000000a104600000] [id=14020]
  0x000001c2c37d6800 ConcurrentGCThread "G1 Main Marker" [stack: 0x000000a103300000,0x000000a103400000] [id=8656]
  0x000001c2c37d8000 ConcurrentGCThread "G1 Conc#0" [stack: 0x000000a103400000,0x000000a103500000] [id=2836]
  0x000001c2c3830000 ConcurrentGCThread "G1 Refine#0" [stack: 0x000000a103500000,0x000000a103600000] [id=12980]
  0x000001c2c3831000 ConcurrentGCThread "G1 Young RemSet Sampling" [stack: 0x000000a103600000,0x000000a103700000] [id=8820]

Threads with active compile tasks:
C2 CompilerThread0   9076 5289       4       org.objectweb.asm.Frame::execute (2318 bytes)

VM state:not at safepoint (normal execution)

VM Mutex/Monitor currently owned by a thread: None

Heap address: 0x0000000080000000, size: 2048 MB, Compressed Oops mode: 32-bit
Narrow klass base: 0x0000000000000000, Narrow klass shift: 3
Compressed class space size: 1073741824 Address: 0x0000000100000000

Heap:
 garbage-first heap   total 110592K, used 62033K [0x0000000080000000, 0x0000000100000000)
  region size 1024K, 23 young (23552K), 7 survivors (7168K)
 Metaspace       used 52054K, capacity 53345K, committed 53452K, reserved 1095680K
  class space    used 6617K, capacity 7070K, committed 7116K, reserved 1048576K
Heap Regions: E=young(eden), S=young(survivor), O=old, HS=humongous(starts), HC=humongous(continues), CS=collection set, F=free, A=archive, TAMS=top-at-mark-start (previous, next)
|   0|0x0000000080000000, 0x0000000080100000, 0x0000000080100000|100%| O|  |TAMS 0x0000000080100000, 0x0000000080000000| Untracked 
|   1|0x0000000080100000, 0x0000000080200000, 0x0000000080200000|100%| O|  |TAMS 0x0000000080200000, 0x0000000080100000| Untracked 
|   2|0x0000000080200000, 0x0000000080300000, 0x0000000080300000|100%| O|  |TAMS 0x0000000080300000, 0x0000000080200000| Untracked 
|   3|0x0000000080300000, 0x0000000080400000, 0x0000000080400000|100%|HS|  |TAMS 0x0000000080400000, 0x0000000080300000| Complete 
|   4|0x0000000080400000, 0x0000000080500000, 0x0000000080500000|100%|HC|  |TAMS 0x0000000080500000, 0x0000000080400000| Complete 
|   5|0x0000000080500000, 0x0000000080600000, 0x0000000080600000|100%|HC|  |TAMS 0x0000000080600000, 0x0000000080500000| Complete 
|   6|0x0000000080600000, 0x0000000080700000, 0x0000000080700000|100%| O|  |TAMS 0x0000000080700000, 0x0000000080600000| Untracked 
|   7|0x0000000080700000, 0x0000000080800000, 0x0000000080800000|100%| O|  |TAMS 0x0000000080800000, 0x0000000080700000| Untracked 
|   8|0x0000000080800000, 0x0000000080900000, 0x0000000080900000|100%| O|  |TAMS 0x0000000080900000, 0x0000000080800000| Untracked 
|   9|0x0000000080900000, 0x0000000080a00000, 0x0000000080a00000|100%| O|  |TAMS 0x0000000080a00000, 0x0000000080900000| Untracked 
|  10|0x0000000080a00000, 0x0000000080b00000, 0x0000000080b00000|100%| O|  |TAMS 0x0000000080b00000, 0x0000000080a00000| Untracked 
|  11|0x0000000080b00000, 0x0000000080c00000, 0x0000000080c00000|100%| O|  |TAMS 0x0000000080c00000, 0x0000000080b00000| Untracked 
|  12|0x0000000080c00000, 0x0000000080d00000, 0x0000000080d00000|100%| O|  |TAMS 0x0000000080d00000, 0x0000000080c00000| Untracked 
|  13|0x0000000080d00000, 0x0000000080e00000, 0x0000000080e00000|100%| O|  |TAMS 0x0000000080e00000, 0x0000000080d00000| Untracked 
|  14|0x0000000080e00000, 0x0000000080f00000, 0x0000000080f00000|100%| O|  |TAMS 0x0000000080f00000, 0x0000000080e00000| Untracked 
|  15|0x0000000080f00000, 0x0000000081000000, 0x0000000081000000|100%| O|  |TAMS 0x0000000081000000, 0x0000000080f00000| Untracked 
|  16|0x0000000081000000, 0x0000000081100000, 0x0000000081100000|100%| O|  |TAMS 0x00000000810ee000, 0x0000000081000000| Untracked 
|  17|0x0000000081100000, 0x0000000081200000, 0x0000000081200000|100%| O|  |TAMS 0x0000000081100000, 0x0000000081100000| Untracked 
|  18|0x0000000081200000, 0x0000000081300000, 0x0000000081300000|100%| O|  |TAMS 0x0000000081200000, 0x0000000081200000| Untracked 
|  19|0x0000000081300000, 0x0000000081400000, 0x0000000081400000|100%| O|  |TAMS 0x0000000081300000, 0x0000000081300000| Untracked 
|  20|0x0000000081400000, 0x0000000081500000, 0x0000000081500000|100%| O|  |TAMS 0x0000000081400000, 0x0000000081400000| Untracked 
|  21|0x0000000081500000, 0x0000000081600000, 0x0000000081600000|100%| O|  |TAMS 0x0000000081500000, 0x0000000081500000| Untracked 
|  22|0x0000000081600000, 0x0000000081700000, 0x0000000081700000|100%| O|  |TAMS 0x0000000081600000, 0x0000000081600000| Untracked 
|  23|0x0000000081700000, 0x0000000081800000, 0x0000000081800000|100%| O|  |TAMS 0x0000000081700000, 0x0000000081700000| Untracked 
|  24|0x0000000081800000, 0x0000000081900000, 0x0000000081900000|100%| O|  |TAMS 0x0000000081800000, 0x0000000081800000| Untracked 
|  25|0x0000000081900000, 0x0000000081a00000, 0x0000000081a00000|100%| O|  |TAMS 0x0000000081900000, 0x0000000081900000| Untracked 
|  26|0x0000000081a00000, 0x0000000081b00000, 0x0000000081b00000|100%| O|  |TAMS 0x0000000081a00000, 0x0000000081a00000| Untracked 
|  27|0x0000000081b00000, 0x0000000081c00000, 0x0000000081c00000|100%|HS|  |TAMS 0x0000000081b00000, 0x0000000081b00000| Complete 
|  28|0x0000000081c00000, 0x0000000081d00000, 0x0000000081d00000|100%|HS|  |TAMS 0x0000000081c00000, 0x0000000081c00000| Complete 
|  29|0x0000000081d00000, 0x0000000081e00000, 0x0000000081e00000|100%|HS|  |TAMS 0x0000000081d00000, 0x0000000081d00000| Complete 
|  30|0x0000000081e00000, 0x0000000081f00000, 0x0000000081f00000|100%|HS|  |TAMS 0x0000000081e00000, 0x0000000081e00000| Complete 
|  31|0x0000000081f00000, 0x0000000082000000, 0x0000000082000000|100%|HC|  |TAMS 0x0000000081f00000, 0x0000000081f00000| Complete 
|  32|0x0000000082000000, 0x0000000082100000, 0x0000000082100000|100%|HC|  |TAMS 0x0000000082000000, 0x0000000082000000| Complete 
|  33|0x0000000082100000, 0x0000000082200000, 0x0000000082200000|100%|HS|  |TAMS 0x0000000082100000, 0x0000000082100000| Complete 
|  34|0x0000000082200000, 0x0000000082300000, 0x0000000082300000|100%|HC|  |TAMS 0x0000000082200000, 0x0000000082200000| Complete 
|  35|0x0000000082300000, 0x0000000082400000, 0x0000000082400000|100%| O|  |TAMS 0x0000000082300000, 0x0000000082300000| Untracked 
|  36|0x0000000082400000, 0x0000000082500000, 0x0000000082500000|100%| O|  |TAMS 0x0000000082400000, 0x0000000082400000| Untracked 
|  37|0x0000000082500000, 0x0000000082600000, 0x0000000082600000|100%| O|  |TAMS 0x0000000082500000, 0x0000000082500000| Untracked 
|  38|0x0000000082600000, 0x0000000082694600, 0x0000000082700000| 57%| O|  |TAMS 0x0000000082600000, 0x0000000082600000| Untracked 
|  39|0x0000000082700000, 0x0000000082700000, 0x0000000082800000|  0%| F|  |TAMS 0x0000000082700000, 0x0000000082700000| Untracked 
|  40|0x0000000082800000, 0x0000000082800000, 0x0000000082900000|  0%| F|  |TAMS 0x0000000082800000, 0x0000000082800000| Untracked 
|  41|0x0000000082900000, 0x0000000082900000, 0x0000000082a00000|  0%| F|  |TAMS 0x0000000082900000, 0x0000000082900000| Untracked 
|  42|0x0000000082a00000, 0x0000000082a00000, 0x0000000082b00000|  0%| F|  |TAMS 0x0000000082a00000, 0x0000000082a00000| Untracked 
|  43|0x0000000082b00000, 0x0000000082b00000, 0x0000000082c00000|  0%| F|  |TAMS 0x0000000082b00000, 0x0000000082b00000| Untracked 
|  44|0x0000000082c00000, 0x0000000082c00000, 0x0000000082d00000|  0%| F|  |TAMS 0x0000000082c00000, 0x0000000082c00000| Untracked 
|  45|0x0000000082d00000, 0x0000000082d00000, 0x0000000082e00000|  0%| F|  |TAMS 0x0000000082d00000, 0x0000000082d00000| Untracked 
|  46|0x0000000082e00000, 0x0000000082e00000, 0x0000000082f00000|  0%| F|  |TAMS 0x0000000082e00000, 0x0000000082e00000| Untracked 
|  47|0x0000000082f00000, 0x0000000082f00000, 0x0000000083000000|  0%| F|  |TAMS 0x0000000082f00000, 0x0000000082f00000| Untracked 
|  48|0x0000000083000000, 0x0000000083000000, 0x0000000083100000|  0%| F|  |TAMS 0x0000000083000000, 0x0000000083000000| Untracked 
|  49|0x0000000083100000, 0x0000000083100000, 0x0000000083200000|  0%| F|  |TAMS 0x0000000083100000, 0x0000000083100000| Untracked 
|  50|0x0000000083200000, 0x0000000083200000, 0x0000000083300000|  0%| F|  |TAMS 0x0000000083200000, 0x0000000083200000| Untracked 
|  51|0x0000000083300000, 0x0000000083300000, 0x0000000083400000|  0%| F|  |TAMS 0x0000000083300000, 0x0000000083300000| Untracked 
|  52|0x0000000083400000, 0x0000000083400000, 0x0000000083500000|  0%| F|  |TAMS 0x0000000083400000, 0x0000000083400000| Untracked 
|  53|0x0000000083500000, 0x0000000083500000, 0x0000000083600000|  0%| F|  |TAMS 0x0000000083500000, 0x0000000083500000| Untracked 
|  54|0x0000000083600000, 0x0000000083700000, 0x0000000083700000|100%| S|CS|TAMS 0x0000000083600000, 0x0000000083600000| Complete 
|  55|0x0000000083700000, 0x0000000083800000, 0x0000000083800000|100%| S|CS|TAMS 0x0000000083700000, 0x0000000083700000| Complete 
|  56|0x0000000083800000, 0x0000000083900000, 0x0000000083900000|100%| S|CS|TAMS 0x0000000083800000, 0x0000000083800000| Complete 
|  57|0x0000000083900000, 0x0000000083a00000, 0x0000000083a00000|100%| S|CS|TAMS 0x0000000083900000, 0x0000000083900000| Complete 
|  58|0x0000000083a00000, 0x0000000083b00000, 0x0000000083b00000|100%| S|CS|TAMS 0x0000000083a00000, 0x0000000083a00000| Complete 
|  59|0x0000000083b00000, 0x0000000083c00000, 0x0000000083c00000|100%| S|CS|TAMS 0x0000000083b00000, 0x0000000083b00000| Complete 
|  60|0x0000000083c00000, 0x0000000083d00000, 0x0000000083d00000|100%| S|CS|TAMS 0x0000000083c00000, 0x0000000083c00000| Complete 
|  61|0x0000000083d00000, 0x0000000083d00000, 0x0000000083e00000|  0%| F|  |TAMS 0x0000000083d00000, 0x0000000083d00000| Untracked 
|  62|0x0000000083e00000, 0x0000000083e00000, 0x0000000083f00000|  0%| F|  |TAMS 0x0000000083e00000, 0x0000000083e00000| Untracked 
|  63|0x0000000083f00000, 0x0000000083f00000, 0x0000000084000000|  0%| F|  |TAMS 0x0000000083f00000, 0x0000000083f00000| Untracked 
|  64|0x0000000084000000, 0x0000000084000000, 0x0000000084100000|  0%| F|  |TAMS 0x0000000084000000, 0x0000000084000000| Untracked 
|  65|0x0000000084100000, 0x0000000084100000, 0x0000000084200000|  0%| F|  |TAMS 0x0000000084100000, 0x0000000084100000| Untracked 
|  66|0x0000000084200000, 0x0000000084200000, 0x0000000084300000|  0%| F|  |TAMS 0x0000000084200000, 0x0000000084200000| Untracked 
|  67|0x0000000084300000, 0x0000000084300000, 0x0000000084400000|  0%| F|  |TAMS 0x0000000084300000, 0x0000000084300000| Untracked 
|  68|0x0000000084400000, 0x0000000084400000, 0x0000000084500000|  0%| F|  |TAMS 0x0000000084400000, 0x0000000084400000| Untracked 
|  69|0x0000000084500000, 0x0000000084500000, 0x0000000084600000|  0%| F|  |TAMS 0x0000000084500000, 0x0000000084500000| Untracked 
|  70|0x0000000084600000, 0x0000000084600000, 0x0000000084700000|  0%| F|  |TAMS 0x0000000084600000, 0x0000000084600000| Untracked 
|  71|0x0000000084700000, 0x0000000084700000, 0x0000000084800000|  0%| F|  |TAMS 0x0000000084700000, 0x0000000084700000| Untracked 
|  72|0x0000000084800000, 0x0000000084800000, 0x0000000084900000|  0%| F|  |TAMS 0x0000000084800000, 0x0000000084800000| Untracked 
|  73|0x0000000084900000, 0x0000000084900000, 0x0000000084a00000|  0%| F|  |TAMS 0x0000000084900000, 0x0000000084900000| Untracked 
|  74|0x0000000084a00000, 0x0000000084a00000, 0x0000000084b00000|  0%| F|  |TAMS 0x0000000084a00000, 0x0000000084a00000| Untracked 
|  75|0x0000000084b00000, 0x0000000084b00000, 0x0000000084c00000|  0%| F|  |TAMS 0x0000000084b00000, 0x0000000084b00000| Untracked 
|  76|0x0000000084c00000, 0x0000000084c00000, 0x0000000084d00000|  0%| F|  |TAMS 0x0000000084c00000, 0x0000000084c00000| Untracked 
|  77|0x0000000084d00000, 0x0000000084d00000, 0x0000000084e00000|  0%| F|  |TAMS 0x0000000084d00000, 0x0000000084d00000| Untracked 
|  78|0x0000000084e00000, 0x0000000084e00000, 0x0000000084f00000|  0%| F|  |TAMS 0x0000000084e00000, 0x0000000084e00000| Untracked 
|  79|0x0000000084f00000, 0x0000000084f00000, 0x0000000085000000|  0%| F|  |TAMS 0x0000000084f00000, 0x0000000084f00000| Untracked 
|  80|0x0000000085000000, 0x0000000085000000, 0x0000000085100000|  0%| F|  |TAMS 0x0000000085000000, 0x0000000085000000| Untracked 
|  81|0x0000000085100000, 0x0000000085100000, 0x0000000085200000|  0%| F|  |TAMS 0x0000000085100000, 0x0000000085100000| Untracked 
|  82|0x0000000085200000, 0x0000000085200000, 0x0000000085300000|  0%| F|  |TAMS 0x0000000085200000, 0x0000000085200000| Untracked 
|  83|0x0000000085300000, 0x0000000085300000, 0x0000000085400000|  0%| F|  |TAMS 0x0000000085300000, 0x0000000085300000| Untracked 
|  84|0x0000000085400000, 0x0000000085400000, 0x0000000085500000|  0%| F|  |TAMS 0x0000000085400000, 0x0000000085400000| Untracked 
|  85|0x0000000085500000, 0x0000000085500000, 0x0000000085600000|  0%| F|  |TAMS 0x0000000085500000, 0x0000000085500000| Untracked 
|  86|0x0000000085600000, 0x0000000085600000, 0x0000000085700000|  0%| F|  |TAMS 0x0000000085600000, 0x0000000085600000| Untracked 
|  87|0x0000000085700000, 0x0000000085700000, 0x0000000085800000|  0%| F|  |TAMS 0x0000000085700000, 0x0000000085700000| Untracked 
|  88|0x0000000085800000, 0x0000000085800000, 0x0000000085900000|  0%| F|  |TAMS 0x0000000085800000, 0x0000000085800000| Untracked 
|  89|0x0000000085900000, 0x0000000085900000, 0x0000000085a00000|  0%| F|  |TAMS 0x0000000085900000, 0x0000000085900000| Untracked 
|  90|0x0000000085a00000, 0x0000000085a00000, 0x0000000085b00000|  0%| F|  |TAMS 0x0000000085a00000, 0x0000000085a00000| Untracked 
|  91|0x0000000085b00000, 0x0000000085b00000, 0x0000000085c00000|  0%| F|  |TAMS 0x0000000085b00000, 0x0000000085b00000| Untracked 
|  92|0x0000000085c00000, 0x0000000085d00000, 0x0000000085d00000|100%| E|  |TAMS 0x0000000085c00000, 0x0000000085c00000| Complete 
|  93|0x0000000085d00000, 0x0000000085e00000, 0x0000000085e00000|100%| E|CS|TAMS 0x0000000085d00000, 0x0000000085d00000| Complete 
|  94|0x0000000085e00000, 0x0000000085f00000, 0x0000000085f00000|100%| E|CS|TAMS 0x0000000085e00000, 0x0000000085e00000| Complete 
|  95|0x0000000085f00000, 0x0000000086000000, 0x0000000086000000|100%| E|CS|TAMS 0x0000000085f00000, 0x0000000085f00000| Complete 
|  96|0x0000000086000000, 0x0000000086100000, 0x0000000086100000|100%| E|CS|TAMS 0x0000000086000000, 0x0000000086000000| Complete 
|  97|0x0000000086100000, 0x0000000086200000, 0x0000000086200000|100%| E|CS|TAMS 0x0000000086100000, 0x0000000086100000| Complete 
|  98|0x0000000086200000, 0x0000000086300000, 0x0000000086300000|100%| E|CS|TAMS 0x0000000086200000, 0x0000000086200000| Complete 
|  99|0x0000000086300000, 0x0000000086400000, 0x0000000086400000|100%| E|CS|TAMS 0x0000000086300000, 0x0000000086300000| Complete 
| 100|0x0000000086400000, 0x0000000086500000, 0x0000000086500000|100%| E|CS|TAMS 0x0000000086400000, 0x0000000086400000| Complete 
| 101|0x0000000086500000, 0x0000000086600000, 0x0000000086600000|100%| E|CS|TAMS 0x0000000086500000, 0x0000000086500000| Complete 
| 102|0x0000000086600000, 0x0000000086700000, 0x0000000086700000|100%| E|CS|TAMS 0x0000000086600000, 0x0000000086600000| Complete 
| 103|0x0000000086700000, 0x0000000086800000, 0x0000000086800000|100%| E|CS|TAMS 0x0000000086700000, 0x0000000086700000| Complete 
| 104|0x0000000086800000, 0x0000000086900000, 0x0000000086900000|100%| E|CS|TAMS 0x0000000086800000, 0x0000000086800000| Complete 
| 105|0x0000000086900000, 0x0000000086a00000, 0x0000000086a00000|100%| E|CS|TAMS 0x0000000086900000, 0x0000000086900000| Complete 
| 106|0x0000000086a00000, 0x0000000086b00000, 0x0000000086b00000|100%| E|CS|TAMS 0x0000000086a00000, 0x0000000086a00000| Complete 
| 107|0x0000000086b00000, 0x0000000086c00000, 0x0000000086c00000|100%| E|CS|TAMS 0x0000000086b00000, 0x0000000086b00000| Complete 

Card table byte_map: [0x000001c2d6680000,0x000001c2d6a80000] _byte_map_base: 0x000001c2d6280000

Marking Bits (Prev, Next): (CMBitMap*) 0x000001c2c37cde48, (CMBitMap*) 0x000001c2c37cde80
 Prev Bits: [0x000001c2d6e80000, 0x000001c2d8e80000)
 Next Bits: [0x000001c2d8e80000, 0x000001c2dae80000)

Polling page: 0x000001c2c1750000

Metaspace:

Usage:
  Non-class:     45.19 MB capacity,    44.38 MB ( 98%) used,   690.36 KB (  1%) free+waste,   135.75 KB ( <1%) overhead. 
      Class:      6.94 MB capacity,     6.47 MB ( 93%) used,   416.69 KB (  6%) free+waste,    64.69 KB ( <1%) overhead. 
       Both:     52.13 MB capacity,    50.85 MB ( 98%) used,     1.08 MB (  2%) free+waste,   200.44 KB ( <1%) overhead. 

Virtual space:
  Non-class space:       46.00 MB reserved,      45.25 MB ( 98%) committed 
      Class space:        1.00 GB reserved,       6.95 MB ( <1%) committed 
             Both:        1.04 GB reserved,      52.20 MB (  5%) committed 

Chunk freelists:
   Non-Class:  61.00 KB
       Class:  2.00 KB
        Both:  63.00 KB

MaxMetaspaceSize: 17179869184.00 GB
CompressedClassSpaceSize: 1.00 GB

CodeHeap 'non-profiled nmethods': size=120064Kb used=2183Kb max_used=2183Kb free=117880Kb
 bounds [0x000001c2ced40000, 0x000001c2cefb0000, 0x000001c2d6280000]
CodeHeap 'profiled nmethods': size=120000Kb used=10326Kb max_used=10326Kb free=109673Kb
 bounds [0x000001c2c7810000, 0x000001c2c8230000, 0x000001c2ced40000]
CodeHeap 'non-nmethods': size=5696Kb used=2227Kb max_used=2256Kb free=3468Kb
 bounds [0x000001c2c7280000, 0x000001c2c74f0000, 0x000001c2c7810000]
 total_blobs=6097 nmethods=5294 adapters=714
 compilation: enabled
              stopped_count=0, restarted_count=0
 full_count=0

Compilation events (20 events):
Event: 8.947 Thread 0x000001c2dd392800 nmethod 5341 0x000001c2c8203a10 code [0x000001c2c8203c60, 0x000001c2c8204488]
Event: 8.947 Thread 0x000001c2dd392800 5342       3       sun.util.locale.StringTokenIterator::setStart (62 bytes)
Event: 8.947 Thread 0x000001c2dd392800 nmethod 5342 0x000001c2c8204790 code [0x000001c2c8204980, 0x000001c2c8204d88]
Event: 8.947 Thread 0x000001c2dd392800 5343       3       sun.util.locale.LanguageTag::parseLanguage (55 bytes)
Event: 8.948 Thread 0x000001c2dd392800 nmethod 5343 0x000001c2c8204f90 code [0x000001c2c82051a0, 0x000001c2c82057d8]
Event: 8.948 Thread 0x000001c2dd392800 5344       3       sun.util.locale.LanguageTag::parseExtlangs (114 bytes)
Event: 8.949 Thread 0x000001c2dd392800 nmethod 5344 0x000001c2c8205a10 code [0x000001c2c8205c80, 0x000001c2c82066f8]
Event: 8.949 Thread 0x000001c2dd392800 5346       3       sun.util.locale.LanguageTag::parseRegion (55 bytes)
Event: 8.949 Thread 0x000001c2dd392800 nmethod 5346 0x000001c2c8206a10 code [0x000001c2c8206c00, 0x000001c2c8206fd8]
Event: 8.949 Thread 0x000001c2dd392800 5348       3       sun.util.locale.LanguageTag::parseExtensions (208 bytes)
Event: 8.952 Thread 0x000001c2dd392800 nmethod 5348 0x000001c2c8207110 code [0x000001c2c8207580, 0x000001c2c8209378]
Event: 8.952 Thread 0x000001c2dd392800 5349       3       sun.util.locale.LanguageTag::parsePrivateuse (144 bytes)
Event: 8.954 Thread 0x000001c2dd392800 nmethod 5349 0x000001c2c8209e10 code [0x000001c2c820a160, 0x000001c2c820b498]
Event: 8.954 Thread 0x000001c2dd392800 5350       3       sun.util.locale.InternalLocaleBuilder::setLanguageTag (172 bytes)
Event: 8.957 Thread 0x000001c2dd392800 nmethod 5350 0x000001c2c820bb90 code [0x000001c2c820c180, 0x000001c2c820fae8]
Event: 8.957 Thread 0x000001c2dd392800 5351       3       sun.util.locale.InternalLocaleBuilder::clear (31 bytes)
Event: 8.957 Thread 0x000001c2dd392800 nmethod 5351 0x000001c2c8210990 code [0x000001c2c8210b60, 0x000001c2c8210e68]
Event: 8.957 Thread 0x000001c2dd392800 5352       3       sun.util.locale.LanguageTag::getExtlangs (24 bytes)
Event: 8.958 Thread 0x000001c2dd392800 nmethod 5352 0x000001c2c8210f10 code [0x000001c2c8211180, 0x000001c2c8211c88]
Event: 8.958 Thread 0x000001c2dd392800 5353       3       sun.util.locale.InternalLocaleBuilder::setExtensions (206 bytes)

GC Heap History (20 events):
Event: 3.207 GC heap before
{Heap before GC invocations=5 (full 0):
 garbage-first heap   total 76800K, used 30653K [0x0000000080000000, 0x0000000100000000)
  region size 1024K, 17 young (17408K), 2 survivors (2048K)
 Metaspace       used 20533K, capacity 21092K, committed 21248K, reserved 1067008K
  class space    used 2507K, capacity 2690K, committed 2816K, reserved 1048576K
}
Event: 3.212 GC heap after
{Heap after GC invocations=6 (full 0):
 garbage-first heap   total 76800K, used 16846K [0x0000000080000000, 0x0000000100000000)
  region size 1024K, 2 young (2048K), 2 survivors (2048K)
 Metaspace       used 20533K, capacity 21092K, committed 21248K, reserved 1067008K
  class space    used 2507K, capacity 2690K, committed 2816K, reserved 1048576K
}
Event: 3.719 GC heap before
{Heap before GC invocations=7 (full 0):
 garbage-first heap   total 76800K, used 46542K [0x0000000080000000, 0x0000000100000000)
  region size 1024K, 31 young (31744K), 2 survivors (2048K)
 Metaspace       used 23437K, capacity 24119K, committed 24192K, reserved 1071104K
  class space    used 2989K, capacity 3192K, committed 3200K, reserved 1048576K
}
Event: 3.725 GC heap after
{Heap after GC invocations=8 (full 0):
 garbage-first heap   total 76800K, used 17536K [0x0000000080000000, 0x0000000100000000)
  region size 1024K, 3 young (3072K), 3 survivors (3072K)
 Metaspace       used 23437K, capacity 24119K, committed 24192K, reserved 1071104K
  class space    used 2989K, capacity 3192K, committed 3200K, reserved 1048576K
}
Event: 4.136 GC heap before
{Heap before GC invocations=8 (full 0):
 garbage-first heap   total 76800K, used 48256K [0x0000000080000000, 0x0000000100000000)
  region size 1024K, 34 young (34816K), 3 survivors (3072K)
 Metaspace       used 26437K, capacity 27200K, committed 27392K, reserved 1073152K
  class space    used 3484K, capacity 3755K, committed 3840K, reserved 1048576K
}
Event: 4.142 GC heap after
{Heap after GC invocations=9 (full 0):
 garbage-first heap   total 76800K, used 18800K [0x0000000080000000, 0x0000000100000000)
  region size 1024K, 3 young (3072K), 3 survivors (3072K)
 Metaspace       used 26437K, capacity 27200K, committed 27392K, reserved 1073152K
  class space    used 3484K, capacity 3755K, committed 3840K, reserved 1048576K
}
Event: 4.708 GC heap before
{Heap before GC invocations=9 (full 0):
 garbage-first heap   total 76800K, used 51568K [0x0000000080000000, 0x0000000100000000)
  region size 1024K, 35 young (35840K), 3 survivors (3072K)
 Metaspace       used 29964K, capacity 30679K, committed 30976K, reserved 1075200K
  class space    used 4019K, capacity 4274K, committed 4352K, reserved 1048576K
}
Event: 4.714 GC heap after
{Heap after GC invocations=10 (full 0):
 garbage-first heap   total 76800K, used 19554K [0x0000000080000000, 0x0000000100000000)
  region size 1024K, 4 young (4096K), 4 survivors (4096K)
 Metaspace       used 29964K, capacity 30679K, committed 30976K, reserved 1075200K
  class space    used 4019K, capacity 4274K, committed 4352K, reserved 1048576K
}
Event: 5.167 GC heap before
{Heap before GC invocations=10 (full 0):
 garbage-first heap   total 76800K, used 34914K [0x0000000080000000, 0x0000000100000000)
  region size 1024K, 21 young (21504K), 4 survivors (4096K)
 Metaspace       used 35008K, capacity 35826K, committed 35840K, reserved 1081344K
  class space    used 4538K, capacity 4864K, committed 4864K, reserved 1048576K
}
Event: 5.179 GC heap after
{Heap after GC invocations=11 (full 0):
 garbage-first heap   total 92160K, used 21888K [0x0000000080000000, 0x0000000100000000)
  region size 1024K, 5 young (5120K), 5 survivors (5120K)
 Metaspace       used 35008K, capacity 35826K, committed 35840K, reserved 1081344K
  class space    used 4538K, capacity 4864K, committed 4864K, reserved 1048576K
}
Event: 5.748 GC heap before
{Heap before GC invocations=12 (full 0):
 garbage-first heap   total 92160K, used 62848K [0x0000000080000000, 0x0000000100000000)
  region size 1024K, 42 young (43008K), 5 survivors (5120K)
 Metaspace       used 38008K, capacity 38895K, committed 38988K, reserved 1083392K
  class space    used 4841K, capacity 5177K, committed 5196K, reserved 1048576K
}
Event: 5.761 GC heap after
{Heap after GC invocations=13 (full 0):
 garbage-first heap   total 92160K, used 25579K [0x0000000080000000, 0x0000000100000000)
  region size 1024K, 6 young (6144K), 6 survivors (6144K)
 Metaspace       used 38008K, capacity 38895K, committed 38988K, reserved 1083392K
  class space    used 4841K, capacity 5177K, committed 5196K, reserved 1048576K
}
Event: 6.227 GC heap before
{Heap before GC invocations=13 (full 0):
 garbage-first heap   total 92160K, used 62443K [0x0000000080000000, 0x0000000100000000)
  region size 1024K, 42 young (43008K), 6 survivors (6144K)
 Metaspace       used 40589K, capacity 41516K, committed 41804K, reserved 1085440K
  class space    used 5235K, capacity 5598K, committed 5708K, reserved 1048576K
}
Event: 6.238 GC heap after
{Heap after GC invocations=14 (full 0):
 garbage-first heap   total 92160K, used 27276K [0x0000000080000000, 0x0000000100000000)
  region size 1024K, 3 young (3072K), 3 survivors (3072K)
 Metaspace       used 40589K, capacity 41516K, committed 41804K, reserved 1085440K
  class space    used 5235K, capacity 5598K, committed 5708K, reserved 1048576K
}
Event: 6.707 GC heap before
{Heap before GC invocations=14 (full 0):
 garbage-first heap   total 92160K, used 65164K [0x0000000080000000, 0x0000000100000000)
  region size 1024K, 40 young (40960K), 3 survivors (3072K)
 Metaspace       used 44140K, capacity 45169K, committed 45260K, reserved 1089536K
  class space    used 5658K, capacity 6006K, committed 6092K, reserved 1048576K
}
Event: 6.716 GC heap after
{Heap after GC invocations=15 (full 0):
 garbage-first heap   total 92160K, used 28234K [0x0000000080000000, 0x0000000100000000)
  region size 1024K, 4 young (4096K), 4 survivors (4096K)
 Metaspace       used 44140K, capacity 45169K, committed 45260K, reserved 1089536K
  class space    used 5658K, capacity 6006K, committed 6092K, reserved 1048576K
}
Event: 7.742 GC heap before
{Heap before GC invocations=15 (full 0):
 garbage-first heap   total 92160K, used 68170K [0x0000000080000000, 0x0000000100000000)
  region size 1024K, 43 young (44032K), 4 survivors (4096K)
 Metaspace       used 46743K, capacity 47958K, committed 48204K, reserved 1091584K
  class space    used 5977K, capacity 6421K, committed 6476K, reserved 1048576K
}
Event: 7.752 GC heap after
{Heap after GC invocations=16 (full 0):
 garbage-first heap   total 110592K, used 29955K [0x0000000080000000, 0x0000000100000000)
  region size 1024K, 4 young (4096K), 4 survivors (4096K)
 Metaspace       used 46743K, capacity 47958K, committed 48204K, reserved 1091584K
  class space    used 5977K, capacity 6421K, committed 6476K, reserved 1048576K
}
Event: 8.818 GC heap before
{Heap before GC invocations=16 (full 0):
 garbage-first heap   total 110592K, used 85251K [0x0000000080000000, 0x0000000100000000)
  region size 1024K, 51 young (52224K), 4 survivors (4096K)
 Metaspace       used 49985K, capacity 51261K, committed 51404K, reserved 1093632K
  class space    used 6356K, capacity 6802K, committed 6860K, reserved 1048576K
}
Event: 8.828 GC heap after
{Heap after GC invocations=17 (full 0):
 garbage-first heap   total 110592K, used 46673K [0x0000000080000000, 0x0000000100000000)
  region size 1024K, 7 young (7168K), 7 survivors (7168K)
 Metaspace       used 49985K, capacity 51261K, committed 51404K, reserved 1093632K
  class space    used 6356K, capacity 6802K, committed 6860K, reserved 1048576K
}

Deoptimization events (20 events):
Event: 8.554 Thread 0x000001c2de8ae800 Uncommon trap: trap_request=0xffffff4d fr.pc=0x000001c2ced8c2a0 relative=0x00000000000005c0
Event: 8.554 Thread 0x000001c2de8ae800 Uncommon trap: reason=unstable_if action=reinterpret pc=0x000001c2ced8c2a0 method=java.util.jar.Manifest$FastInputStream.readLine([BII)I @ 130 c2
Event: 8.554 Thread 0x000001c2de8ae800 DEOPT PACKING pc=0x000001c2ced8c2a0 sp=0x000000a104bf7e30
Event: 8.554 Thread 0x000001c2de8ae800 DEOPT UNPACKING pc=0x000001c2c72a78af sp=0x000000a104bf7dc0 mode 2
Event: 8.734 Thread 0x000001c2de8ae800 Uncommon trap: trap_request=0xffffff4d fr.pc=0x000001c2cef2e30c relative=0x00000000000006ac
Event: 8.734 Thread 0x000001c2de8ae800 Uncommon trap: reason=unstable_if action=reinterpret pc=0x000001c2cef2e30c method=java.io.BufferedInputStream.read1([BII)I @ 22 c2
Event: 8.734 Thread 0x000001c2de8ae800 DEOPT PACKING pc=0x000001c2cef2e30c sp=0x000000a104bf72f0
Event: 8.734 Thread 0x000001c2de8ae800 DEOPT UNPACKING pc=0x000001c2c72a78af sp=0x000000a104bf7218 mode 2
Event: 8.736 Thread 0x000001c2de8ae800 Uncommon trap: trap_request=0xffffff4d fr.pc=0x000001c2cedfcd74 relative=0x0000000000000054
Event: 8.736 Thread 0x000001c2de8ae800 Uncommon trap: reason=unstable_if action=reinterpret pc=0x000001c2cedfcd74 method=java.util.regex.Pattern.has(I)Z @ 6 c2
Event: 8.736 Thread 0x000001c2de8ae800 DEOPT PACKING pc=0x000001c2cedfcd74 sp=0x000000a104bf62d0
Event: 8.736 Thread 0x000001c2de8ae800 DEOPT UNPACKING pc=0x000001c2c72a78af sp=0x000000a104bf6260 mode 2
Event: 8.759 Thread 0x000001c2de8ae800 Uncommon trap: trap_request=0xffffff45 fr.pc=0x000001c2ceeb6fa0 relative=0x0000000000000d60
Event: 8.759 Thread 0x000001c2de8ae800 Uncommon trap: reason=unstable_fused_if action=reinterpret pc=0x000001c2ceeb6fa0 method=org.objectweb.asm.ByteVector.putUTF8(Ljava/lang/String;)Lorg/objectweb/asm/ByteVector; @ 93 c2
Event: 8.759 Thread 0x000001c2de8ae800 DEOPT PACKING pc=0x000001c2ceeb6fa0 sp=0x000000a104bf7d80
Event: 8.759 Thread 0x000001c2de8ae800 DEOPT UNPACKING pc=0x000001c2c72a78af sp=0x000000a104bf7cd8 mode 2
Event: 8.787 Thread 0x000001c2de8ae800 Uncommon trap: trap_request=0xffffff45 fr.pc=0x000001c2cee38a6c relative=0x000000000000020c
Event: 8.787 Thread 0x000001c2de8ae800 Uncommon trap: reason=unstable_fused_if action=reinterpret pc=0x000001c2cee38a6c method=org.objectweb.asm.ByteVector.putUTF8(Ljava/lang/String;)Lorg/objectweb/asm/ByteVector; @ 93 c2
Event: 8.787 Thread 0x000001c2de8ae800 DEOPT PACKING pc=0x000001c2cee38a6c sp=0x000000a104bf80b0
Event: 8.787 Thread 0x000001c2de8ae800 DEOPT UNPACKING pc=0x000001c2c72a78af sp=0x000000a104bf8030 mode 2

Classes redefined (0 events):
No events

Internal exceptions (20 events):
Event: 8.463 Thread 0x000001c2de8ae800 Exception <a 'java/lang/ClassNotFoundException'{0x00000000852db8b8}: org/gradle/api/tasks/DeleteCustomizer> (0x00000000852db8b8) thrown at [./src/hotspot/share/classfile/systemDictionary.cpp, line 231]
Event: 8.464 Thread 0x000001c2de8ae800 Exception <a 'java/lang/ClassNotFoundException'{0x000000008511afe0}: org/gradle/api/tasks/Delete_DecoratedCustomizer> (0x000000008511afe0) thrown at [./src/hotspot/share/classfile/systemDictionary.cpp, line 231]
Event: 8.489 Thread 0x000001c2de8ae800 Exception <a 'java/lang/NoSuchMethodError'{0x000000008502cde0}: 'long java.lang.invoke.DirectMethodHandle$Holder.invokeVirtual(java.lang.Object, java.lang.Object)'> (0x000000008502cde0) thrown at [./src/hotspot/share/interpreter/linkResolver.cpp, line 773]
Event: 8.492 Thread 0x000001c2dfddc800 Exception <a 'java/lang/NoSuchMethodError'{0x0000000085087fb8}: <clinit>> (0x0000000085087fb8) thrown at [./src/hotspot/share/prims/jni.cpp, line 1362]
Event: 8.495 Thread 0x000001c2dfddc800 Exception <a 'java/lang/NoSuchMethodError'{0x00000000850aaf60}: <clinit>> (0x00000000850aaf60) thrown at [./src/hotspot/share/prims/jni.cpp, line 1362]
Event: 8.495 Thread 0x000001c2dfddc800 Exception <a 'java/lang/NoSuchMethodError'{0x00000000850ac2b0}: <clinit>> (0x00000000850ac2b0) thrown at [./src/hotspot/share/prims/jni.cpp, line 1362]
Event: 8.496 Thread 0x000001c2dfddc800 Exception <a 'java/lang/NoSuchMethodError'{0x00000000850ad800}: <clinit>> (0x00000000850ad800) thrown at [./src/hotspot/share/prims/jni.cpp, line 1362]
Event: 8.496 Thread 0x000001c2dfddc800 Exception <a 'java/lang/NoSuchMethodError'{0x00000000850ae820}: <clinit>> (0x00000000850ae820) thrown at [./src/hotspot/share/prims/jni.cpp, line 1362]
Event: 8.497 Thread 0x000001c2dfddc800 Exception <a 'java/lang/NoSuchMethodError'{0x00000000850b9728}: <clinit>> (0x00000000850b9728) thrown at [./src/hotspot/share/prims/jni.cpp, line 1362]
Event: 8.498 Thread 0x000001c2dfddc800 Exception <a 'java/lang/NoSuchMethodError'{0x00000000850c49b8}: <clinit>> (0x00000000850c49b8) thrown at [./src/hotspot/share/prims/jni.cpp, line 1362]
Event: 8.502 Thread 0x000001c2dfddc800 Exception <a 'java/lang/NoSuchMethodError'{0x00000000850da350}: <clinit>> (0x00000000850da350) thrown at [./src/hotspot/share/prims/jni.cpp, line 1362]
Event: 8.518 Thread 0x000001c2de8ae800 Exception <a 'java/lang/ClassNotFoundException'{0x0000000084f6b348}: build_8wni92cc502is8hgizv9plqaoBeanInfo> (0x0000000084f6b348) thrown at [./src/hotspot/share/classfile/systemDictionary.cpp, line 231]
Event: 8.518 Thread 0x000001c2de8ae800 Exception <a 'java/lang/ClassNotFoundException'{0x0000000084f76270}: build_8wni92cc502is8hgizv9plqaoCustomizer> (0x0000000084f76270) thrown at [./src/hotspot/share/classfile/systemDictionary.cpp, line 231]
Event: 8.527 Thread 0x000001c2de8ae800 Exception <a 'java/lang/ClassNotFoundException'{0x0000000084ff6728}: org/gradle/plugin/use/internal/PluginRequestCollector$PluginDependenciesSpecImplBeanInfo> (0x0000000084ff6728) thrown at [./src/hotspot/share/classfile/systemDictionary.cpp, line 231]
Event: 8.530 Thread 0x000001c2de8ae800 Exception <a 'java/lang/ClassNotFoundException'{0x0000000084e24a88}: org/gradle/plugin/use/internal/PluginRequestCollector$PluginDependenciesSpecImplCustomizer> (0x0000000084e24a88) thrown at [./src/hotspot/share/classfile/systemDictionary.cpp, line 231]
Event: 8.585 Thread 0x000001c2de8ae800 Exception <a 'java/lang/ClassNotFoundException'{0x0000000084b98378}: org/gradle/api/internal/plugins/DefaultObjectConfigurationActionBeanInfo> (0x0000000084b98378) thrown at [./src/hotspot/share/classfile/systemDictionary.cpp, line 231]
Event: 8.586 Thread 0x000001c2de8ae800 Exception <a 'java/lang/ClassNotFoundException'{0x0000000084bcca80}: org/gradle/api/internal/plugins/DefaultObjectConfigurationActionCustomizer> (0x0000000084bcca80) thrown at [./src/hotspot/share/classfile/systemDictionary.cpp, line 231]
Event: 8.751 Thread 0x000001c2de8ae800 Exception <a 'java/lang/NoSuchMethodError'{0x00000000841aa428}: 'java.lang.Object java.lang.invoke.DirectMethodHandle$Holder.invokeStatic(java.lang.Object, java.lang.Object, java.lang.Object, java.lang.Object, int)'> (0x00000000841aa428) thrown at [./src/hotspot/share/interpreter/linkResolver.cpp, line 773]
Event: 8.751 Thread 0x000001c2de8ae800 Exception <a 'java/lang/NoSuchMethodError'{0x00000000841aee20}: 'java.lang.Object java.lang.invoke.DirectMethodHandle$Holder.invokeSpecial(java.lang.Object, java.lang.Object, java.lang.Object, java.lang.Object, java.lang.Object, int)'> (0x00000000841aee20) thrown at [./src/hotspot/share/interpreter/linkResolver.cpp, line 773]
Event: 8.751 Thread 0x000001c2de8ae800 Exception <a 'java/lang/NoSuchMethodError'{0x00000000841b3460}: 'java.lang.Object java.lang.invoke.Invokers$Holder.linkToTargetMethod(java.lang.Object, java.lang.Object, java.lang.Object, int, java.lang.Object)'> (0x00000000841b3460) thrown at [./src/hotspot/share/interpreter/linkResolver.cpp, line 773]

Events (20 events):
Event: 8.950 loading class kotlin/Unit
Event: 8.950 loading class kotlin/Unit done
Event: 8.951 loading class com/android/builder/errors/EvalIssueException
Event: 8.951 loading class com/android/builder/errors/EvalIssueException done
Event: 8.952 loading class com/android/build/gradle/options/SyncOptions
Event: 8.952 loading class com/android/build/gradle/options/SyncOptions done
Event: 8.953 loading class org/gradle/api/provider/Provider
Event: 8.953 loading class org/gradle/api/provider/Provider done
Event: 8.954 loading class com/android/build/gradle/options/ProjectOptions$OptionValue
Event: 8.954 loading class com/android/build/gradle/options/ProjectOptions$OptionValue done
Event: 8.954 loading class org/gradle/api/internal/provider/DefaultProvider
Event: 8.954 loading class org/gradle/api/internal/provider/DefaultProvider done
Event: 8.956 loading class com/android/build/gradle/options/SyncOptions$EvaluationMode
Event: 8.956 loading class com/android/build/gradle/options/SyncOptions$EvaluationMode done
Event: 8.957 loading class com/android/build/gradle/options/OptionParsers
Event: 8.957 loading class com/android/build/gradle/options/OptionParsers done
Event: 8.957 loading class com/android/build/gradle/options/SyncOptions$ErrorFormatMode
Event: 8.957 loading class com/android/build/gradle/options/SyncOptions$ErrorFormatMode done
Event: 8.957 loading class com/google/common/collect/Maps
Event: 8.957 loading class com/google/common/collect/Maps done


Dynamic libraries:
0x00007ff71aad0000 - 0x00007ff71aada000 	C:\Program Files\Android\Android Studio\jre\bin\java.exe
0x00007ffdcd890000 - 0x00007ffdcda85000 	C:\WINDOWS\SYSTEM32\ntdll.dll
0x00007ffdcb8e0000 - 0x00007ffdcb99e000 	C:\WINDOWS\System32\KERNEL32.DLL
0x00007ffdcb240000 - 0x00007ffdcb509000 	C:\WINDOWS\System32\KERNELBASE.dll
0x00007ffdcafb0000 - 0x00007ffdcb0b0000 	C:\WINDOWS\System32\ucrtbase.dll
0x00007ffdb5f60000 - 0x00007ffdb5f77000 	C:\Program Files\Android\Android Studio\jre\bin\VCRUNTIME140.dll
0x00007ffdb6090000 - 0x00007ffdb60a9000 	C:\Program Files\Android\Android Studio\jre\bin\jli.dll
0x00007ffdcbdf0000 - 0x00007ffdcbf91000 	C:\WINDOWS\System32\USER32.dll
0x00007ffdcb7a0000 - 0x00007ffdcb7c2000 	C:\WINDOWS\System32\win32u.dll
0x00007ffdba270000 - 0x00007ffdba50a000 	C:\WINDOWS\WinSxS\amd64_microsoft.windows.common-controls_6595b64144ccf1df_6.0.19041.1110_none_60b5254171f9507e\COMCTL32.dll
0x00007ffdcd3c0000 - 0x00007ffdcd45e000 	C:\WINDOWS\System32\msvcrt.dll
0x00007ffdcbc30000 - 0x00007ffdcbc5b000 	C:\WINDOWS\System32\GDI32.dll
0x00007ffdcb5b0000 - 0x00007ffdcb6bb000 	C:\WINDOWS\System32\gdi32full.dll
0x00007ffdcb510000 - 0x00007ffdcb5ad000 	C:\WINDOWS\System32\msvcp_win.dll
0x00007ffdccf00000 - 0x00007ffdccf30000 	C:\WINDOWS\System32\IMM32.DLL
0x00007ffd8f220000 - 0x00007ffd8f2bd000 	C:\Program Files\Android\Android Studio\jre\bin\msvcp140.dll
0x00007ffd6db60000 - 0x00007ffd6e62f000 	C:\Program Files\Android\Android Studio\jre\bin\server\jvm.dll
0x00007ffdcbc60000 - 0x00007ffdcbd0c000 	C:\WINDOWS\System32\ADVAPI32.dll
0x00007ffdcd7b0000 - 0x00007ffdcd84b000 	C:\WINDOWS\System32\sechost.dll
0x00007ffdcd290000 - 0x00007ffdcd3ba000 	C:\WINDOWS\System32\RPCRT4.dll
0x00007ffdccef0000 - 0x00007ffdccef8000 	C:\WINDOWS\System32\PSAPI.DLL
0x00007ffdc2c80000 - 0x00007ffdc2c89000 	C:\WINDOWS\SYSTEM32\WSOCK32.dll
0x00007ffdba510000 - 0x00007ffdba537000 	C:\WINDOWS\SYSTEM32\WINMM.dll
0x00007ffdc8f90000 - 0x00007ffdc8f9a000 	C:\WINDOWS\SYSTEM32\VERSION.dll
0x00007ffdcd740000 - 0x00007ffdcd7ab000 	C:\WINDOWS\System32\WS2_32.dll
0x00007ffdc9830000 - 0x00007ffdc9842000 	C:\WINDOWS\SYSTEM32\kernel.appcore.dll
0x00007ffdabe80000 - 0x00007ffdabe91000 	C:\Program Files\Android\Android Studio\jre\bin\verify.dll
0x00007ffdbc8e0000 - 0x00007ffdbcac4000 	C:\WINDOWS\SYSTEM32\DBGHELP.DLL
0x00007ffdbadb0000 - 0x00007ffdbaddc000 	C:\WINDOWS\SYSTEM32\dbgcore.DLL
0x00007ffdcb710000 - 0x00007ffdcb793000 	C:\WINDOWS\System32\bcryptPrimitives.dll
0x00007ffdabe50000 - 0x00007ffdabe79000 	C:\Program Files\Android\Android Studio\jre\bin\java.dll
0x00007ffdc2c70000 - 0x00007ffdc2c7b000 	C:\Program Files\Android\Android Studio\jre\bin\jimage.dll
0x00007ffda2ff0000 - 0x00007ffda3008000 	C:\Program Files\Android\Android Studio\jre\bin\zip.dll
0x00007ffdcc750000 - 0x00007ffdcce8f000 	C:\WINDOWS\System32\SHELL32.dll
0x00007ffdc9090000 - 0x00007ffdc9820000 	C:\WINDOWS\SYSTEM32\windows.storage.dll
0x00007ffdccf30000 - 0x00007ffdcd285000 	C:\WINDOWS\System32\combase.dll
0x00007ffdca930000 - 0x00007ffdca95c000 	C:\WINDOWS\SYSTEM32\Wldp.dll
0x00007ffdcc630000 - 0x00007ffdcc6de000 	C:\WINDOWS\System32\SHCORE.dll
0x00007ffdcc030000 - 0x00007ffdcc085000 	C:\WINDOWS\System32\shlwapi.dll
0x00007ffdcaef0000 - 0x00007ffdcaf0f000 	C:\WINDOWS\SYSTEM32\profapi.dll
0x00007ffd9e8e0000 - 0x00007ffd9e8fa000 	C:\Program Files\Android\Android Studio\jre\bin\net.dll
0x00007ffdc2a10000 - 0x00007ffdc2b18000 	C:\WINDOWS\SYSTEM32\WINHTTP.dll
0x00007ffdca690000 - 0x00007ffdca6fa000 	C:\WINDOWS\system32\mswsock.dll
0x00007ffd8f530000 - 0x00007ffd8f544000 	C:\Program Files\Android\Android Studio\jre\bin\nio.dll
0x00007ffdb5f80000 - 0x00007ffdb5fa7000 	C:\Users\Lenovo\.gradle\native\8bec1ad78214c89d9ad589b4d07fe93259594b29d510b10fafb7a158f7737e5d\windows-amd64\native-platform.dll
0x00007ffd6f5d0000 - 0x00007ffd6f70d000 	C:\Users\Lenovo\.gradle\native\53dbd7edfb1c66fb8903c78663c9afc45aea4f116125fa6feffd364cf09443e8\windows-amd64\native-platform-file-events.dll
0x00007ffdbb9c0000 - 0x00007ffdbb9ca000 	C:\Program Files\Android\Android Studio\jre\bin\management.dll
0x00007ffdb7730000 - 0x00007ffdb773c000 	C:\Program Files\Android\Android Studio\jre\bin\management_ext.dll
0x00007ffdca880000 - 0x00007ffdca898000 	C:\WINDOWS\SYSTEM32\CRYPTSP.dll
0x00007ffdca010000 - 0x00007ffdca044000 	C:\WINDOWS\system32\rsaenh.dll
0x00007ffdcb0b0000 - 0x00007ffdcb0d7000 	C:\WINDOWS\System32\bcrypt.dll
0x00007ffdcaeb0000 - 0x00007ffdcaede000 	C:\WINDOWS\SYSTEM32\USERENV.dll
0x00007ffdca8a0000 - 0x00007ffdca8ac000 	C:\WINDOWS\SYSTEM32\CRYPTBASE.dll
0x00007ffdca380000 - 0x00007ffdca3bb000 	C:\WINDOWS\SYSTEM32\IPHLPAPI.DLL
0x00007ffdcc020000 - 0x00007ffdcc028000 	C:\WINDOWS\System32\NSI.dll
0x00007ffdbed60000 - 0x00007ffdbed77000 	C:\WINDOWS\SYSTEM32\dhcpcsvc6.DLL
0x00007ffdc22c0000 - 0x00007ffdc22dd000 	C:\WINDOWS\SYSTEM32\dhcpcsvc.DLL
0x00007ffdca3c0000 - 0x00007ffdca48c000 	C:\WINDOWS\SYSTEM32\DNSAPI.dll

dbghelp: loaded successfully - version: 4.0.5 - missing functions: none
symbol engine: initialized successfully - sym options: 0x614 - pdb path: .;C:\Program Files\Android\Android Studio\jre\bin;C:\WINDOWS\SYSTEM32;C:\WINDOWS\WinSxS\amd64_microsoft.windows.common-controls_6595b64144ccf1df_6.0.19041.1110_none_60b5254171f9507e;C:\Program Files\Android\Android Studio\jre\bin\server;C:\Users\Lenovo\.gradle\native\8bec1ad78214c89d9ad589b4d07fe93259594b29d510b10fafb7a158f7737e5d\windows-amd64;C:\Users\Lenovo\.gradle\native\53dbd7edfb1c66fb8903c78663c9afc45aea4f116125fa6feffd364cf09443e8\windows-amd64

VM Arguments:
jvm_args: --add-opens=java.base/java.util=ALL-UNNAMED --add-opens=java.base/java.lang=ALL-UNNAMED --add-opens=java.base/java.lang.invoke=ALL-UNNAMED --add-opens=java.base/java.util=ALL-UNNAMED --add-opens=java.prefs/java.util.prefs=ALL-UNNAMED --add-opens=java.prefs/java.util.prefs=ALL-UNNAMED --add-opens=java.base/java.nio.charset=ALL-UNNAMED --add-opens=java.base/java.net=ALL-UNNAMED --add-opens=java.base/java.util.concurrent.atomic=ALL-UNNAMED -Xmx2048m -Dfile.encoding=UTF-8 -Duser.country=SE -Duser.language=sv -Duser.variant 
java_command: org.gradle.launcher.daemon.bootstrap.GradleDaemon 7.0.2
java_class_path (initial): C:\Users\Lenovo\.gradle\wrapper\dists\gradle-7.0.2-bin\857tjihv64xamwrf0h14cai3r\gradle-7.0.2\lib\gradle-launcher-7.0.2.jar
Launcher Type: SUN_STANDARD

[Global flags]
     intx CICompilerCount                          = 3                                         {product} {ergonomic}
     uint ConcGCThreads                            = 1                                         {product} {ergonomic}
     uint G1ConcRefinementThreads                  = 4                                         {product} {ergonomic}
   size_t G1HeapRegionSize                         = 1048576                                   {product} {ergonomic}
    uintx GCDrainStackTargetSize                   = 64                                        {product} {ergonomic}
   size_t InitialHeapSize                          = 65011712                                  {product} {ergonomic}
   size_t MarkStackSize                            = 4194304                                   {product} {ergonomic}
   size_t MaxHeapSize                              = 2147483648                                {product} {command line}
   size_t MaxNewSize                               = 1287651328                                {product} {ergonomic}
   size_t MinHeapDeltaBytes                        = 1048576                                   {product} {ergonomic}
    uintx NonNMethodCodeHeapSize                   = 5830732                                {pd product} {ergonomic}
    uintx NonProfiledCodeHeapSize                  = 122913754                              {pd product} {ergonomic}
    uintx ProfiledCodeHeapSize                     = 122913754                              {pd product} {ergonomic}
    uintx ReservedCodeCacheSize                    = 251658240                              {pd product} {ergonomic}
     bool SegmentedCodeCache                       = true                                      {product} {ergonomic}
     bool UseCompressedClassPointers               = true                                 {lp64_product} {ergonomic}
     bool UseCompressedOops                        = true                                 {lp64_product} {ergonomic}
     bool UseG1GC                                  = true                                      {product} {ergonomic}
     bool UseLargePagesIndividualAllocation        = false                                  {pd product} {ergonomic}

Logging:
Log output configuration:
 #0: stdout all=warning uptime,level,tags
 #1: stderr all=off uptime,level,tags

Environment Variables:
PATH=C:\WINDOWS\system32;C:\WINDOWS;C:\WINDOWS\System32\Wbem;C:\WINDOWS\System32\WindowsPowerShell\v1.0\;C:\WINDOWS\System32\OpenSSH\;C:\Program Files\dotnet\;C:\inetpub\wwwroot\sqlite3\sqlite-tools-win32-x86-3310100;C:\Program Files\Git\cmd;C:\Users\Lenovo\AppData\Local\Microsoft\WindowsApps;C:\Users\Lenovo\AppData\Local\Programs\Microsoft VS Code\bin;C:\wamp64\bin\php\php7.4.0;C:\Users\Lenovo\.dotnet\tools;%USERPROFILE%\AppData\Local\Microsoft\WindowsApps;
USERNAME=Lenovo
OS=Windows_NT
PROCESSOR_IDENTIFIER=Intel64 Family 6 Model 142 Stepping 9, GenuineIntel



---------------  S Y S T E M  ---------------

OS: Windows 10 , 64 bit Build 19041 (10.0.19041.1202)
OS uptime: 0 days 12:11 hours

CPU:total 4 (initial active 4) (2 cores per cpu, 2 threads per core) family 6 model 142 stepping 9 microcode 0xc6, cmov, cx8, fxsr, mmx, sse, sse2, sse3, ssse3, sse4.1, sse4.2, popcnt, avx, avx2, aes, clmul, erms, 3dnowpref, lzcnt, ht, tsc, tscinvbit, bmi1, bmi2, adx, fma

Memory: 4k page, system-wide physical 3962M (215M free)
TotalPageFile size 9976M (AvailPageFile size 3285M)
current process WorkingSet (physical memory assigned to process): 272M, peak: 272M
current process commit charge ("private bytes"): 301M, peak: 301M

vm_info: OpenJDK 64-Bit Server VM (11.0.10+0-b96-7249189) for windows-amd64 JRE (11.0.10+0-b96-7249189), built on Mar 31 2021 21:44:00 by "builder" with MS VC++ 14.0 (VS2015)

END.
