#
# A fatal error has been detected by the Java Runtime Environment:
#
#  EXCEPTION_ACCESS_VIOLATION (0xc0000005) at pc=0x00007ffa699450b5, pid=4244, tid=4492
#
# JRE version: OpenJDK Runtime Environment (11.0.10) (build 11.0.10+0-b96-7249189)
# Java VM: OpenJDK 64-Bit Server VM (11.0.10+0-b96-7249189, mixed mode, tiered, compressed oops, g1 gc, windows-amd64)
# Problematic frame:
# V  [jvm.dll+0x2b50b5]
#
# No core dump will be written. Minidumps are not enabled by default on client versions of Windows
#
# If you would like to submit a bug report, please visit:
#   https://bugreport.java.com/bugreport/crash.jsp
#

---------------  S U M M A R Y ------------

Command Line: --add-opens=java.base/java.util=ALL-UNNAMED --add-opens=java.base/java.lang=ALL-UNNAMED --add-opens=java.base/java.lang.invoke=ALL-UNNAMED --add-opens=java.base/java.util=ALL-UNNAMED --add-opens=java.prefs/java.util.prefs=ALL-UNNAMED --add-opens=java.prefs/java.util.prefs=ALL-UNNAMED --add-opens=java.base/java.nio.charset=ALL-UNNAMED --add-opens=java.base/java.net=ALL-UNNAMED --add-opens=java.base/java.util.concurrent.atomic=ALL-UNNAMED -Xmx2048m -Dfile.encoding=UTF-8 -Duser.country=SE -Duser.language=sv -Duser.variant org.gradle.launcher.daemon.bootstrap.GradleDaemon 7.0.2

Host: Intel(R) Core(TM) i3-7130U CPU @ 2.70GHz, 4 cores, 3G,  Windows 10 , 64 bit Build 19041 (10.0.19041.1202)
Time: Mon Oct 11 11:59:39 2021 Västeuropa, sommartid elapsed time: 12.362430 seconds (0d 0h 0m 12s)

---------------  T H R E A D  ---------------

Current thread (0x000002bcd3dc7000):  JavaThread "C2 CompilerThread1" daemon [_thread_in_native, id=4492, stack(0x000000ff7f700000,0x000000ff7f800000)]


Current CompileTask:
C2:  12362 6090       4       org.objectweb.asm.Frame::execute (2318 bytes)

Stack: [0x000000ff7f700000,0x000000ff7f800000],  sp=0x000000ff7f7fb570,  free space=1005k
Native frames: (J=compiled Java code, j=interpreted, Vv=VM code, C=native code)
V  [jvm.dll+0x2b50b5]
V  [jvm.dll+0x506028]
V  [jvm.dll+0x1fc985]
V  [jvm.dll+0x1fa77f]
V  [jvm.dll+0x18354c]
V  [jvm.dll+0x208ee7]
V  [jvm.dll+0x207731]
V  [jvm.dll+0x6eb1cf]
V  [jvm.dll+0x6e3d45]
V  [jvm.dll+0x5ebe96]
C  [ucrtbase.dll+0x21bb2]
C  [KERNEL32.DLL+0x17034]
C  [ntdll.dll+0x52651]


siginfo: EXCEPTION_ACCESS_VIOLATION (0xc0000005), reading address 0x000002bc98794340


Register to memory mapping:

RIP=0x00007ffa699450b5 jvm.dll
RAX=0x0000000000000015 is an unknown value
RBX=0x0 is NULL
RCX=0x0 is NULL
RDX=0x000002bcd8e0d940 points into unknown readable memory: 0x000002bc98794328 | 28 43 79 98 bc 02 00 00
RSP=0x000000ff7f7fb570 is pointing into the stack for thread: 0x000002bcd3dc7000
RBP=0x000002bcd8e06e10 points into unknown readable memory: 0x0000000000000000 | 00 00 00 00 00 00 00 00
RSI=0x0 is NULL
RDI=0x0 is NULL
R8 =0x000002bcd8e0d990 points into unknown readable memory: 0x000002bcd87946b0 | b0 46 79 d8 bc 02 00 00
R9 =0x000002bcd8e0da30 points into unknown readable memory: 0x000002bcd8794ea8 | a8 4e 79 d8 bc 02 00 00
R10=0x0000000000000009 is an unknown value
R11=0x000002bcd8e0d990 points into unknown readable memory: 0x000002bcd87946b0 | b0 46 79 d8 bc 02 00 00
R12=0x000002bcd7464010 points into unknown readable memory: 0x000002bcd8e06e00 | 00 6e e0 d8 bc 02 00 00
R13=0x000002bc98794328 is an unknown value
R14=0x000002bcd8e0d940 points into unknown readable memory: 0x000002bc98794328 | 28 43 79 98 bc 02 00 00
R15=0x000002bcd73fc020 points into unknown readable memory: 0xffffffff00000001 | 01 00 00 00 ff ff ff ff


Registers:
RAX=0x0000000000000015, RBX=0x0000000000000000, RCX=0x0000000000000000, RDX=0x000002bcd8e0d940
RSP=0x000000ff7f7fb570, RBP=0x000002bcd8e06e10, RSI=0x0000000000000000, RDI=0x0000000000000000
R8 =0x000002bcd8e0d990, R9 =0x000002bcd8e0da30, R10=0x0000000000000009, R11=0x000002bcd8e0d990
R12=0x000002bcd7464010, R13=0x000002bc98794328, R14=0x000002bcd8e0d940, R15=0x000002bcd73fc020
RIP=0x00007ffa699450b5, EFLAGS=0x0000000000010206

Top of Stack: (sp=0x000000ff7f7fb570)
0x000000ff7f7fb570:   0000000000000008 000002bcd8e06e10
0x000000ff7f7fb580:   0000000000000000 0000000000000002
0x000000ff7f7fb590:   0000000000000156 000002bcd8e06e10
0x000000ff7f7fb5a0:   000002bcd475b0f0 000002bcd7464010
0x000000ff7f7fb5b0:   000002bcd746cf30 0000000000126958
0x000000ff7f7fb5c0:   000002bcd746cf30 00007ffa69efde48
0x000000ff7f7fb5d0:   000002bcd475b0f0 00007ffa00000200
0x000000ff7f7fb5e0:   000002bcd3fee590 0000000000000001
0x000000ff7f7fb5f0:   00000000075b408e 000002bcd475b0f0
0x000000ff7f7fb600:   0000000000000001 000002bcd4bacb68
0x000000ff7f7fb610:   0000000000000001 000000ff7f7fbbf0
0x000000ff7f7fb620:   000000ff7f7fe700 000000ff7f7fb740
0x000000ff7f7fb630:   0000000000000000 00007ffa69b96028
0x000000ff7f7fb640:   000000ff7f7fbbf0 000000ff00000fb6
0x000000ff7f7fb650:   000002bcd73fc020 000002bcd8e0d940
0x000000ff7f7fb660:   0000000000020020 0000000000020020 

Instructions: (pc=0x00007ffa699450b5)
0x00007ffa69944fb5:   4c 89 64 24 38 4c 89 6c 24 40 8b 88 a8 01 00 00
0x00007ffa69944fc5:   ff c1 48 8d 0c 89 48 c1 e1 04 e8 2c 3a 39 00 48
0x00007ffa69944fd5:   8b 4f 10 33 f6 48 8b e8 48 89 44 24 28 8b 91 a8
0x00007ffa69944fe5:   01 00 00 83 ea 01 4c 63 c2 78 1d 4b 8d 0c 80 48
0x00007ffa69944ff5:   c1 e1 04 48 03 c8 0f 1f 44 00 00 49 83 e8 01 48
0x00007ffa69945005:   89 31 48 8d 49 b0 79 f3 48 8b 47 10 33 d2 8b 88
0x00007ffa69945015:   a8 01 00 00 ff c1 48 c1 e1 02 e8 dc 39 39 00 48
0x00007ffa69945025:   8b 4f 10 83 ca ff 4c 8b f8 48 89 84 24 e0 00 00
0x00007ffa69945035:   00 44 8b 81 a8 01 00 00 48 8b c8 41 ff c0 49 c1
0x00007ffa69945045:   e0 02 e8 00 7d 49 00 48 8b 13 48 8d 4c 24 58 48
0x00007ffa69945055:   8b 92 78 02 00 00 e8 80 7c 45 00 4d 8b cf 48 8d
0x00007ffa69945065:   54 24 58 4c 8b c7 48 8b cd e8 3d fc ff ff 89 84
0x00007ffa69945075:   24 d8 00 00 00 48 89 75 08 48 89 6d 18 8d 48 ff
0x00007ffa69945085:   48 63 d1 48 83 fa 01 0f 8e d5 03 00 00 4c 8d 34
0x00007ffa69945095:   92 49 c1 e6 04 4c 03 f5 48 ff ca 4c 89 b4 24 e8
0x00007ffa699450a5:   00 00 00 48 89 54 24 20 0f 1f 00 4d 8b 2e 8b fe
0x00007ffa699450b5:   41 83 7d 18 00 0f 86 b2 00 00 00 8b c7 48 8d 1c
0x00007ffa699450c5:   c5 00 00 00 00 49 8b 45 08 48 8b 0c 03 48 85 c9
0x00007ffa699450d5:   0f 84 8b 00 00 00 48 8b 01 ff 50 10 84 c0 0f 84
0x00007ffa699450e5:   7d 00 00 00 49 8b 45 08 48 8b 0c 03 8b 41 28 41
0x00007ffa699450f5:   8b 0c 87 83 f9 ff 74 69 48 8d 1c 89 48 c1 e3 04
0x00007ffa69945105:   48 03 dd 48 8b 4b 20 48 85 c9 75 06 48 8b 53 18
0x00007ffa69945115:   eb 42 48 83 79 20 00 74 25 e8 4d fb ff ff 4c 8b
0x00007ffa69945125:   43 20 48 8b 43 18 49 8b 50 18 8b 48 08 39 4a 08
0x00007ffa69945135:   73 04 48 89 53 18 49 8b 40 20 48 89 43 20 48 8b
0x00007ffa69945145:   43 20 48 8b 4b 18 48 8b 50 18 8b 41 08 39 42 08
0x00007ffa69945155:   48 0f 43 d1 8b 42 08 41 3b 46 08 73 04 41 89 46
0x00007ffa69945165:   08 ff c7 41 3b 7d 18 0f 82 4e ff ff ff 41 8b 46
0x00007ffa69945175:   08 4c 8b c5 49 8b d6 48 8d 0c 80 48 03 c9 48 8b
0x00007ffa69945185:   44 cd 38 49 89 46 38 4c 89 74 cd 38 49 8b 4e 10
0x00007ffa69945195:   e8 b6 04 00 00 49 8b 46 10 48 8b 58 38 48 85 db
0x00007ffa699451a5:   74 6a 48 8b 4b 20 48 85 c9 75 06 48 8b 53 18 eb 


Stack slot to memory mapping:
stack at sp + 0 slots: 0x0000000000000008 is an unknown value
stack at sp + 1 slots: 0x000002bcd8e06e10 points into unknown readable memory: 0x0000000000000000 | 00 00 00 00 00 00 00 00
stack at sp + 2 slots: 0x0 is NULL
stack at sp + 3 slots: 0x0000000000000002 is an unknown value
stack at sp + 4 slots: 0x0000000000000156 is an unknown value
stack at sp + 5 slots: 0x000002bcd8e06e10 points into unknown readable memory: 0x0000000000000000 | 00 00 00 00 00 00 00 00
stack at sp + 6 slots: 0x000002bcd475b0f0 points into unknown readable memory: 0x0000000000000006 | 06 00 00 00 00 00 00 00
stack at sp + 7 slots: 0x000002bcd7464010 points into unknown readable memory: 0x000002bcd8e06e00 | 00 6e e0 d8 bc 02 00 00


---------------  P R O C E S S  ---------------

Threads class SMR info:
_java_thread_list=0x000002bcd417c410, length=43, elements={
0x000002bcb708c800, 0x000002bcd1355800, 0x000002bcd1357000, 0x000002bcd13b3800,
0x000002bcd13b6000, 0x000002bcd13b8000, 0x000002bcd13bb800, 0x000002bcd1d31000,
0x000002bcd1d38800, 0x000002bcd1e27800, 0x000002bcd43b2000, 0x000002bcd20ee800,
0x000002bcd3466800, 0x000002bcd498a800, 0x000002bcd31e6800, 0x000002bcd2f22000,
0x000002bcd4d96800, 0x000002bcd35d7800, 0x000002bcd471f000, 0x000002bcd4660000,
0x000002bcd4662000, 0x000002bcd4663000, 0x000002bcd465e000, 0x000002bcd4661800,
0x000002bcd3dc7000, 0x000002bcd465d800, 0x000002bcd4664000, 0x000002bcd465f000,
0x000002bcd4660800, 0x000002bcd4bc8000, 0x000002bcd4bc6800, 0x000002bcd4bc7800,
0x000002bcd4bc5000, 0x000002bcd4bc4000, 0x000002bcd4bc9000, 0x000002bcd4bc3800,
0x000002bcd4bcb800, 0x000002bcd4bcd000, 0x000002bcd4bcc800, 0x000002bcd4bce000,
0x000002bcd4bca000, 0x000002bcd4bd0800, 0x000002bcd4bd1000
}

Java Threads: ( => current thread )
  0x000002bcb708c800 JavaThread "main" [_thread_blocked, id=5356, stack(0x000000ff7d500000,0x000000ff7d600000)]
  0x000002bcd1355800 JavaThread "Reference Handler" daemon [_thread_blocked, id=6428, stack(0x000000ff7dc00000,0x000000ff7dd00000)]
  0x000002bcd1357000 JavaThread "Finalizer" daemon [_thread_blocked, id=6540, stack(0x000000ff7dd00000,0x000000ff7de00000)]
  0x000002bcd13b3800 JavaThread "Signal Dispatcher" daemon [_thread_blocked, id=4120, stack(0x000000ff7de00000,0x000000ff7df00000)]
  0x000002bcd13b6000 JavaThread "Attach Listener" daemon [_thread_blocked, id=10516, stack(0x000000ff7df00000,0x000000ff7e000000)]
  0x000002bcd13b8000 JavaThread "Service Thread" daemon [_thread_blocked, id=9288, stack(0x000000ff7e000000,0x000000ff7e100000)]
  0x000002bcd13bb800 JavaThread "C2 CompilerThread0" daemon [_thread_in_native, id=2972, stack(0x000000ff7e100000,0x000000ff7e200000)]
  0x000002bcd1d31000 JavaThread "C1 CompilerThread0" daemon [_thread_blocked, id=2448, stack(0x000000ff7e200000,0x000000ff7e300000)]
  0x000002bcd1d38800 JavaThread "Sweeper thread" daemon [_thread_blocked, id=6732, stack(0x000000ff7e300000,0x000000ff7e400000)]
  0x000002bcd1e27800 JavaThread "Common-Cleaner" daemon [_thread_blocked, id=7208, stack(0x000000ff7e400000,0x000000ff7e500000)]
  0x000002bcd43b2000 JavaThread "Daemon health stats" [_thread_blocked, id=5504, stack(0x000000ff7e800000,0x000000ff7e900000)]
  0x000002bcd20ee800 JavaThread "Incoming local TCP Connector on port 60674" [_thread_in_native, id=5088, stack(0x000000ff7e600000,0x000000ff7e700000)]
  0x000002bcd3466800 JavaThread "Daemon periodic checks" [_thread_blocked, id=11812, stack(0x000000ff7e900000,0x000000ff7ea00000)]
  0x000002bcd498a800 JavaThread "Daemon" [_thread_blocked, id=1688, stack(0x000000ff7ea00000,0x000000ff7eb00000)]
  0x000002bcd31e6800 JavaThread "Handler for socket connection from /127.0.0.1:60674 to /127.0.0.1:60675" [_thread_in_native, id=8952, stack(0x000000ff7eb00000,0x000000ff7ec00000)]
  0x000002bcd2f22000 JavaThread "Cancel handler" [_thread_blocked, id=5300, stack(0x000000ff7ec00000,0x000000ff7ed00000)]
  0x000002bcd4d96800 JavaThread "Daemon worker" [_thread_in_vm, id=11328, stack(0x000000ff7ed00000,0x000000ff7ee00000)]
  0x000002bcd35d7800 JavaThread "Asynchronous log dispatcher for DefaultDaemonConnection: socket connection from /127.0.0.1:60674 to /127.0.0.1:60675" [_thread_blocked, id=6476, stack(0x000000ff7ee00000,0x000000ff7ef00000)]
  0x000002bcd471f000 JavaThread "Stdin handler" [_thread_blocked, id=8104, stack(0x000000ff7ef00000,0x000000ff7f000000)]
  0x000002bcd4660000 JavaThread "Daemon client event forwarder" [_thread_blocked, id=3728, stack(0x000000ff7f000000,0x000000ff7f100000)]
  0x000002bcd4662000 JavaThread "Cache worker for file hash cache (C:\Users\Lenovo\.gradle\caches\7.0.2\fileHashes)" [_thread_blocked, id=7660, stack(0x000000ff7f300000,0x000000ff7f400000)]
  0x000002bcd4663000 JavaThread "File lock request listener" [_thread_in_native, id=12076, stack(0x000000ff7f400000,0x000000ff7f500000)]
  0x000002bcd465e000 JavaThread "Cache worker for journal cache (C:\Users\Lenovo\.gradle\caches\journal-1)" [_thread_blocked, id=11440, stack(0x000000ff7f500000,0x000000ff7f600000)]
  0x000002bcd4661800 JavaThread "Cache worker for file hash cache (C:\Users\Lenovo\AndroidStudioProjects\Movieapp2 - kopia\.gradle\7.0.2\fileHashes)" [_thread_blocked, id=7848, stack(0x000000ff7f600000,0x000000ff7f700000)]
=>0x000002bcd3dc7000 JavaThread "C2 CompilerThread1" daemon [_thread_in_native, id=4492, stack(0x000000ff7f700000,0x000000ff7f800000)]
  0x000002bcd465d800 JavaThread "File watcher server" daemon [_thread_in_native, id=7456, stack(0x000000ff7f800000,0x000000ff7f900000)]
  0x000002bcd4664000 JavaThread "File watcher consumer" daemon [_thread_blocked, id=10656, stack(0x000000ff7f900000,0x000000ff7fa00000)]
  0x000002bcd465f000 JavaThread "jar transforms" [_thread_blocked, id=7768, stack(0x000000ff7fa00000,0x000000ff7fb00000)]
  0x000002bcd4660800 JavaThread "jar transforms Thread 2" [_thread_blocked, id=8408, stack(0x000000ff7fb00000,0x000000ff7fc00000)]
  0x000002bcd4bc8000 JavaThread "jar transforms Thread 3" [_thread_blocked, id=4488, stack(0x000000ff7fc00000,0x000000ff7fd00000)]
  0x000002bcd4bc6800 JavaThread "jar transforms Thread 4" [_thread_blocked, id=2752, stack(0x000000ff7fd00000,0x000000ff7fe00000)]
  0x000002bcd4bc7800 JavaThread "Cache worker for checksums cache (C:\Users\Lenovo\AndroidStudioProjects\Movieapp2 - kopia\.gradle\checksums)" [_thread_blocked, id=6104, stack(0x000000ff7fe00000,0x000000ff7ff00000)]
  0x000002bcd4bc5000 JavaThread "Cache worker for cache directory md-supplier (C:\Users\Lenovo\.gradle\caches\7.0.2\md-supplier)" [_thread_blocked, id=8436, stack(0x000000ff7ff00000,0x000000ff80000000)]
  0x000002bcd4bc4000 JavaThread "Cache worker for cache directory md-rule (C:\Users\Lenovo\.gradle\caches\7.0.2\md-rule)" [_thread_blocked, id=3564, stack(0x000000ff00000000,0x000000ff00100000)]
  0x000002bcd4bc9000 JavaThread "Cache worker for execution history cache (C:\Users\Lenovo\.gradle\caches\7.0.2\executionHistory)" [_thread_blocked, id=1780, stack(0x000000ff00100000,0x000000ff00200000)]
  0x000002bcd4bc3800 JavaThread "Cache worker for file content cache (C:\Users\Lenovo\.gradle\caches\7.0.2\fileContent)" [_thread_blocked, id=7920, stack(0x000000ff00200000,0x000000ff00300000)]
  0x000002bcd4bcb800 JavaThread "Cache worker for dependencies-accessors (C:\Users\Lenovo\AndroidStudioProjects\Movieapp2 - kopia\.gradle\7.0.2\dependencies-accessors)" [_thread_blocked, id=11888, stack(0x000000ff00300000,0x000000ff00400000)]
  0x000002bcd4bcd000 JavaThread "Cache worker for Build Output Cleanup Cache (C:\Users\Lenovo\AndroidStudioProjects\Movieapp2 - kopia\.gradle\buildOutputCleanup)" [_thread_blocked, id=3324, stack(0x000000ff00400000,0x000000ff00500000)]
  0x000002bcd4bcc800 JavaThread "Build operations" [_thread_blocked, id=4776, stack(0x000000ff00500000,0x000000ff00600000)]
  0x000002bcd4bce000 JavaThread "Build operations Thread 2" [_thread_blocked, id=10744, stack(0x000000ff00600000,0x000000ff00700000)]
  0x000002bcd4bca000 JavaThread "Build operations Thread 3" [_thread_blocked, id=6280, stack(0x000000ff00700000,0x000000ff00800000)]
  0x000002bcd4bd0800 JavaThread "Build operations Thread 4" [_thread_blocked, id=12040, stack(0x000000ff00800000,0x000000ff00900000)]
  0x000002bcd4bd1000 JavaThread "Memory manager" [_thread_blocked, id=11084, stack(0x000000ff00900000,0x000000ff00a00000)]

Other Threads:
  0x000002bcd1353000 VMThread "VM Thread" [stack: 0x000000ff7db00000,0x000000ff7dc00000] [id=2324]
  0x000002bcd1e5d000 WatcherThread [stack: 0x000000ff7e500000,0x000000ff7e600000] [id=9208]
  0x000002bcb70a6000 GCTaskThread "GC Thread#0" [stack: 0x000000ff7d600000,0x000000ff7d700000] [id=10352]
  0x000002bcd2997800 GCTaskThread "GC Thread#1" [stack: 0x000000ff7e700000,0x000000ff7e800000] [id=10772]
  0x000002bcd4022800 GCTaskThread "GC Thread#2" [stack: 0x000000ff7f100000,0x000000ff7f200000] [id=7772]
  0x000002bcd3f51000 GCTaskThread "GC Thread#3" [stack: 0x000000ff7f200000,0x000000ff7f300000] [id=8240]
  0x000002bcb70d5800 ConcurrentGCThread "G1 Main Marker" [stack: 0x000000ff7d700000,0x000000ff7d800000] [id=748]
  0x000002bcb70d7800 ConcurrentGCThread "G1 Conc#0" [stack: 0x000000ff7d800000,0x000000ff7d900000] [id=2156]
  0x000002bcb7130800 ConcurrentGCThread "G1 Refine#0" [stack: 0x000000ff7d900000,0x000000ff7da00000] [id=11512]
  0x000002bcb7131800 ConcurrentGCThread "G1 Young RemSet Sampling" [stack: 0x000000ff7da00000,0x000000ff7db00000] [id=6284]

Threads with active compile tasks:
C2 CompilerThread0  12483 6012   !   4       com.google.common.reflect.TypeVisitor::visit (225 bytes)
C2 CompilerThread1  12483 6090       4       org.objectweb.asm.Frame::execute (2318 bytes)

VM state:not at safepoint (normal execution)

VM Mutex/Monitor currently owned by a thread:  ([mutex/lock_event])
[0x000002bcb707aca0] CodeCache_lock - owner thread: 0x000002bcd13bb800
[0x000002bcb7087cd0] Compile_lock - owner thread: 0x000002bcd13bb800
[0x000002bcb70888a0] MethodCompileQueue_lock - owner thread: 0x000002bcd13bb800

Heap address: 0x0000000080000000, size: 2048 MB, Compressed Oops mode: 32-bit
Narrow klass base: 0x0000000000000000, Narrow klass shift: 3
Compressed class space size: 1073741824 Address: 0x0000000100000000

Heap:
 garbage-first heap   total 133120K, used 94795K [0x0000000080000000, 0x0000000100000000)
  region size 1024K, 21 young (21504K), 1 survivors (1024K)
 Metaspace       used 59677K, capacity 61448K, committed 61644K, reserved 1103872K
  class space    used 7598K, capacity 8181K, committed 8192K, reserved 1048576K
Heap Regions: E=young(eden), S=young(survivor), O=old, HS=humongous(starts), HC=humongous(continues), CS=collection set, F=free, A=archive, TAMS=top-at-mark-start (previous, next)
|   0|0x0000000080000000, 0x0000000080100000, 0x0000000080100000|100%| O|  |TAMS 0x0000000080100000, 0x0000000080000000| Untracked 
|   1|0x0000000080100000, 0x0000000080200000, 0x0000000080200000|100%| O|  |TAMS 0x0000000080200000, 0x0000000080100000| Untracked 
|   2|0x0000000080200000, 0x0000000080300000, 0x0000000080300000|100%| O|  |TAMS 0x0000000080300000, 0x0000000080200000| Untracked 
|   3|0x0000000080300000, 0x0000000080400000, 0x0000000080400000|100%|HS|  |TAMS 0x0000000080400000, 0x0000000080300000| Complete 
|   4|0x0000000080400000, 0x0000000080500000, 0x0000000080500000|100%|HC|  |TAMS 0x0000000080500000, 0x0000000080400000| Complete 
|   5|0x0000000080500000, 0x0000000080600000, 0x0000000080600000|100%|HC|  |TAMS 0x0000000080600000, 0x0000000080500000| Complete 
|   6|0x0000000080600000, 0x0000000080700000, 0x0000000080700000|100%| O|  |TAMS 0x0000000080700000, 0x0000000080600000| Untracked 
|   7|0x0000000080700000, 0x0000000080800000, 0x0000000080800000|100%| O|  |TAMS 0x0000000080800000, 0x0000000080700000| Untracked 
|   8|0x0000000080800000, 0x0000000080900000, 0x0000000080900000|100%| O|  |TAMS 0x0000000080900000, 0x0000000080800000| Untracked 
|   9|0x0000000080900000, 0x0000000080a00000, 0x0000000080a00000|100%| O|  |TAMS 0x0000000080a00000, 0x0000000080900000| Untracked 
|  10|0x0000000080a00000, 0x0000000080b00000, 0x0000000080b00000|100%| O|  |TAMS 0x0000000080b00000, 0x0000000080a00000| Untracked 
|  11|0x0000000080b00000, 0x0000000080c00000, 0x0000000080c00000|100%| O|  |TAMS 0x0000000080c00000, 0x0000000080b00000| Untracked 
|  12|0x0000000080c00000, 0x0000000080d00000, 0x0000000080d00000|100%| O|  |TAMS 0x0000000080d00000, 0x0000000080c00000| Untracked 
|  13|0x0000000080d00000, 0x0000000080e00000, 0x0000000080e00000|100%| O|  |TAMS 0x0000000080e00000, 0x0000000080d00000| Untracked 
|  14|0x0000000080e00000, 0x0000000080f00000, 0x0000000080f00000|100%| O|  |TAMS 0x0000000080f00000, 0x0000000080e00000| Untracked 
|  15|0x0000000080f00000, 0x0000000081000000, 0x0000000081000000|100%| O|  |TAMS 0x0000000081000000, 0x0000000080f00000| Untracked 
|  16|0x0000000081000000, 0x0000000081100000, 0x0000000081100000|100%|HS|  |TAMS 0x0000000081100000, 0x0000000081000000| Complete 
|  17|0x0000000081100000, 0x0000000081200000, 0x0000000081200000|100%|HC|  |TAMS 0x0000000081200000, 0x0000000081100000| Complete 
|  18|0x0000000081200000, 0x0000000081300000, 0x0000000081300000|100%|HS|  |TAMS 0x0000000081300000, 0x0000000081200000| Complete 
|  19|0x0000000081300000, 0x0000000081400000, 0x0000000081400000|100%|HC|  |TAMS 0x0000000081400000, 0x0000000081300000| Complete 
|  20|0x0000000081400000, 0x0000000081500000, 0x0000000081500000|100%|HC|  |TAMS 0x0000000081500000, 0x0000000081400000| Complete 
|  21|0x0000000081500000, 0x0000000081600000, 0x0000000081600000|100%|HS|  |TAMS 0x0000000081600000, 0x0000000081500000| Complete 
|  22|0x0000000081600000, 0x0000000081700000, 0x0000000081700000|100%|HC|  |TAMS 0x0000000081700000, 0x0000000081600000| Complete 
|  23|0x0000000081700000, 0x0000000081800000, 0x0000000081800000|100%|HC|  |TAMS 0x0000000081800000, 0x0000000081700000| Complete 
|  24|0x0000000081800000, 0x0000000081900000, 0x0000000081900000|100%|HC|  |TAMS 0x0000000081900000, 0x0000000081800000| Complete 
|  25|0x0000000081900000, 0x0000000081a00000, 0x0000000081a00000|100%|HC|  |TAMS 0x0000000081a00000, 0x0000000081900000| Complete 
|  26|0x0000000081a00000, 0x0000000081b00000, 0x0000000081b00000|100%| O|  |TAMS 0x0000000081b00000, 0x0000000081a00000| Untracked 
|  27|0x0000000081b00000, 0x0000000081c00000, 0x0000000081c00000|100%| O|  |TAMS 0x0000000081c00000, 0x0000000081b00000| Untracked 
|  28|0x0000000081c00000, 0x0000000081d00000, 0x0000000081d00000|100%| O|  |TAMS 0x0000000081d00000, 0x0000000081c00000| Untracked 
|  29|0x0000000081d00000, 0x0000000081e00000, 0x0000000081e00000|100%| O|  |TAMS 0x0000000081e00000, 0x0000000081d00000| Untracked 
|  30|0x0000000081e00000, 0x0000000081f00000, 0x0000000081f00000|100%| O|  |TAMS 0x0000000081f00000, 0x0000000081e00000| Untracked 
|  31|0x0000000081f00000, 0x0000000082000000, 0x0000000082000000|100%| O|  |TAMS 0x0000000082000000, 0x0000000081f00000| Untracked 
|  32|0x0000000082000000, 0x0000000082100000, 0x0000000082100000|100%| O|  |TAMS 0x0000000082100000, 0x0000000082000000| Untracked 
|  33|0x0000000082100000, 0x0000000082200000, 0x0000000082200000|100%| O|  |TAMS 0x0000000082200000, 0x0000000082100000| Untracked 
|  34|0x0000000082200000, 0x0000000082300000, 0x0000000082300000|100%| O|  |TAMS 0x0000000082300000, 0x0000000082200000| Untracked 
|  35|0x0000000082300000, 0x0000000082400000, 0x0000000082400000|100%| O|  |TAMS 0x0000000082400000, 0x0000000082300000| Untracked 
|  36|0x0000000082400000, 0x0000000082500000, 0x0000000082500000|100%| O|  |TAMS 0x0000000082500000, 0x0000000082400000| Untracked 
|  37|0x0000000082500000, 0x0000000082600000, 0x0000000082600000|100%| O|  |TAMS 0x0000000082600000, 0x0000000082500000| Untracked 
|  38|0x0000000082600000, 0x0000000082700000, 0x0000000082700000|100%| O|  |TAMS 0x0000000082700000, 0x0000000082600000| Untracked 
|  39|0x0000000082700000, 0x0000000082800000, 0x0000000082800000|100%| O|  |TAMS 0x0000000082800000, 0x0000000082700000| Untracked 
|  40|0x0000000082800000, 0x0000000082900000, 0x0000000082900000|100%|HS|  |TAMS 0x0000000082900000, 0x0000000082800000| Complete 
|  41|0x0000000082900000, 0x0000000082a00000, 0x0000000082a00000|100%|HC|  |TAMS 0x0000000082a00000, 0x0000000082900000| Complete 
|  42|0x0000000082a00000, 0x0000000082b00000, 0x0000000082b00000|100%|HC|  |TAMS 0x0000000082b00000, 0x0000000082a00000| Complete 
|  43|0x0000000082b00000, 0x0000000082c00000, 0x0000000082c00000|100%|HC|  |TAMS 0x0000000082c00000, 0x0000000082b00000| Complete 
|  44|0x0000000082c00000, 0x0000000082d00000, 0x0000000082d00000|100%|HC|  |TAMS 0x0000000082d00000, 0x0000000082c00000| Complete 
|  45|0x0000000082d00000, 0x0000000082e00000, 0x0000000082e00000|100%|HS|  |TAMS 0x0000000082e00000, 0x0000000082d00000| Complete 
|  46|0x0000000082e00000, 0x0000000082f00000, 0x0000000082f00000|100%|HC|  |TAMS 0x0000000082f00000, 0x0000000082e00000| Complete 
|  47|0x0000000082f00000, 0x0000000083000000, 0x0000000083000000|100%|HC|  |TAMS 0x0000000083000000, 0x0000000082f00000| Complete 
|  48|0x0000000083000000, 0x0000000083100000, 0x0000000083100000|100%| O|  |TAMS 0x0000000083100000, 0x0000000083000000| Untracked 
|  49|0x0000000083100000, 0x0000000083200000, 0x0000000083200000|100%| O|  |TAMS 0x0000000083200000, 0x0000000083100000| Untracked 
|  50|0x0000000083200000, 0x0000000083300000, 0x0000000083300000|100%| O|  |TAMS 0x0000000083300000, 0x0000000083200000| Untracked 
|  51|0x0000000083300000, 0x0000000083400000, 0x0000000083400000|100%| O|  |TAMS 0x0000000083400000, 0x0000000083300000| Untracked 
|  52|0x0000000083400000, 0x0000000083500000, 0x0000000083500000|100%| O|  |TAMS 0x0000000083500000, 0x0000000083400000| Untracked 
|  53|0x0000000083500000, 0x0000000083600000, 0x0000000083600000|100%| O|  |TAMS 0x0000000083600000, 0x0000000083500000| Untracked 
|  54|0x0000000083600000, 0x0000000083700000, 0x0000000083700000|100%| O|  |TAMS 0x0000000083700000, 0x0000000083600000| Untracked 
|  55|0x0000000083700000, 0x0000000083800000, 0x0000000083800000|100%|HS|  |TAMS 0x0000000083800000, 0x0000000083700000| Complete 
|  56|0x0000000083800000, 0x0000000083900000, 0x0000000083900000|100%|HS|  |TAMS 0x0000000083900000, 0x0000000083800000| Complete 
|  57|0x0000000083900000, 0x0000000083a00000, 0x0000000083a00000|100%|HS|  |TAMS 0x0000000083a00000, 0x0000000083900000| Complete 
|  58|0x0000000083a00000, 0x0000000083b00000, 0x0000000083b00000|100%| O|  |TAMS 0x0000000083b00000, 0x0000000083a00000| Untracked 
|  59|0x0000000083b00000, 0x0000000083c00000, 0x0000000083c00000|100%|HS|  |TAMS 0x0000000083c00000, 0x0000000083b00000| Complete 
|  60|0x0000000083c00000, 0x0000000083d00000, 0x0000000083d00000|100%|HC|  |TAMS 0x0000000083d00000, 0x0000000083c00000| Complete 
|  61|0x0000000083d00000, 0x0000000083e00000, 0x0000000083e00000|100%|HC|  |TAMS 0x0000000083e00000, 0x0000000083d00000| Complete 
|  62|0x0000000083e00000, 0x0000000083f00000, 0x0000000083f00000|100%|HS|  |TAMS 0x0000000083f00000, 0x0000000083e00000| Complete 
|  63|0x0000000083f00000, 0x0000000084000000, 0x0000000084000000|100%|HC|  |TAMS 0x0000000084000000, 0x0000000083f00000| Complete 
|  64|0x0000000084000000, 0x0000000084100000, 0x0000000084100000|100%| O|  |TAMS 0x0000000084100000, 0x0000000084000000| Untracked 
|  65|0x0000000084100000, 0x0000000084200000, 0x0000000084200000|100%| O|  |TAMS 0x0000000084200000, 0x0000000084100000| Untracked 
|  66|0x0000000084200000, 0x0000000084300000, 0x0000000084300000|100%| O|  |TAMS 0x0000000084300000, 0x0000000084200000| Untracked 
|  67|0x0000000084300000, 0x0000000084400000, 0x0000000084400000|100%| O|  |TAMS 0x0000000084400000, 0x0000000084300000| Untracked 
|  68|0x0000000084400000, 0x0000000084500000, 0x0000000084500000|100%| O|  |TAMS 0x0000000084500000, 0x0000000084400000| Untracked 
|  69|0x0000000084500000, 0x0000000084600000, 0x0000000084600000|100%| O|  |TAMS 0x0000000084600000, 0x0000000084500000| Untracked 
|  70|0x0000000084600000, 0x0000000084700000, 0x0000000084700000|100%| O|  |TAMS 0x0000000084700000, 0x0000000084600000| Untracked 
|  71|0x0000000084700000, 0x0000000084800000, 0x0000000084800000|100%| O|  |TAMS 0x0000000084800000, 0x0000000084700000| Untracked 
|  72|0x0000000084800000, 0x0000000084892c00, 0x0000000084900000| 57%| O|  |TAMS 0x0000000084892c00, 0x0000000084800000| Untracked 
|  73|0x0000000084900000, 0x0000000084900000, 0x0000000084a00000|  0%| F|  |TAMS 0x0000000084900000, 0x0000000084900000| Untracked 
|  74|0x0000000084a00000, 0x0000000084a00000, 0x0000000084b00000|  0%| F|  |TAMS 0x0000000084a00000, 0x0000000084a00000| Untracked 
|  75|0x0000000084b00000, 0x0000000084b00000, 0x0000000084c00000|  0%| F|  |TAMS 0x0000000084b00000, 0x0000000084b00000| Untracked 
|  76|0x0000000084c00000, 0x0000000084c00000, 0x0000000084d00000|  0%| F|  |TAMS 0x0000000084c00000, 0x0000000084c00000| Untracked 
|  77|0x0000000084d00000, 0x0000000084d00000, 0x0000000084e00000|  0%| F|  |TAMS 0x0000000084d00000, 0x0000000084d00000| Untracked 
|  78|0x0000000084e00000, 0x0000000084e00000, 0x0000000084f00000|  0%| F|  |TAMS 0x0000000084e00000, 0x0000000084e00000| Untracked 
|  79|0x0000000084f00000, 0x0000000084f00000, 0x0000000085000000|  0%| F|  |TAMS 0x0000000084f00000, 0x0000000084f00000| Untracked 
|  80|0x0000000085000000, 0x0000000085000000, 0x0000000085100000|  0%| F|  |TAMS 0x0000000085000000, 0x0000000085000000| Untracked 
|  81|0x0000000085100000, 0x0000000085100000, 0x0000000085200000|  0%| F|  |TAMS 0x0000000085100000, 0x0000000085100000| Untracked 
|  82|0x0000000085200000, 0x0000000085200000, 0x0000000085300000|  0%| F|  |TAMS 0x0000000085200000, 0x0000000085200000| Untracked 
|  83|0x0000000085300000, 0x0000000085300000, 0x0000000085400000|  0%| F|  |TAMS 0x0000000085300000, 0x0000000085300000| Untracked 
|  84|0x0000000085400000, 0x0000000085400000, 0x0000000085500000|  0%| F|  |TAMS 0x0000000085400000, 0x0000000085400000| Untracked 
|  85|0x0000000085500000, 0x0000000085500000, 0x0000000085600000|  0%| F|  |TAMS 0x0000000085500000, 0x0000000085500000| Untracked 
|  86|0x0000000085600000, 0x0000000085600000, 0x0000000085700000|  0%| F|  |TAMS 0x0000000085600000, 0x0000000085600000| Untracked 
|  87|0x0000000085700000, 0x0000000085700000, 0x0000000085800000|  0%| F|  |TAMS 0x0000000085700000, 0x0000000085700000| Untracked 
|  88|0x0000000085800000, 0x0000000085800000, 0x0000000085900000|  0%| F|  |TAMS 0x0000000085800000, 0x0000000085800000| Untracked 
|  89|0x0000000085900000, 0x0000000085900000, 0x0000000085a00000|  0%| F|  |TAMS 0x0000000085900000, 0x0000000085900000| Untracked 
|  90|0x0000000085a00000, 0x0000000085a00000, 0x0000000085b00000|  0%| F|  |TAMS 0x0000000085a00000, 0x0000000085a00000| Untracked 
|  91|0x0000000085b00000, 0x0000000085b00000, 0x0000000085c00000|  0%| F|  |TAMS 0x0000000085b00000, 0x0000000085b00000| Untracked 
|  92|0x0000000085c00000, 0x0000000085c00000, 0x0000000085d00000|  0%| F|  |TAMS 0x0000000085c00000, 0x0000000085c00000| Untracked 
|  93|0x0000000085d00000, 0x0000000085d00000, 0x0000000085e00000|  0%| F|  |TAMS 0x0000000085d00000, 0x0000000085d00000| Untracked 
|  94|0x0000000085e00000, 0x0000000085e00000, 0x0000000085f00000|  0%| F|  |TAMS 0x0000000085e00000, 0x0000000085e00000| Untracked 
|  95|0x0000000085f00000, 0x0000000085f00000, 0x0000000086000000|  0%| F|  |TAMS 0x0000000085f00000, 0x0000000085f00000| Untracked 
|  96|0x0000000086000000, 0x0000000086000000, 0x0000000086100000|  0%| F|  |TAMS 0x0000000086000000, 0x0000000086000000| Untracked 
|  97|0x0000000086100000, 0x0000000086100000, 0x0000000086200000|  0%| F|  |TAMS 0x0000000086100000, 0x0000000086100000| Untracked 
|  98|0x0000000086200000, 0x0000000086200000, 0x0000000086300000|  0%| F|  |TAMS 0x0000000086200000, 0x0000000086200000| Untracked 
|  99|0x0000000086300000, 0x0000000086300000, 0x0000000086400000|  0%| F|  |TAMS 0x0000000086300000, 0x0000000086300000| Untracked 
| 100|0x0000000086400000, 0x0000000086400000, 0x0000000086500000|  0%| F|  |TAMS 0x0000000086400000, 0x0000000086400000| Untracked 
| 101|0x0000000086500000, 0x0000000086500000, 0x0000000086600000|  0%| F|  |TAMS 0x0000000086500000, 0x0000000086500000| Untracked 
| 102|0x0000000086600000, 0x0000000086700000, 0x0000000086700000|100%| S|CS|TAMS 0x0000000086600000, 0x0000000086600000| Complete 
| 103|0x0000000086700000, 0x0000000086700000, 0x0000000086800000|  0%| F|  |TAMS 0x0000000086700000, 0x0000000086700000| Untracked 
| 104|0x0000000086800000, 0x0000000086800000, 0x0000000086900000|  0%| F|  |TAMS 0x0000000086800000, 0x0000000086800000| Untracked 
| 105|0x0000000086900000, 0x0000000086900000, 0x0000000086a00000|  0%| F|  |TAMS 0x0000000086900000, 0x0000000086900000| Untracked 
| 106|0x0000000086a00000, 0x0000000086a00000, 0x0000000086b00000|  0%| F|  |TAMS 0x0000000086a00000, 0x0000000086a00000| Untracked 
| 107|0x0000000086b00000, 0x0000000086b00000, 0x0000000086c00000|  0%| F|  |TAMS 0x0000000086b00000, 0x0000000086b00000| Untracked 
| 108|0x0000000086c00000, 0x0000000086c00000, 0x0000000086d00000|  0%| F|  |TAMS 0x0000000086c00000, 0x0000000086c00000| Untracked 
| 109|0x0000000086d00000, 0x0000000086d80800, 0x0000000086e00000| 50%| E|  |TAMS 0x0000000086d00000, 0x0000000086d00000| Complete 
| 110|0x0000000086e00000, 0x0000000086f00000, 0x0000000086f00000|100%| E|CS|TAMS 0x0000000086e00000, 0x0000000086e00000| Complete 
| 111|0x0000000086f00000, 0x0000000087000000, 0x0000000087000000|100%| E|CS|TAMS 0x0000000086f00000, 0x0000000086f00000| Complete 
| 112|0x0000000087000000, 0x0000000087100000, 0x0000000087100000|100%| E|CS|TAMS 0x0000000087000000, 0x0000000087000000| Complete 
| 113|0x0000000087100000, 0x0000000087200000, 0x0000000087200000|100%| E|CS|TAMS 0x0000000087100000, 0x0000000087100000| Complete 
| 114|0x0000000087200000, 0x0000000087300000, 0x0000000087300000|100%| E|CS|TAMS 0x0000000087200000, 0x0000000087200000| Complete 
| 115|0x0000000087300000, 0x0000000087400000, 0x0000000087400000|100%| E|CS|TAMS 0x0000000087300000, 0x0000000087300000| Complete 
| 116|0x0000000087400000, 0x0000000087500000, 0x0000000087500000|100%| E|CS|TAMS 0x0000000087400000, 0x0000000087400000| Complete 
| 117|0x0000000087500000, 0x0000000087600000, 0x0000000087600000|100%| E|CS|TAMS 0x0000000087500000, 0x0000000087500000| Complete 
| 118|0x0000000087600000, 0x0000000087700000, 0x0000000087700000|100%| E|CS|TAMS 0x0000000087600000, 0x0000000087600000| Complete 
| 119|0x0000000087700000, 0x0000000087800000, 0x0000000087800000|100%| E|CS|TAMS 0x0000000087700000, 0x0000000087700000| Complete 
| 120|0x0000000087800000, 0x0000000087900000, 0x0000000087900000|100%| E|CS|TAMS 0x0000000087800000, 0x0000000087800000| Complete 
| 121|0x0000000087900000, 0x0000000087a00000, 0x0000000087a00000|100%| E|CS|TAMS 0x0000000087900000, 0x0000000087900000| Complete 
| 122|0x0000000087a00000, 0x0000000087b00000, 0x0000000087b00000|100%| E|CS|TAMS 0x0000000087a00000, 0x0000000087a00000| Complete 
| 123|0x0000000087b00000, 0x0000000087c00000, 0x0000000087c00000|100%| E|CS|TAMS 0x0000000087b00000, 0x0000000087b00000| Complete 
| 124|0x0000000087c00000, 0x0000000087d00000, 0x0000000087d00000|100%| E|CS|TAMS 0x0000000087c00000, 0x0000000087c00000| Complete 
| 125|0x0000000087d00000, 0x0000000087e00000, 0x0000000087e00000|100%| E|CS|TAMS 0x0000000087d00000, 0x0000000087d00000| Complete 
| 126|0x0000000087e00000, 0x0000000087f00000, 0x0000000087f00000|100%| E|CS|TAMS 0x0000000087e00000, 0x0000000087e00000| Complete 
| 127|0x0000000087f00000, 0x0000000088000000, 0x0000000088000000|100%| E|CS|TAMS 0x0000000087f00000, 0x0000000087f00000| Complete 
| 128|0x0000000088000000, 0x0000000088100000, 0x0000000088100000|100%| E|CS|TAMS 0x0000000088000000, 0x0000000088000000| Complete 
| 129|0x0000000088100000, 0x0000000088200000, 0x0000000088200000|100%| E|CS|TAMS 0x0000000088100000, 0x0000000088100000| Complete 

Card table byte_map: [0x000002bcca5a0000,0x000002bcca9a0000] _byte_map_base: 0x000002bcca1a0000

Marking Bits (Prev, Next): (CMBitMap*) 0x000002bcb70ccbb0, (CMBitMap*) 0x000002bcb70ccb78
 Prev Bits: [0x000002bcccda0000, 0x000002bcceda0000)
 Next Bits: [0x000002bccada0000, 0x000002bcccda0000)

Polling page: 0x000002bcb5650000

Metaspace:

Usage:
  Non-class:     52.02 MB capacity,    50.91 MB ( 98%) used,   979.50 KB (  2%) free+waste,   158.75 KB ( <1%) overhead. 
      Class:      7.99 MB capacity,     7.43 MB ( 93%) used,   499.80 KB (  6%) free+waste,    75.88 KB ( <1%) overhead. 
       Both:     60.01 MB capacity,    58.33 MB ( 97%) used,     1.44 MB (  2%) free+waste,   234.63 KB ( <1%) overhead. 

Virtual space:
  Non-class space:       54.00 MB reserved,      52.20 MB ( 97%) committed 
      Class space:        1.00 GB reserved,       8.00 MB ( <1%) committed 
             Both:        1.05 GB reserved,      60.20 MB (  6%) committed 

Chunk freelists:
   Non-Class:  57.00 KB
       Class:  11.00 KB
        Both:  68.00 KB

MaxMetaspaceSize: 17179869184.00 GB
CompressedClassSpaceSize: 1.00 GB

CodeHeap 'non-profiled nmethods': size=120064Kb used=3367Kb max_used=3367Kb free=116697Kb
 bounds [0x000002bcc2640000, 0x000002bcc2990000, 0x000002bcc9b80000]
CodeHeap 'profiled nmethods': size=120000Kb used=13139Kb max_used=13139Kb free=106860Kb
 bounds [0x000002bcbb110000, 0x000002bcbbdf0000, 0x000002bcc2640000]
CodeHeap 'non-nmethods': size=5696Kb used=2253Kb max_used=2294Kb free=3442Kb
 bounds [0x000002bcbab80000, 0x000002bcbadf0000, 0x000002bcbb110000]
 total_blobs=6974 nmethods=6133 adapters=752
 compilation: enabled
              stopped_count=0, restarted_count=0
 full_count=0

Compilation events (20 events):
Event: 12.271 Thread 0x000002bcd1d31000 6098       3       com.google.common.reflect.TypeToken::of (9 bytes)
Event: 12.271 Thread 0x000002bcd1d31000 nmethod 6098 0x000002bcbbdbb310 code [0x000002bcbbdbb500, 0x000002bcbbdbb9c8]
Event: 12.271 Thread 0x000002bcd1d31000 6099       3       com.google.common.reflect.TypeToken::getCovariantTypeResolver (24 bytes)
Event: 12.272 Thread 0x000002bcd1d31000 nmethod 6099 0x000002bcbbdbbc10 code [0x000002bcbbdbbe40, 0x000002bcbbdbc5f8]
Event: 12.304 Thread 0x000002bcd3dc7000 nmethod 6078 0x000002bcc2978c10 code [0x000002bcc2978e60, 0x000002bcc297ad08]
Event: 12.304 Thread 0x000002bcd3dc7000 6090       4       org.objectweb.asm.Frame::execute (2318 bytes)
Event: 12.312 Thread 0x000002bcd1d31000 6100       3       java.util.logging.LogManager::getProperty (9 bytes)
Event: 12.312 Thread 0x000002bcd1d31000 nmethod 6100 0x000002bcbbdbc890 code [0x000002bcbbdbca40, 0x000002bcbbdbcc08]
Event: 12.327 Thread 0x000002bcd1d31000 6101       3       java.util.IdentityHashMap::maskNull (12 bytes)
Event: 12.327 Thread 0x000002bcd1d31000 nmethod 6101 0x000002bcbbdbcd10 code [0x000002bcbbdbcec0, 0x000002bcbbdbcff8]
Event: 12.327 Thread 0x000002bcd1d31000 6102       3       java.util.IdentityHashMap::hash (18 bytes)
Event: 12.327 Thread 0x000002bcd1d31000 nmethod 6102 0x000002bcbbdbd090 code [0x000002bcbbdbd240, 0x000002bcbbdbd368]
Event: 12.334 Thread 0x000002bcd1d31000 6103       3       java.lang.invoke.BoundMethodHandle$Species_L::<init> (12 bytes)
Event: 12.334 Thread 0x000002bcd1d31000 nmethod 6103 0x000002bcbbdbd410 code [0x000002bcbbdbd5e0, 0x000002bcbbdbd7e8]
Event: 12.336 Thread 0x000002bcd1d31000 6104       3       java.lang.invoke.InvokerBytecodeGenerator::addMethod (685 bytes)
Event: 12.341 Thread 0x000002bcd1d31000 nmethod 6104 0x000002bcbbdbd910 code [0x000002bcbbdbdea0, 0x000002bcbbdc0708]
Event: 12.346 Thread 0x000002bcd1d31000 6105       3       com.sun.jmx.mbeanserver.MBeanAnalyzer$MethodOrder::compare (13 bytes)
Event: 12.347 Thread 0x000002bcd1d31000 nmethod 6105 0x000002bcbbdc1590 code [0x000002bcbbdc1760, 0x000002bcbbdc1a68]
Event: 12.350 Thread 0x000002bcd1d31000 6106       3       com.sun.jmx.mbeanserver.MBeanAnalyzer$MethodOrder::compare (106 bytes)
Event: 12.351 Thread 0x000002bcd1d31000 nmethod 6106 0x000002bcbbdc1b90 code [0x000002bcbbdc1e00, 0x000002bcbbdc2678]

GC Heap History (20 events):
Event: 7.366 GC heap before
{Heap before GC invocations=14 (full 0):
 garbage-first heap   total 92160K, used 61431K [0x0000000080000000, 0x0000000100000000)
  region size 1024K, 25 young (25600K), 3 survivors (3072K)
 Metaspace       used 41478K, capacity 42602K, committed 42828K, reserved 1087488K
  class space    used 5351K, capacity 5744K, committed 5760K, reserved 1048576K
}
Event: 7.372 GC heap after
{Heap after GC invocations=15 (full 0):
 garbage-first heap   total 92160K, used 40577K [0x0000000080000000, 0x0000000100000000)
  region size 1024K, 3 young (3072K), 3 survivors (3072K)
 Metaspace       used 41478K, capacity 42602K, committed 42828K, reserved 1087488K
  class space    used 5351K, capacity 5744K, committed 5760K, reserved 1048576K
}
Event: 7.558 GC heap before
{Heap before GC invocations=16 (full 0):
 garbage-first heap   total 92160K, used 50817K [0x0000000080000000, 0x0000000100000000)
  region size 1024K, 9 young (9216K), 3 survivors (3072K)
 Metaspace       used 41734K, capacity 42813K, committed 42956K, reserved 1087488K
  class space    used 5372K, capacity 5787K, committed 5888K, reserved 1048576K
}
Event: 7.569 GC heap after
{Heap after GC invocations=17 (full 0):
 garbage-first heap   total 92160K, used 46844K [0x0000000080000000, 0x0000000100000000)
  region size 1024K, 2 young (2048K), 2 survivors (2048K)
 Metaspace       used 41734K, capacity 42813K, committed 42956K, reserved 1087488K
  class space    used 5372K, capacity 5787K, committed 5888K, reserved 1048576K
}
Event: 7.816 GC heap before
{Heap before GC invocations=18 (full 0):
 garbage-first heap   total 92160K, used 61180K [0x0000000080000000, 0x0000000100000000)
  region size 1024K, 15 young (15360K), 2 survivors (2048K)
 Metaspace       used 42413K, capacity 43694K, committed 43852K, reserved 1087488K
  class space    used 5446K, capacity 5907K, committed 6016K, reserved 1048576K
}
Event: 7.824 GC heap after
{Heap after GC invocations=19 (full 0):
 garbage-first heap   total 110592K, used 52224K [0x0000000080000000, 0x0000000100000000)
  region size 1024K, 3 young (3072K), 3 survivors (3072K)
 Metaspace       used 42413K, capacity 43694K, committed 43852K, reserved 1087488K
  class space    used 5446K, capacity 5907K, committed 6016K, reserved 1048576K
}
Event: 8.309 GC heap before
{Heap before GC invocations=20 (full 0):
 garbage-first heap   total 110592K, used 76800K [0x0000000080000000, 0x0000000100000000)
  region size 1024K, 27 young (27648K), 3 survivors (3072K)
 Metaspace       used 44536K, capacity 45798K, committed 46028K, reserved 1089536K
  class space    used 5600K, capacity 6053K, committed 6144K, reserved 1048576K
}
Event: 8.315 GC heap after
{Heap after GC invocations=21 (full 0):
 garbage-first heap   total 110592K, used 54215K [0x0000000080000000, 0x0000000100000000)
  region size 1024K, 4 young (4096K), 4 survivors (4096K)
 Metaspace       used 44536K, capacity 45798K, committed 46028K, reserved 1089536K
  class space    used 5600K, capacity 6053K, committed 6144K, reserved 1048576K
}
Event: 8.654 GC heap before
{Heap before GC invocations=21 (full 0):
 garbage-first heap   total 110592K, used 77767K [0x0000000080000000, 0x0000000100000000)
  region size 1024K, 28 young (28672K), 4 survivors (4096K)
 Metaspace       used 46040K, capacity 47202K, committed 47436K, reserved 1091584K
  class space    used 5847K, capacity 6265K, committed 6272K, reserved 1048576K
}
Event: 8.662 GC heap after
{Heap after GC invocations=22 (full 0):
 garbage-first heap   total 110592K, used 56031K [0x0000000080000000, 0x0000000100000000)
  region size 1024K, 4 young (4096K), 4 survivors (4096K)
 Metaspace       used 46040K, capacity 47202K, committed 47436K, reserved 1091584K
  class space    used 5847K, capacity 6265K, committed 6272K, reserved 1048576K
}
Event: 9.059 GC heap before
{Heap before GC invocations=23 (full 0):
 garbage-first heap   total 110592K, used 81631K [0x0000000080000000, 0x0000000100000000)
  region size 1024K, 29 young (29696K), 4 survivors (4096K)
 Metaspace       used 47526K, capacity 48916K, committed 49100K, reserved 1091584K
  class space    used 6100K, capacity 6560K, committed 6656K, reserved 1048576K
}
Event: 9.069 GC heap after
{Heap after GC invocations=24 (full 0):
 garbage-first heap   total 110592K, used 57046K [0x0000000080000000, 0x0000000100000000)
  region size 1024K, 3 young (3072K), 3 survivors (3072K)
 Metaspace       used 47526K, capacity 48916K, committed 49100K, reserved 1091584K
  class space    used 6100K, capacity 6560K, committed 6656K, reserved 1048576K
}
Event: 9.726 GC heap before
{Heap before GC invocations=24 (full 0):
 garbage-first heap   total 110592K, used 83670K [0x0000000080000000, 0x0000000100000000)
  region size 1024K, 29 young (29696K), 3 survivors (3072K)
 Metaspace       used 49247K, capacity 50656K, committed 50764K, reserved 1093632K
  class space    used 6308K, capacity 6773K, committed 6784K, reserved 1048576K
}
Event: 9.744 GC heap after
{Heap after GC invocations=25 (full 0):
 garbage-first heap   total 133120K, used 59048K [0x0000000080000000, 0x0000000100000000)
  region size 1024K, 3 young (3072K), 3 survivors (3072K)
 Metaspace       used 49247K, capacity 50656K, committed 50764K, reserved 1093632K
  class space    used 6308K, capacity 6773K, committed 6784K, reserved 1048576K
}
Event: 10.548 GC heap before
{Heap before GC invocations=26 (full 0):
 garbage-first heap   total 133120K, used 81576K [0x0000000080000000, 0x0000000100000000)
  region size 1024K, 24 young (24576K), 3 survivors (3072K)
 Metaspace       used 49783K, capacity 51261K, committed 51404K, reserved 1093632K
  class space    used 6350K, capacity 6818K, committed 6912K, reserved 1048576K
}
Event: 10.560 GC heap after
{Heap after GC invocations=27 (full 0):
 garbage-first heap   total 133120K, used 64941K [0x0000000080000000, 0x0000000100000000)
  region size 1024K, 5 young (5120K), 5 survivors (5120K)
 Metaspace       used 49783K, capacity 51261K, committed 51404K, reserved 1093632K
  class space    used 6350K, capacity 6818K, committed 6912K, reserved 1048576K
}
Event: 11.279 GC heap before
{Heap before GC invocations=28 (full 0):
 garbage-first heap   total 133120K, used 99757K [0x0000000080000000, 0x0000000100000000)
  region size 1024K, 35 young (35840K), 5 survivors (5120K)
 Metaspace       used 52513K, capacity 53947K, committed 54092K, reserved 1095680K
  class space    used 6695K, capacity 7176K, committed 7296K, reserved 1048576K
}
Event: 11.287 GC heap after
{Heap after GC invocations=29 (full 0):
 garbage-first heap   total 133120K, used 74328K [0x0000000080000000, 0x0000000100000000)
  region size 1024K, 5 young (5120K), 5 survivors (5120K)
 Metaspace       used 52513K, capacity 53947K, committed 54092K, reserved 1095680K
  class space    used 6695K, capacity 7176K, committed 7296K, reserved 1048576K
}
Event: 11.827 GC heap before
{Heap before GC invocations=29 (full 0):
 garbage-first heap   total 133120K, used 100952K [0x0000000080000000, 0x0000000100000000)
  region size 1024K, 32 young (32768K), 5 survivors (5120K)
 Metaspace       used 56530K, capacity 58178K, committed 58444K, reserved 1099776K
  class space    used 7175K, capacity 7776K, committed 7808K, reserved 1048576K
}
Event: 11.835 GC heap after
{Heap after GC invocations=30 (full 0):
 garbage-first heap   total 133120K, used 75339K [0x0000000080000000, 0x0000000100000000)
  region size 1024K, 1 young (1024K), 1 survivors (1024K)
 Metaspace       used 56530K, capacity 58178K, committed 58444K, reserved 1099776K
  class space    used 7175K, capacity 7776K, committed 7808K, reserved 1048576K
}

Deoptimization events (20 events):
Event: 11.935 Thread 0x000002bcd4d96800 Uncommon trap: trap_request=0xffffffde fr.pc=0x000002bcc27efe88 relative=0x0000000000001408
Event: 11.935 Thread 0x000002bcd4d96800 Uncommon trap: reason=class_check action=maybe_recompile pc=0x000002bcc27efe88 method=jdk.internal.loader.BuiltinClassLoader.loadClassOrNull(Ljava/lang/String;Z)Ljava/lang/Class; @ 86 c2
Event: 11.935 Thread 0x000002bcd4d96800 DEOPT PACKING pc=0x000002bcc27efe88 sp=0x000000ff7edf6090
Event: 11.935 Thread 0x000002bcd4d96800 DEOPT UNPACKING pc=0x000002bcbaba78af sp=0x000000ff7edf6058 mode 2
Event: 12.331 Thread 0x000002bcd4d96800 Uncommon trap: trap_request=0xffffffc6 fr.pc=0x000002bcc284108c relative=0x0000000000004cac
Event: 12.332 Thread 0x000002bcd4d96800 Uncommon trap: reason=bimorphic_or_optimized_type_check action=maybe_recompile pc=0x000002bcc284108c method=java.util.Arrays.binarySearch0([Ljava/lang/Object;IILjava/lang/Object;Ljava/util/Comparator;)I @ 48 c2
Event: 12.332 Thread 0x000002bcd4d96800 DEOPT PACKING pc=0x000002bcc284108c sp=0x000000ff7edf3680
Event: 12.332 Thread 0x000002bcd4d96800 DEOPT UNPACKING pc=0x000002bcbaba78af sp=0x000000ff7edf3700 mode 2
Event: 12.332 Thread 0x000002bcd4d96800 Uncommon trap: trap_request=0xffffffc6 fr.pc=0x000002bcc284108c relative=0x0000000000004cac
Event: 12.332 Thread 0x000002bcd4d96800 Uncommon trap: reason=bimorphic_or_optimized_type_check action=maybe_recompile pc=0x000002bcc284108c method=java.util.Arrays.binarySearch0([Ljava/lang/Object;IILjava/lang/Object;Ljava/util/Comparator;)I @ 48 c2
Event: 12.332 Thread 0x000002bcd4d96800 DEOPT PACKING pc=0x000002bcc284108c sp=0x000000ff7edf3680
Event: 12.332 Thread 0x000002bcd4d96800 DEOPT UNPACKING pc=0x000002bcbaba78af sp=0x000000ff7edf3700 mode 2
Event: 12.332 Thread 0x000002bcd4d96800 Uncommon trap: trap_request=0xffffffc6 fr.pc=0x000002bcc284108c relative=0x0000000000004cac
Event: 12.332 Thread 0x000002bcd4d96800 Uncommon trap: reason=bimorphic_or_optimized_type_check action=maybe_recompile pc=0x000002bcc284108c method=java.util.Arrays.binarySearch0([Ljava/lang/Object;IILjava/lang/Object;Ljava/util/Comparator;)I @ 48 c2
Event: 12.332 Thread 0x000002bcd4d96800 DEOPT PACKING pc=0x000002bcc284108c sp=0x000000ff7edf3680
Event: 12.332 Thread 0x000002bcd4d96800 DEOPT UNPACKING pc=0x000002bcbaba78af sp=0x000000ff7edf3700 mode 2
Event: 12.332 Thread 0x000002bcd4d96800 Uncommon trap: trap_request=0xffffffc6 fr.pc=0x000002bcc284108c relative=0x0000000000004cac
Event: 12.332 Thread 0x000002bcd4d96800 Uncommon trap: reason=bimorphic_or_optimized_type_check action=maybe_recompile pc=0x000002bcc284108c method=java.util.Arrays.binarySearch0([Ljava/lang/Object;IILjava/lang/Object;Ljava/util/Comparator;)I @ 48 c2
Event: 12.332 Thread 0x000002bcd4d96800 DEOPT PACKING pc=0x000002bcc284108c sp=0x000000ff7edf3700
Event: 12.332 Thread 0x000002bcd4d96800 DEOPT UNPACKING pc=0x000002bcbaba78af sp=0x000000ff7edf3780 mode 2

Classes redefined (0 events):
No events

Internal exceptions (20 events):
Event: 10.759 Thread 0x000002bcd4d96800 Exception <a 'java/lang/ClassNotFoundException'{0x0000000087c466a0}: org/gradle/api/internal/AbstractTaskCustomizer> (0x0000000087c466a0) thrown at [./src/hotspot/share/classfile/systemDictionary.cpp, line 231]
Event: 10.763 Thread 0x000002bcd4d96800 Exception <a 'java/lang/ClassNotFoundException'{0x0000000087cb79e0}: org/gradle/api/DefaultTaskCustomizer> (0x0000000087cb79e0) thrown at [./src/hotspot/share/classfile/systemDictionary.cpp, line 231]
Event: 10.767 Thread 0x000002bcd4d96800 Exception <a 'java/lang/ClassNotFoundException'{0x0000000087b38c68}: org/gradle/api/internal/ConventionTaskCustomizer> (0x0000000087b38c68) thrown at [./src/hotspot/share/classfile/systemDictionary.cpp, line 231]
Event: 10.769 Thread 0x000002bcd4d96800 Exception <a 'java/lang/ClassNotFoundException'{0x0000000087b70bb0}: org/gradle/api/tasks/DeleteCustomizer> (0x0000000087b70bb0) thrown at [./src/hotspot/share/classfile/systemDictionary.cpp, line 231]
Event: 10.770 Thread 0x000002bcd4d96800 Exception <a 'java/lang/ClassNotFoundException'{0x0000000087bb0038}: org/gradle/api/tasks/Delete_DecoratedCustomizer> (0x0000000087bb0038) thrown at [./src/hotspot/share/classfile/systemDictionary.cpp, line 231]
Event: 10.799 Thread 0x000002bcd4bc6800 Exception <a 'sun/nio/fs/WindowsException'{0x0000000087a82fb0}> (0x0000000087a82fb0) thrown at [./src/hotspot/share/prims/jni.cpp, line 615]
Event: 10.807 Thread 0x000002bcd4bc6800 Exception <a 'sun/nio/fs/WindowsException'{0x0000000087ae0090}> (0x0000000087ae0090) thrown at [./src/hotspot/share/prims/jni.cpp, line 615]
Event: 10.808 Thread 0x000002bcd4bc6800 Exception <a 'sun/nio/fs/WindowsException'{0x0000000087ae0208}> (0x0000000087ae0208) thrown at [./src/hotspot/share/prims/jni.cpp, line 615]
Event: 10.815 Thread 0x000002bcd4d96800 Exception <a 'java/lang/ClassNotFoundException'{0x0000000087947b10}: build_d2so7rsy3ichfc4dw9p6pnrdzBeanInfo> (0x0000000087947b10) thrown at [./src/hotspot/share/classfile/systemDictionary.cpp, line 231]
Event: 10.815 Thread 0x000002bcd4d96800 Exception <a 'java/lang/ClassNotFoundException'{0x0000000087952a38}: build_d2so7rsy3ichfc4dw9p6pnrdzCustomizer> (0x0000000087952a38) thrown at [./src/hotspot/share/classfile/systemDictionary.cpp, line 231]
Event: 10.825 Thread 0x000002bcd4d96800 Exception <a 'java/lang/ClassNotFoundException'{0x00000000879d78e8}: org/gradle/plugin/use/internal/PluginRequestCollector$PluginDependenciesSpecImplBeanInfo> (0x00000000879d78e8) thrown at [./src/hotspot/share/classfile/systemDictionary.cpp, line 231]
Event: 10.826 Thread 0x000002bcd4d96800 Exception <a 'java/lang/ClassNotFoundException'{0x0000000087805f08}: org/gradle/plugin/use/internal/PluginRequestCollector$PluginDependenciesSpecImplCustomizer> (0x0000000087805f08) thrown at [./src/hotspot/share/classfile/systemDictionary.cpp, line 231]
Event: 11.062 Thread 0x000002bcd4d96800 Exception <a 'java/lang/NoSuchMethodError'{0x00000000867adb98}: 'java.lang.Object java.lang.invoke.DirectMethodHandle$Holder.invokeStatic(java.lang.Object, java.lang.Object, java.lang.Object, java.lang.Object, int)'> (0x00000000867adb98) thrown at [./src/hotspot/share/interpreter/linkResolver.cpp, line 773]
Event: 11.063 Thread 0x000002bcd4d96800 Exception <a 'java/lang/NoSuchMethodError'{0x00000000867b2590}: 'java.lang.Object java.lang.invoke.DirectMethodHandle$Holder.invokeSpecial(java.lang.Object, java.lang.Object, java.lang.Object, java.lang.Object, java.lang.Object, int)'> (0x00000000867b2590) thrown at [./src/hotspot/share/interpreter/linkResolver.cpp, line 773]
Event: 11.064 Thread 0x000002bcd4d96800 Exception <a 'java/lang/NoSuchMethodError'{0x00000000867b6bd0}: 'java.lang.Object java.lang.invoke.Invokers$Holder.linkToTargetMethod(java.lang.Object, java.lang.Object, java.lang.Object, int, java.lang.Object)'> (0x00000000867b6bd0) thrown at [./src/hotspot/share/interpreter/linkResolver.cpp, line 773]
Event: 11.411 Thread 0x000002bcd4d96800 Exception <a 'java/lang/NoSuchMethodError'{0x0000000087b98448}: 'java.lang.Object java.lang.invoke.DirectMethodHandle$Holder.invokeSpecial(java.lang.Object, java.lang.Object, int, int, java.lang.Object, java.lang.Object, java.lang.Object)'> (0x0000000087b98448) thrown at [./src/hotspot/share/interpreter/linkResolver.cpp, line 773]
Event: 11.412 Thread 0x000002bcd4d96800 Exception <a 'java/lang/NoSuchMethodError'{0x0000000087b9c9c8}: 'java.lang.Object java.lang.invoke.DelegatingMethodHandle$Holder.reinvoke_L(java.lang.Object, int, int, java.lang.Object, java.lang.Object, java.lang.Object)'> (0x0000000087b9c9c8) thrown at [./src/hotspot/share/interpreter/linkResolver.cpp, line 773]
Event: 11.706 Thread 0x000002bcd4d96800 Exception <a 'java/lang/NoSuchMethodError'{0x0000000086facfc8}: 'int java.lang.invoke.DirectMethodHandle$Holder.invokeInterface(java.lang.Object, java.lang.Object, java.lang.Object, java.lang.Object)'> (0x0000000086facfc8) thrown at [./src/hotspot/share/interpreter/linkResolver.cpp, line 773]
Event: 12.103 Thread 0x000002bcd4d96800 Exception <a 'java/lang/NoSuchMethodError'{0x0000000087b58e78}: 'void java.lang.invoke.DirectMethodHandle$Holder.invokeInterface(java.lang.Object, java.lang.Object, java.lang.Object, java.lang.Object)'> (0x0000000087b58e78) thrown at [./src/hotspot/share/interpreter/linkResolver.cpp, line 773]
Event: 12.315 Thread 0x000002bcd4d96800 Exception <a 'java/lang/IncompatibleClassChangeError'{0x000000008732cb48}: Found class java.lang.Object, but interface was expected> (0x000000008732cb48) thrown at [./src/hotspot/share/interpreter/linkResolver.cpp, line 839]

Events (20 events):
Event: 12.331 loading class javax/management/openmbean/OpenMBeanAttributeInfo done
Event: 12.331 loading class javax/management/openmbean/OpenMBeanAttributeInfoSupport done
Event: 12.341 loading class com/sun/jmx/mbeanserver/PerInterface
Event: 12.342 loading class com/sun/jmx/mbeanserver/PerInterface done
Event: 12.342 loading class com/sun/jmx/mbeanserver/PerInterface$InitMaps
Event: 12.342 loading class com/sun/jmx/mbeanserver/PerInterface$InitMaps done
Event: 12.343 loading class com/sun/jmx/mbeanserver/MXBeanLookup
Event: 12.343 loading class com/sun/jmx/mbeanserver/MXBeanLookup done
Event: 12.343 loading class com/sun/jmx/mbeanserver/WeakIdentityHashMap
Event: 12.343 loading class com/sun/jmx/mbeanserver/WeakIdentityHashMap done
Event: 12.343 loading class com/sun/jmx/mbeanserver/WeakIdentityHashMap$IdentityWeakReference
Event: 12.343 loading class com/sun/jmx/mbeanserver/WeakIdentityHashMap$IdentityWeakReference done
Event: 12.344 loading class java/lang/management/ThreadInfo
Event: 12.345 loading class java/lang/management/ThreadInfo done
Event: 12.346 loading class java/lang/management/LockInfo
Event: 12.346 loading class java/lang/management/LockInfo done
Event: 12.346 loading class java/lang/management/MonitorInfo
Event: 12.346 loading class java/lang/management/MonitorInfo done
Event: 12.349 loading class com/sun/jmx/mbeanserver/DefaultMXBeanMappingFactory$CompositeMapping
Event: 12.350 loading class com/sun/jmx/mbeanserver/DefaultMXBeanMappingFactory$CompositeMapping done


Dynamic libraries:
0x00007ff7655a0000 - 0x00007ff7655aa000 	C:\Program Files\Android\Android Studio\jre\bin\java.exe
0x00007ffa9faf0000 - 0x00007ffa9fce5000 	C:\WINDOWS\SYSTEM32\ntdll.dll
0x00007ffa9ed00000 - 0x00007ffa9edbe000 	C:\WINDOWS\System32\KERNEL32.DLL
0x00007ffa9d240000 - 0x00007ffa9d509000 	C:\WINDOWS\System32\KERNELBASE.dll
0x00007ffa9d810000 - 0x00007ffa9d910000 	C:\WINDOWS\System32\ucrtbase.dll
0x00007ffa74a80000 - 0x00007ffa74a97000 	C:\Program Files\Android\Android Studio\jre\bin\VCRUNTIME140.dll
0x00007ffa6f630000 - 0x00007ffa6f649000 	C:\Program Files\Android\Android Studio\jre\bin\jli.dll
0x00007ffa9f410000 - 0x00007ffa9f5b1000 	C:\WINDOWS\System32\USER32.dll
0x00007ffa9d210000 - 0x00007ffa9d232000 	C:\WINDOWS\System32\win32u.dll
0x00007ffa9f3c0000 - 0x00007ffa9f3eb000 	C:\WINDOWS\System32\GDI32.dll
0x00007ffa9d5a0000 - 0x00007ffa9d6ab000 	C:\WINDOWS\System32\gdi32full.dll
0x00007ffa9d910000 - 0x00007ffa9d9ad000 	C:\WINDOWS\System32\msvcp_win.dll
0x00007ffa9c5b0000 - 0x00007ffa9c84a000 	C:\WINDOWS\WinSxS\amd64_microsoft.windows.common-controls_6595b64144ccf1df_6.0.19041.1110_none_60b5254171f9507e\COMCTL32.dll
0x00007ffa9db40000 - 0x00007ffa9dbde000 	C:\WINDOWS\System32\msvcrt.dll
0x00007ffa9ecd0000 - 0x00007ffa9ed00000 	C:\WINDOWS\System32\IMM32.DLL
0x00007ffa68080000 - 0x00007ffa6811d000 	C:\Program Files\Android\Android Studio\jre\bin\msvcp140.dll
0x00007ffa69690000 - 0x00007ffa6a15f000 	C:\Program Files\Android\Android Studio\jre\bin\server\jvm.dll
0x00007ffa9f310000 - 0x00007ffa9f3bc000 	C:\WINDOWS\System32\ADVAPI32.dll
0x00007ffa9e360000 - 0x00007ffa9e3fb000 	C:\WINDOWS\System32\sechost.dll
0x00007ffa9dbe0000 - 0x00007ffa9dd0a000 	C:\WINDOWS\System32\RPCRT4.dll
0x00007ffa9e070000 - 0x00007ffa9e078000 	C:\WINDOWS\System32\PSAPI.DLL
0x00007ffa9ae30000 - 0x00007ffa9ae39000 	C:\WINDOWS\SYSTEM32\WSOCK32.dll
0x00007ffa9f8b0000 - 0x00007ffa9f91b000 	C:\WINDOWS\System32\WS2_32.dll
0x00007ffa81560000 - 0x00007ffa81587000 	C:\WINDOWS\SYSTEM32\WINMM.dll
0x00007ffa9a3d0000 - 0x00007ffa9a3da000 	C:\WINDOWS\SYSTEM32\VERSION.dll
0x00007ffa9adc0000 - 0x00007ffa9add2000 	C:\WINDOWS\SYSTEM32\kernel.appcore.dll
0x00007ffa96de0000 - 0x00007ffa96df1000 	C:\Program Files\Android\Android Studio\jre\bin\verify.dll
0x00007ffa9cb30000 - 0x00007ffa9cd14000 	C:\WINDOWS\SYSTEM32\DBGHELP.DLL
0x00007ffa9c960000 - 0x00007ffa9c98c000 	C:\WINDOWS\SYSTEM32\dbgcore.DLL
0x00007ffa9d510000 - 0x00007ffa9d593000 	C:\WINDOWS\System32\bcryptPrimitives.dll
0x00007ffa96db0000 - 0x00007ffa96dd9000 	C:\Program Files\Android\Android Studio\jre\bin\java.dll
0x00007ffa96e40000 - 0x00007ffa96e4b000 	C:\Program Files\Android\Android Studio\jre\bin\jimage.dll
0x00007ffa96b30000 - 0x00007ffa96b48000 	C:\Program Files\Android\Android Studio\jre\bin\zip.dll
0x00007ffa9e460000 - 0x00007ffa9eb9f000 	C:\WINDOWS\System32\SHELL32.dll
0x00007ffa9a620000 - 0x00007ffa9adb0000 	C:\WINDOWS\SYSTEM32\windows.storage.dll
0x00007ffa9dd10000 - 0x00007ffa9e065000 	C:\WINDOWS\System32\combase.dll
0x00007ffa9c510000 - 0x00007ffa9c53c000 	C:\WINDOWS\SYSTEM32\Wldp.dll
0x00007ffa9f5c0000 - 0x00007ffa9f66e000 	C:\WINDOWS\System32\SHCORE.dll
0x00007ffa9e400000 - 0x00007ffa9e455000 	C:\WINDOWS\System32\shlwapi.dll
0x00007ffa9d150000 - 0x00007ffa9d16f000 	C:\WINDOWS\SYSTEM32\profapi.dll
0x00007ffa967c0000 - 0x00007ffa967da000 	C:\Program Files\Android\Android Studio\jre\bin\net.dll
0x00007ffa911f0000 - 0x00007ffa912f8000 	C:\WINDOWS\SYSTEM32\WINHTTP.dll
0x00007ffa9c3e0000 - 0x00007ffa9c44a000 	C:\WINDOWS\system32\mswsock.dll
0x00007ffa96750000 - 0x00007ffa96764000 	C:\Program Files\Android\Android Studio\jre\bin\nio.dll
0x00007ffa7ec50000 - 0x00007ffa7ec77000 	C:\Users\Lenovo\.gradle\native\8bec1ad78214c89d9ad589b4d07fe93259594b29d510b10fafb7a158f7737e5d\windows-amd64\native-platform.dll
0x00007ffa69120000 - 0x00007ffa6925d000 	C:\Users\Lenovo\.gradle\native\53dbd7edfb1c66fb8903c78663c9afc45aea4f116125fa6feffd364cf09443e8\windows-amd64\native-platform-file-events.dll
0x00007ffa96d50000 - 0x00007ffa96d5a000 	C:\Program Files\Android\Android Studio\jre\bin\management.dll
0x00007ffa96740000 - 0x00007ffa9674c000 	C:\Program Files\Android\Android Studio\jre\bin\management_ext.dll
0x00007ffa9cec0000 - 0x00007ffa9ced8000 	C:\WINDOWS\SYSTEM32\CRYPTSP.dll
0x00007ffa9bc10000 - 0x00007ffa9bc44000 	C:\WINDOWS\system32\rsaenh.dll
0x00007ffa9db10000 - 0x00007ffa9db37000 	C:\WINDOWS\System32\bcrypt.dll
0x00007ffa9d110000 - 0x00007ffa9d13e000 	C:\WINDOWS\SYSTEM32\USERENV.dll
0x00007ffa9c4d0000 - 0x00007ffa9c4dc000 	C:\WINDOWS\SYSTEM32\CRYPTBASE.dll
0x00007ffa9bf60000 - 0x00007ffa9bf9b000 	C:\WINDOWS\SYSTEM32\IPHLPAPI.DLL
0x00007ffa9e080000 - 0x00007ffa9e088000 	C:\WINDOWS\System32\NSI.dll
0x00007ffa915a0000 - 0x00007ffa915b7000 	C:\WINDOWS\SYSTEM32\dhcpcsvc6.DLL
0x00007ffa92720000 - 0x00007ffa9273d000 	C:\WINDOWS\SYSTEM32\dhcpcsvc.DLL
0x00007ffa9bfa0000 - 0x00007ffa9c06c000 	C:\WINDOWS\SYSTEM32\DNSAPI.dll

dbghelp: loaded successfully - version: 4.0.5 - missing functions: none
symbol engine: initialized successfully - sym options: 0x614 - pdb path: .;C:\Program Files\Android\Android Studio\jre\bin;C:\WINDOWS\SYSTEM32;C:\WINDOWS\WinSxS\amd64_microsoft.windows.common-controls_6595b64144ccf1df_6.0.19041.1110_none_60b5254171f9507e;C:\Program Files\Android\Android Studio\jre\bin\server;C:\Users\Lenovo\.gradle\native\8bec1ad78214c89d9ad589b4d07fe93259594b29d510b10fafb7a158f7737e5d\windows-amd64;C:\Users\Lenovo\.gradle\native\53dbd7edfb1c66fb8903c78663c9afc45aea4f116125fa6feffd364cf09443e8\windows-amd64

VM Arguments:
jvm_args: --add-opens=java.base/java.util=ALL-UNNAMED --add-opens=java.base/java.lang=ALL-UNNAMED --add-opens=java.base/java.lang.invoke=ALL-UNNAMED --add-opens=java.base/java.util=ALL-UNNAMED --add-opens=java.prefs/java.util.prefs=ALL-UNNAMED --add-opens=java.prefs/java.util.prefs=ALL-UNNAMED --add-opens=java.base/java.nio.charset=ALL-UNNAMED --add-opens=java.base/java.net=ALL-UNNAMED --add-opens=java.base/java.util.concurrent.atomic=ALL-UNNAMED -Xmx2048m -Dfile.encoding=UTF-8 -Duser.country=SE -Duser.language=sv -Duser.variant 
java_command: org.gradle.launcher.daemon.bootstrap.GradleDaemon 7.0.2
java_class_path (initial): C:\Users\Lenovo\.gradle\wrapper\dists\gradle-7.0.2-bin\857tjihv64xamwrf0h14cai3r\gradle-7.0.2\lib\gradle-launcher-7.0.2.jar
Launcher Type: SUN_STANDARD

[Global flags]
     intx CICompilerCount                          = 3                                         {product} {ergonomic}
     uint ConcGCThreads                            = 1                                         {product} {ergonomic}
     uint G1ConcRefinementThreads                  = 4                                         {product} {ergonomic}
   size_t G1HeapRegionSize                         = 1048576                                   {product} {ergonomic}
    uintx GCDrainStackTargetSize                   = 64                                        {product} {ergonomic}
   size_t InitialHeapSize                          = 65011712                                  {product} {ergonomic}
   size_t MarkStackSize                            = 4194304                                   {product} {ergonomic}
   size_t MaxHeapSize                              = 2147483648                                {product} {command line}
   size_t MaxNewSize                               = 1287651328                                {product} {ergonomic}
   size_t MinHeapDeltaBytes                        = 1048576                                   {product} {ergonomic}
    uintx NonNMethodCodeHeapSize                   = 5830732                                {pd product} {ergonomic}
    uintx NonProfiledCodeHeapSize                  = 122913754                              {pd product} {ergonomic}
    uintx ProfiledCodeHeapSize                     = 122913754                              {pd product} {ergonomic}
    uintx ReservedCodeCacheSize                    = 251658240                              {pd product} {ergonomic}
     bool SegmentedCodeCache                       = true                                      {product} {ergonomic}
     bool UseCompressedClassPointers               = true                                 {lp64_product} {ergonomic}
     bool UseCompressedOops                        = true                                 {lp64_product} {ergonomic}
     bool UseG1GC                                  = true                                      {product} {ergonomic}
     bool UseLargePagesIndividualAllocation        = false                                  {pd product} {ergonomic}

Logging:
Log output configuration:
 #0: stdout all=warning uptime,level,tags
 #1: stderr all=off uptime,level,tags

Environment Variables:
PATH=C:\WINDOWS\system32;C:\WINDOWS;C:\WINDOWS\System32\Wbem;C:\WINDOWS\System32\WindowsPowerShell\v1.0\;C:\WINDOWS\System32\OpenSSH\;C:\Program Files\dotnet\;C:\inetpub\wwwroot\sqlite3\sqlite-tools-win32-x86-3310100;C:\Program Files\Git\cmd;C:\Users\Lenovo\AppData\Local\Microsoft\WindowsApps;C:\Users\Lenovo\AppData\Local\Programs\Microsoft VS Code\bin;C:\wamp64\bin\php\php7.4.0;C:\Users\Lenovo\.dotnet\tools;%USERPROFILE%\AppData\Local\Microsoft\WindowsApps;
USERNAME=Lenovo
OS=Windows_NT
PROCESSOR_IDENTIFIER=Intel64 Family 6 Model 142 Stepping 9, GenuineIntel



---------------  S Y S T E M  ---------------

OS: Windows 10 , 64 bit Build 19041 (10.0.19041.1202)
OS uptime: 0 days 0:33 hours

CPU:total 4 (initial active 4) (2 cores per cpu, 2 threads per core) family 6 model 142 stepping 9 microcode 0xc6, cmov, cx8, fxsr, mmx, sse, sse2, sse3, ssse3, sse4.1, sse4.2, popcnt, avx, avx2, aes, clmul, erms, 3dnowpref, lzcnt, ht, tsc, tscinvbit, bmi1, bmi2, adx, fma

Memory: 4k page, system-wide physical 3962M (358M free)
TotalPageFile size 9719M (AvailPageFile size 3893M)
current process WorkingSet (physical memory assigned to process): 318M, peak: 320M
current process commit charge ("private bytes"): 347M, peak: 349M

vm_info: OpenJDK 64-Bit Server VM (11.0.10+0-b96-7249189) for windows-amd64 JRE (11.0.10+0-b96-7249189), built on Mar 31 2021 21:44:00 by "builder" with MS VC++ 14.0 (VS2015)

END.
