#
# A fatal error has been detected by the Java Runtime Environment:
#
#  EXCEPTION_ACCESS_VIOLATION (0xc0000005) at pc=0x00007ffd954a2c28, pid=2164, tid=7520
#
# JRE version: OpenJDK Runtime Environment (11.0.10) (build 11.0.10+0-b96-7249189)
# Java VM: OpenJDK 64-Bit Server VM (11.0.10+0-b96-7249189, mixed mode, tiered, compressed oops, g1 gc, windows-amd64)
# Problematic frame:
# V  [jvm.dll+0x352c28]
#
# No core dump will be written. Minidumps are not enabled by default on client versions of Windows
#
# If you would like to submit a bug report, please visit:
#   https://bugreport.java.com/bugreport/crash.jsp
#

---------------  S U M M A R Y ------------

Command Line: org.jetbrains.kotlin.cli.jvm.K2JVMCompiler @C:\Users\Lenovo\AndroidStudioProjects\Movieapp2 - kopia - kopia\app\build\20211012_65457336925795915.compiler.options

Host: Intel(R) Core(TM) i3-7130U CPU @ 2.70GHz, 4 cores, 3G,  Windows 10 , 64 bit Build 19041 (10.0.19041.1202)
Time: Tue Oct 12 13:17:30 2021 Västeuropa, sommartid elapsed time: 4.355194 seconds (0d 0h 0m 4s)

---------------  T H R E A D  ---------------

Current thread (0x0000028fe885a000):  JavaThread "C2 CompilerThread0" daemon [_thread_in_native, id=7520, stack(0x000000b82c000000,0x000000b82c100000)]


Current CompileTask:
C2:   4355 2045   !   4       jdk.internal.loader.BuiltinClassLoader::loadClassOrNull (143 bytes)

Stack: [0x000000b82c000000,0x000000b82c100000],  sp=0x000000b82c0fbb90,  free space=1006k
Native frames: (J=compiled Java code, j=interpreted, Vv=VM code, C=native code)
V  [jvm.dll+0x352c28]
V  [jvm.dll+0x35157f]
V  [jvm.dll+0x198040]
V  [jvm.dll+0x1fb70e]
V  [jvm.dll+0x1fa7f4]
V  [jvm.dll+0x18354c]
V  [jvm.dll+0x208ee7]
V  [jvm.dll+0x207731]
V  [jvm.dll+0x6eb1cf]
V  [jvm.dll+0x6e3d45]
V  [jvm.dll+0x5ebe96]
C  [ucrtbase.dll+0x21bb2]
C  [KERNEL32.DLL+0x17034]
C  [ntdll.dll+0x52651]


siginfo: EXCEPTION_ACCESS_VIOLATION (0xc0000005), reading address 0x0000028fab96b528


Register to memory mapping:

RIP=0x00007ffd954a2c28 jvm.dll
RAX=0x0000028fec01c8e8 points into unknown readable memory: 0x0000028fea6e1f30 | 30 1f 6e ea 8f 02 00 00
RBX=0x000000000000000b is an unknown value
RCX=0x0000028fea51abf8 points into unknown readable memory: 0x00007ffd95938568 | 68 85 93 95 fd 7f 00 00
RDX=0x0000028febe5b4f0 points into unknown readable memory: 0x0000000000000017 | 17 00 00 00 00 00 00 00
RSP=0x000000b82c0fbb90 is pointing into the stack for thread: 0x0000028fe885a000
RBP=0x000000b82c0fbcc0 is pointing into the stack for thread: 0x0000028fe885a000
RSI=0x0000028fab96b528 is an unknown value
RDI=0x0000028fea51abf8 points into unknown readable memory: 0x00007ffd95938568 | 68 85 93 95 fd 7f 00 00
R8 =0x000000000000003b is an unknown value
R9 =0x0000000000000008 is an unknown value
R10=0x000000000000003b is an unknown value
R11=0x000000b82c0fbc50 is pointing into the stack for thread: 0x0000028fe885a000
R12=0x0 is NULL
R13=0x000000b82c0fc200 is pointing into the stack for thread: 0x0000028fe885a000
R14=0x0000028fea51abf8 points into unknown readable memory: 0x00007ffd95938568 | 68 85 93 95 fd 7f 00 00
R15=0x000000000000000b is an unknown value


Registers:
RAX=0x0000028fec01c8e8, RBX=0x000000000000000b, RCX=0x0000028fea51abf8, RDX=0x0000028febe5b4f0
RSP=0x000000b82c0fbb90, RBP=0x000000b82c0fbcc0, RSI=0x0000028fab96b528, RDI=0x0000028fea51abf8
R8 =0x000000000000003b, R9 =0x0000000000000008, R10=0x000000000000003b, R11=0x000000b82c0fbc50
R12=0x0000000000000000, R13=0x000000b82c0fc200, R14=0x0000028fea51abf8, R15=0x000000000000000b
RIP=0x00007ffd954a2c28, EFLAGS=0x0000000000010287

Top of Stack: (sp=0x000000b82c0fbb90)
0x000000b82c0fbb90:   000000000000000b 000000000000000b
0x000000b82c0fbba0:   0000000000000003 000000b82c0fbcc0
0x000000b82c0fbbb0:   000000000000000b 00007ffd954a157f
0x000000b82c0fbbc0:   000000000000000b 0000000000000003
0x000000b82c0fbbd0:   0000028fea51abf8 0000000000000003
0x000000b82c0fbbe0:   000000b800000c9a 000000b82c0fbc50
0x000000b82c0fbbf0:   000000b8000f423f 0000000b00000002
0x000000b82c0fbc00:   0000000d00000003 0000000000000000
0x000000b82c0fbc10:   00000003ffffffff 0000000b00000000
0x000000b82c0fbc20:   0000000e00000000 00007ffd00000000
0x000000b82c0fbc30:   000006160000000a 0000028f00000000
0x000000b82c0fbc40:   0000000000000000 00007ffd00040000
0x000000b82c0fbc50:   0000028f00000017 0000028fec382250
0x000000b82c0fbc60:   0000028fec480150 00007ffd00000000
0x000000b82c0fbc70:   0000028fec468aa0 00007ffd00000001
0x000000b82c0fbc80:   0000028fec4652c0 0000000000000001 

Instructions: (pc=0x00007ffd954a2c28)
0x00007ffd954a2b28:   98 00 00 00 48 03 51 10 48 8d 4c 24 20 e8 96 51
0x00007ffd954a2b38:   00 00 8b 44 24 20 4c 8d 35 bb d4 ca ff 85 c0 74
0x00007ffd954a2b48:   3d 44 8b 44 24 24 a8 1f 75 0b c1 e8 05 41 83 c0
0x00007ffd954a2b58:   05 a8 1f 74 f5 8b d0 83 e2 1f 42 0f b6 8c 32 40
0x00007ffd954a2b68:   cd 82 00 d3 e8 41 03 c8 89 4c 24 24 42 0f b6 8c
0x00007ffd954a2b78:   32 20 cd 82 00 41 03 c8 89 44 24 20 eb 10 48 8d
0x00007ffd954a2b88:   4c 24 20 e8 90 51 00 00 8b c8 8b 44 24 20 85 c9
0x00007ffd954a2b98:   74 3b 48 8d 14 89 48 c1 e2 05 48 03 56 20 0f b7
0x00007ffd954a2ba8:   8a 94 00 00 00 0f ba e5 08 72 18 f7 82 98 00 00
0x00007ffd954a2bb8:   00 00 01 00 00 75 0c 3b d9 0f 47 cb 03 f9 e9 7a
0x00007ffd954a2bc8:   ff ff ff 0f af cb 03 f9 e9 70 ff ff ff 4c 8d 5c
0x00007ffd954a2bd8:   24 60 8b c7 49 8b 5b 10 49 8b 6b 18 49 8b 73 20
0x00007ffd954a2be8:   49 8b 7b 28 49 8b e3 41 5e c3 cc cc cc cc cc cc
0x00007ffd954a2bf8:   cc cc cc cc cc cc cc cc 48 89 5c 24 08 48 89 74
0x00007ffd954a2c08:   24 10 57 48 83 ec 20 8b 59 28 48 8b f9 ff cb 3b
0x00007ffd954a2c18:   59 18 73 0a 48 8b 41 20 48 8b 34 d8 eb 02 33 f6
0x00007ffd954a2c28:   48 8b 06 48 8b ce ff 50 20 48 3b c6 74 03 2b 5f
0x00007ffd954a2c38:   48 ba 01 00 00 00 3b da 76 34 44 8b 4f 18 44 8d
0x00007ffd954a2c48:   42 07 66 0f 1f 44 00 00 41 3b d1 73 0a 48 8b 47
0x00007ffd954a2c58:   20 49 8b 0c 00 eb 02 33 c9 8b 49 2c 83 e1 0f 80
0x00007ffd954a2c68:   f9 0c 75 0a ff c2 49 83 c0 08 3b d3 72 da 48 8b
0x00007ffd954a2c78:   5c 24 30 8b c2 48 8b 74 24 38 48 83 c4 20 5f c3
0x00007ffd954a2c88:   cc cc cc cc cc cc cc cc 48 89 5c 24 08 48 89 6c
0x00007ffd954a2c98:   24 10 48 89 74 24 18 57 41 54 41 55 41 56 41 57
0x00007ffd954a2ca8:   48 83 ec 20 8b ea 48 8b d9 48 8b 51 30 89 69 28
0x00007ffd954a2cb8:   b9 20 00 00 00 e8 0e 0a d6 ff 45 33 f6 48 85 c0
0x00007ffd954a2cc8:   74 0e 48 8b 53 30 48 8b c8 e8 0a a0 3b 00 eb 03
0x00007ffd954a2cd8:   49 8b c6 48 8b 73 30 4c 8d 2c ad 00 00 00 00 4c
0x00007ffd954a2ce8:   03 ed 48 89 43 38 49 c1 e5 05 4c 8b fd 44 88 73
0x00007ffd954a2cf8:   18 49 8d 7d 0f 48 83 e7 f0 4c 8b e7 49 f7 d4 4c
0x00007ffd954a2d08:   3b 66 18 73 12 4c 8d 05 1c b6 48 00 48 8b d7 48
0x00007ffd954a2d18:   8b ce e8 d1 a0 d6 ff 48 8b 46 18 48 8d 0c 38 48 


Stack slot to memory mapping:
stack at sp + 0 slots: 0x000000000000000b is an unknown value
stack at sp + 1 slots: 0x000000000000000b is an unknown value
stack at sp + 2 slots: 0x0000000000000003 is an unknown value
stack at sp + 3 slots: 0x000000b82c0fbcc0 is pointing into the stack for thread: 0x0000028fe885a000
stack at sp + 4 slots: 0x000000000000000b is an unknown value
stack at sp + 5 slots: 0x00007ffd954a157f jvm.dll
stack at sp + 6 slots: 0x000000000000000b is an unknown value
stack at sp + 7 slots: 0x0000000000000003 is an unknown value


---------------  P R O C E S S  ---------------

Threads class SMR info:
_java_thread_list=0x0000028fe8b33a10, length=10, elements={
0x0000028fd045a800, 0x0000028fe8832000, 0x0000028fe883d800, 0x0000028fe8852000,
0x0000028fe8854000, 0x0000028fe8856000, 0x0000028fe885a000, 0x0000028fe88a2800,
0x0000028fe88a4000, 0x0000028fe8b35000
}

Java Threads: ( => current thread )
  0x0000028fd045a800 JavaThread "main" [_thread_in_native, id=9812, stack(0x000000b82b400000,0x000000b82b500000)]
  0x0000028fe8832000 JavaThread "Reference Handler" daemon [_thread_blocked, id=12000, stack(0x000000b82bb00000,0x000000b82bc00000)]
  0x0000028fe883d800 JavaThread "Finalizer" daemon [_thread_blocked, id=9844, stack(0x000000b82bc00000,0x000000b82bd00000)]
  0x0000028fe8852000 JavaThread "Signal Dispatcher" daemon [_thread_blocked, id=5544, stack(0x000000b82bd00000,0x000000b82be00000)]
  0x0000028fe8854000 JavaThread "Attach Listener" daemon [_thread_blocked, id=14268, stack(0x000000b82be00000,0x000000b82bf00000)]
  0x0000028fe8856000 JavaThread "Service Thread" daemon [_thread_blocked, id=2220, stack(0x000000b82bf00000,0x000000b82c000000)]
=>0x0000028fe885a000 JavaThread "C2 CompilerThread0" daemon [_thread_in_native, id=7520, stack(0x000000b82c000000,0x000000b82c100000)]
  0x0000028fe88a2800 JavaThread "C1 CompilerThread0" daemon [_thread_blocked, id=6196, stack(0x000000b82c100000,0x000000b82c200000)]
  0x0000028fe88a4000 JavaThread "Sweeper thread" daemon [_thread_blocked, id=992, stack(0x000000b82c200000,0x000000b82c300000)]
  0x0000028fe8b35000 JavaThread "Common-Cleaner" daemon [_thread_blocked, id=13296, stack(0x000000b82c400000,0x000000b82c500000)]

Other Threads:
  0x0000028fe880e000 VMThread "VM Thread" [stack: 0x000000b82ba00000,0x000000b82bb00000] [id=10360]
  0x0000028fe8b2c000 WatcherThread [stack: 0x000000b82c300000,0x000000b82c400000] [id=1280]
  0x0000028fd0472000 GCTaskThread "GC Thread#0" [stack: 0x000000b82b500000,0x000000b82b600000] [id=11964]
  0x0000028fe8f6e800 GCTaskThread "GC Thread#1" [stack: 0x000000b82c500000,0x000000b82c600000] [id=8644]
  0x0000028fd048d800 ConcurrentGCThread "G1 Main Marker" [stack: 0x000000b82b600000,0x000000b82b700000] [id=9424]
  0x0000028fd048f800 ConcurrentGCThread "G1 Conc#0" [stack: 0x000000b82b700000,0x000000b82b800000] [id=11800]
  0x0000028fd04d6000 ConcurrentGCThread "G1 Refine#0" [stack: 0x000000b82b800000,0x000000b82b900000] [id=10740]
  0x0000028fd04d7000 ConcurrentGCThread "G1 Young RemSet Sampling" [stack: 0x000000b82b900000,0x000000b82ba00000] [id=11644]

Threads with active compile tasks:
C2 CompilerThread0   4781 2045   !   4       jdk.internal.loader.BuiltinClassLoader::loadClassOrNull (143 bytes)

VM state:not at safepoint (normal execution)

VM Mutex/Monitor currently owned by a thread: None

Heap address: 0x00000000c2000000, size: 992 MB, Compressed Oops mode: 32-bit
Narrow klass base: 0x0000000000000000, Narrow klass shift: 3
Compressed class space size: 1073741824 Address: 0x0000000100000000

Heap:
 garbage-first heap   total 63488K, used 19264K [0x00000000c2000000, 0x0000000100000000)
  region size 1024K, 6 young (6144K), 3 survivors (3072K)
 Metaspace       used 27752K, capacity 28232K, committed 28544K, reserved 1075200K
  class space    used 2960K, capacity 3121K, committed 3200K, reserved 1048576K
Heap Regions: E=young(eden), S=young(survivor), O=old, HS=humongous(starts), HC=humongous(continues), CS=collection set, F=free, A=archive, TAMS=top-at-mark-start (previous, next)
|   0|0x00000000c2000000, 0x00000000c2100000, 0x00000000c2100000|100%|HS|  |TAMS 0x00000000c2100000, 0x00000000c2000000| Complete 
|   1|0x00000000c2100000, 0x00000000c2200000, 0x00000000c2200000|100%|HC|  |TAMS 0x00000000c2200000, 0x00000000c2100000| Complete 
|   2|0x00000000c2200000, 0x00000000c2300000, 0x00000000c2300000|100%|HC|  |TAMS 0x00000000c2300000, 0x00000000c2200000| Complete 
|   3|0x00000000c2300000, 0x00000000c2400000, 0x00000000c2400000|100%| O|  |TAMS 0x00000000c2400000, 0x00000000c2300000| Untracked 
|   4|0x00000000c2400000, 0x00000000c2500000, 0x00000000c2500000|100%| O|  |TAMS 0x00000000c2500000, 0x00000000c2400000| Untracked 
|   5|0x00000000c2500000, 0x00000000c2600000, 0x00000000c2600000|100%| O|  |TAMS 0x00000000c2600000, 0x00000000c2500000| Untracked 
|   6|0x00000000c2600000, 0x00000000c2700000, 0x00000000c2700000|100%| O|  |TAMS 0x00000000c2700000, 0x00000000c2600000| Untracked 
|   7|0x00000000c2700000, 0x00000000c2800000, 0x00000000c2800000|100%| O|  |TAMS 0x00000000c2800000, 0x00000000c2700000| Untracked 
|   8|0x00000000c2800000, 0x00000000c28b1000, 0x00000000c2900000| 69%| O|  |TAMS 0x00000000c28b1000, 0x00000000c2800000| Untracked 
|   9|0x00000000c2900000, 0x00000000c2a00000, 0x00000000c2a00000|100%|HS|  |TAMS 0x00000000c2900000, 0x00000000c2900000| Complete 
|  10|0x00000000c2a00000, 0x00000000c2b00000, 0x00000000c2b00000|100%|HC|  |TAMS 0x00000000c2a00000, 0x00000000c2a00000| Complete 
|  11|0x00000000c2b00000, 0x00000000c2c00000, 0x00000000c2c00000|100%|HC|  |TAMS 0x00000000c2b00000, 0x00000000c2b00000| Complete 
|  12|0x00000000c2c00000, 0x00000000c2d00000, 0x00000000c2d00000|100%|HS|  |TAMS 0x00000000c2c00000, 0x00000000c2c00000| Complete 
|  13|0x00000000c2d00000, 0x00000000c2e00000, 0x00000000c2e00000|100%|HC|  |TAMS 0x00000000c2d00000, 0x00000000c2d00000| Complete 
|  14|0x00000000c2e00000, 0x00000000c2f00000, 0x00000000c2f00000|100%|HC|  |TAMS 0x00000000c2e00000, 0x00000000c2e00000| Complete 
|  15|0x00000000c2f00000, 0x00000000c2f00000, 0x00000000c3000000|  0%| F|  |TAMS 0x00000000c2f00000, 0x00000000c2f00000| Untracked 
|  16|0x00000000c3000000, 0x00000000c3000000, 0x00000000c3100000|  0%| F|  |TAMS 0x00000000c3000000, 0x00000000c3000000| Untracked 
|  17|0x00000000c3100000, 0x00000000c3100000, 0x00000000c3200000|  0%| F|  |TAMS 0x00000000c3100000, 0x00000000c3100000| Untracked 
|  18|0x00000000c3200000, 0x00000000c3200000, 0x00000000c3300000|  0%| F|  |TAMS 0x00000000c3200000, 0x00000000c3200000| Untracked 
|  19|0x00000000c3300000, 0x00000000c3300000, 0x00000000c3400000|  0%| F|  |TAMS 0x00000000c3300000, 0x00000000c3300000| Untracked 
|  20|0x00000000c3400000, 0x00000000c3400000, 0x00000000c3500000|  0%| F|  |TAMS 0x00000000c3400000, 0x00000000c3400000| Untracked 
|  21|0x00000000c3500000, 0x00000000c3500000, 0x00000000c3600000|  0%| F|  |TAMS 0x00000000c3500000, 0x00000000c3500000| Untracked 
|  22|0x00000000c3600000, 0x00000000c3600000, 0x00000000c3700000|  0%| F|  |TAMS 0x00000000c3600000, 0x00000000c3600000| Untracked 
|  23|0x00000000c3700000, 0x00000000c3700000, 0x00000000c3800000|  0%| F|  |TAMS 0x00000000c3700000, 0x00000000c3700000| Untracked 
|  24|0x00000000c3800000, 0x00000000c3800000, 0x00000000c3900000|  0%| F|  |TAMS 0x00000000c3800000, 0x00000000c3800000| Untracked 
|  25|0x00000000c3900000, 0x00000000c3900000, 0x00000000c3a00000|  0%| F|  |TAMS 0x00000000c3900000, 0x00000000c3900000| Untracked 
|  26|0x00000000c3a00000, 0x00000000c3a00000, 0x00000000c3b00000|  0%| F|  |TAMS 0x00000000c3a00000, 0x00000000c3a00000| Untracked 
|  27|0x00000000c3b00000, 0x00000000c3b00000, 0x00000000c3c00000|  0%| F|  |TAMS 0x00000000c3b00000, 0x00000000c3b00000| Untracked 
|  28|0x00000000c3c00000, 0x00000000c3c00000, 0x00000000c3d00000|  0%| F|  |TAMS 0x00000000c3c00000, 0x00000000c3c00000| Untracked 
|  29|0x00000000c3d00000, 0x00000000c3d00000, 0x00000000c3e00000|  0%| F|  |TAMS 0x00000000c3d00000, 0x00000000c3d00000| Untracked 
|  30|0x00000000c3e00000, 0x00000000c3e00000, 0x00000000c3f00000|  0%| F|  |TAMS 0x00000000c3e00000, 0x00000000c3e00000| Untracked 
|  31|0x00000000c3f00000, 0x00000000c3f00000, 0x00000000c4000000|  0%| F|  |TAMS 0x00000000c3f00000, 0x00000000c3f00000| Untracked 
|  32|0x00000000c4000000, 0x00000000c4000000, 0x00000000c4100000|  0%| F|  |TAMS 0x00000000c4000000, 0x00000000c4000000| Untracked 
|  33|0x00000000c4100000, 0x00000000c4100000, 0x00000000c4200000|  0%| F|  |TAMS 0x00000000c4100000, 0x00000000c4100000| Untracked 
|  34|0x00000000c4200000, 0x00000000c4200000, 0x00000000c4300000|  0%| F|  |TAMS 0x00000000c4200000, 0x00000000c4200000| Untracked 
|  35|0x00000000c4300000, 0x00000000c4300000, 0x00000000c4400000|  0%| F|  |TAMS 0x00000000c4300000, 0x00000000c4300000| Untracked 
|  36|0x00000000c4400000, 0x00000000c441f178, 0x00000000c4500000| 12%| S|CS|TAMS 0x00000000c4400000, 0x00000000c4400000| Complete 
|  37|0x00000000c4500000, 0x00000000c4600000, 0x00000000c4600000|100%| S|CS|TAMS 0x00000000c4500000, 0x00000000c4500000| Complete 
|  38|0x00000000c4600000, 0x00000000c4700000, 0x00000000c4700000|100%| S|CS|TAMS 0x00000000c4600000, 0x00000000c4600000| Complete 
|  39|0x00000000c4700000, 0x00000000c4700000, 0x00000000c4800000|  0%| F|  |TAMS 0x00000000c4700000, 0x00000000c4700000| Untracked 
|  40|0x00000000c4800000, 0x00000000c4800000, 0x00000000c4900000|  0%| F|  |TAMS 0x00000000c4800000, 0x00000000c4800000| Untracked 
|  41|0x00000000c4900000, 0x00000000c4900000, 0x00000000c4a00000|  0%| F|  |TAMS 0x00000000c4900000, 0x00000000c4900000| Untracked 
|  42|0x00000000c4a00000, 0x00000000c4a00000, 0x00000000c4b00000|  0%| F|  |TAMS 0x00000000c4a00000, 0x00000000c4a00000| Untracked 
|  43|0x00000000c4b00000, 0x00000000c4b00000, 0x00000000c4c00000|  0%| F|  |TAMS 0x00000000c4b00000, 0x00000000c4b00000| Untracked 
|  44|0x00000000c4c00000, 0x00000000c4c00000, 0x00000000c4d00000|  0%| F|  |TAMS 0x00000000c4c00000, 0x00000000c4c00000| Untracked 
|  45|0x00000000c4d00000, 0x00000000c4d00000, 0x00000000c4e00000|  0%| F|  |TAMS 0x00000000c4d00000, 0x00000000c4d00000| Untracked 
|  46|0x00000000c4e00000, 0x00000000c4e00000, 0x00000000c4f00000|  0%| F|  |TAMS 0x00000000c4e00000, 0x00000000c4e00000| Untracked 
|  47|0x00000000c4f00000, 0x00000000c4f00000, 0x00000000c5000000|  0%| F|  |TAMS 0x00000000c4f00000, 0x00000000c4f00000| Untracked 
|  48|0x00000000c5000000, 0x00000000c5000000, 0x00000000c5100000|  0%| F|  |TAMS 0x00000000c5000000, 0x00000000c5000000| Untracked 
|  49|0x00000000c5100000, 0x00000000c5100000, 0x00000000c5200000|  0%| F|  |TAMS 0x00000000c5100000, 0x00000000c5100000| Untracked 
|  50|0x00000000c5200000, 0x00000000c5200000, 0x00000000c5300000|  0%| F|  |TAMS 0x00000000c5200000, 0x00000000c5200000| Untracked 
|  51|0x00000000c5300000, 0x00000000c5300000, 0x00000000c5400000|  0%| F|  |TAMS 0x00000000c5300000, 0x00000000c5300000| Untracked 
|  52|0x00000000c5400000, 0x00000000c5400000, 0x00000000c5500000|  0%| F|  |TAMS 0x00000000c5400000, 0x00000000c5400000| Untracked 
|  53|0x00000000c5500000, 0x00000000c5500000, 0x00000000c5600000|  0%| F|  |TAMS 0x00000000c5500000, 0x00000000c5500000| Untracked 
|  54|0x00000000c5600000, 0x00000000c5600000, 0x00000000c5700000|  0%| F|  |TAMS 0x00000000c5600000, 0x00000000c5600000| Untracked 
|  55|0x00000000c5700000, 0x00000000c5700000, 0x00000000c5800000|  0%| F|  |TAMS 0x00000000c5700000, 0x00000000c5700000| Untracked 
|  56|0x00000000c5800000, 0x00000000c5800000, 0x00000000c5900000|  0%| F|  |TAMS 0x00000000c5800000, 0x00000000c5800000| Untracked 
|  57|0x00000000c5900000, 0x00000000c5900000, 0x00000000c5a00000|  0%| F|  |TAMS 0x00000000c5900000, 0x00000000c5900000| Untracked 
|  58|0x00000000c5a00000, 0x00000000c5a00000, 0x00000000c5b00000|  0%| F|  |TAMS 0x00000000c5a00000, 0x00000000c5a00000| Untracked 
|  59|0x00000000c5b00000, 0x00000000c5bdb018, 0x00000000c5c00000| 85%| E|  |TAMS 0x00000000c5b00000, 0x00000000c5b00000| Complete 
|  60|0x00000000c5c00000, 0x00000000c5d00000, 0x00000000c5d00000|100%| E|CS|TAMS 0x00000000c5c00000, 0x00000000c5c00000| Complete 
|  61|0x00000000c5d00000, 0x00000000c5e00000, 0x00000000c5e00000|100%| E|CS|TAMS 0x00000000c5d00000, 0x00000000c5d00000| Complete 

Card table byte_map: [0x0000028fe3780000,0x0000028fe3970000] _byte_map_base: 0x0000028fe3170000

Marking Bits (Prev, Next): (CMBitMap*) 0x0000028fd0488b40, (CMBitMap*) 0x0000028fd0488b08
 Prev Bits: [0x0000028fe4ae0000, 0x0000028fe5a60000)
 Next Bits: [0x0000028fe3b60000, 0x0000028fe4ae0000)

Polling page: 0x0000028fcec80000

Metaspace:

Usage:
  Non-class:     24.52 MB capacity,    24.21 MB ( 99%) used,   277.14 KB (  1%) free+waste,    42.25 KB ( <1%) overhead. 
      Class:      3.05 MB capacity,     2.89 MB ( 95%) used,   141.41 KB (  5%) free+waste,    19.00 KB ( <1%) overhead. 
       Both:     27.57 MB capacity,    27.10 MB ( 98%) used,   418.55 KB (  1%) free+waste,    61.25 KB ( <1%) overhead. 

Virtual space:
  Non-class space:       26.00 MB reserved,      24.75 MB ( 95%) committed 
      Class space:        1.00 GB reserved,       3.13 MB ( <1%) committed 
             Both:        1.03 GB reserved,      27.88 MB (  3%) committed 

Chunk freelists:
   Non-Class:  41.00 KB
       Class:  15.00 KB
        Both:  56.00 KB

MaxMetaspaceSize: 17179869184.00 GB
CompressedClassSpaceSize: 1.00 GB

CodeHeap 'non-profiled nmethods': size=120064Kb used=652Kb max_used=652Kb free=119411Kb
 bounds [0x0000028fdba20000, 0x0000028fdbc90000, 0x0000028fe2f60000]
CodeHeap 'profiled nmethods': size=120000Kb used=4189Kb max_used=4189Kb free=115810Kb
 bounds [0x0000028fd44f0000, 0x0000028fd4910000, 0x0000028fdba20000]
CodeHeap 'non-nmethods': size=5696Kb used=1158Kb max_used=1166Kb free=4537Kb
 bounds [0x0000028fd3f60000, 0x0000028fd41d0000, 0x0000028fd44f0000]
 total_blobs=2592 nmethods=2089 adapters=414
 compilation: enabled
              stopped_count=0, restarted_count=0
 full_count=0

Compilation events (20 events):
Event: 3.778 Thread 0x0000028fe88a2800 2067       1       java.lang.reflect.Constructor::getRoot (5 bytes)
Event: 3.778 Thread 0x0000028fe88a2800 nmethod 2067 0x0000028fdbac1190 code [0x0000028fdbac1340, 0x0000028fdbac13f8]
Event: 3.845 Thread 0x0000028fe88a2800 2068       3       java.lang.invoke.AbstractValidatingLambdaMetafactory::isAdaptableTo (126 bytes)
Event: 3.846 Thread 0x0000028fe88a2800 nmethod 2068 0x0000028fd48f6990 code [0x0000028fd48f6c20, 0x0000028fd48f75c8]
Event: 3.846 Thread 0x0000028fe88a2800 2069       3       jdk.internal.org.objectweb.asm.MethodWriter::visitEnd (1 bytes)
Event: 3.847 Thread 0x0000028fe88a2800 nmethod 2069 0x0000028fd48f7990 code [0x0000028fd48f7b40, 0x0000028fd48f7c38]
Event: 3.847 Thread 0x0000028fe88a2800 2070       3       jdk.internal.org.objectweb.asm.MethodWriter::getSize (838 bytes)
Event: 3.850 Thread 0x0000028fe88a2800 nmethod 2070 0x0000028fd48f7d10 code [0x0000028fd48f81c0, 0x0000028fd48fa0a8]
Event: 3.851 Thread 0x0000028fe88a2800 2071       3       jdk.internal.org.objectweb.asm.MethodWriter::put (1602 bytes)
Event: 3.857 Thread 0x0000028fe88a2800 nmethod 2071 0x0000028fd48fae90 code [0x0000028fd48fb780, 0x0000028fd48feb38]
Event: 3.858 Thread 0x0000028fe88a2800 2072       3       java.lang.invoke.DirectMethodHandle::preparedLambdaForm (31 bytes)
Event: 3.859 Thread 0x0000028fe88a2800 nmethod 2072 0x0000028fd4900190 code [0x0000028fd4900380, 0x0000028fd49005a8]
Event: 3.859 Thread 0x0000028fe88a2800 2073       3       java.lang.invoke.BoundMethodHandle::<init> (32 bytes)
Event: 3.859 Thread 0x0000028fe88a2800 nmethod 2073 0x0000028fd4900710 code [0x0000028fd49008c0, 0x0000028fd4900a08]
Event: 3.860 Thread 0x0000028fe88a2800 2074       1       java.lang.invoke.MethodHandleNatives::isPullModeBSM (2 bytes)
Event: 3.860 Thread 0x0000028fe88a2800 nmethod 2074 0x0000028fdbac1490 code [0x0000028fdbac1640, 0x0000028fdbac16d8]
Event: 3.860 Thread 0x0000028fe88a2800 2075       3       java.lang.invoke.ConstantCallSite::getTarget (20 bytes)
Event: 3.861 Thread 0x0000028fe88a2800 nmethod 2075 0x0000028fd4900a90 code [0x0000028fd4900c60, 0x0000028fd4900e68]
Event: 3.869 Thread 0x0000028fe88a2800 2077   !   3       java.lang.ref.ReferenceQueue::enqueue (119 bytes)
Event: 3.870 Thread 0x0000028fe88a2800 nmethod 2077 0x0000028fd4900f90 code [0x0000028fd4901180, 0x0000028fd49018e8]

GC Heap History (8 events):
Event: 0.580 GC heap before
{Heap before GC invocations=0 (full 0):
 garbage-first heap   total 63488K, used 17408K [0x00000000c2000000, 0x0000000100000000)
  region size 1024K, 14 young (14336K), 0 survivors (0K)
 Metaspace       used 9774K, capacity 9871K, committed 10112K, reserved 1058816K
  class space    used 828K, capacity 884K, committed 896K, reserved 1048576K
}
Event: 0.585 GC heap after
{Heap after GC invocations=1 (full 0):
 garbage-first heap   total 63488K, used 5156K [0x00000000c2000000, 0x0000000100000000)
  region size 1024K, 2 young (2048K), 2 survivors (2048K)
 Metaspace       used 9774K, capacity 9871K, committed 10112K, reserved 1058816K
  class space    used 828K, capacity 884K, committed 896K, reserved 1048576K
}
Event: 2.014 GC heap before
{Heap before GC invocations=1 (full 0):
 garbage-first heap   total 63488K, used 40996K [0x00000000c2000000, 0x0000000100000000)
  region size 1024K, 37 young (37888K), 2 survivors (2048K)
 Metaspace       used 18112K, capacity 18275K, committed 18560K, reserved 1067008K
  class space    used 1834K, capacity 1872K, committed 1920K, reserved 1048576K
}
Event: 2.034 GC heap after
{Heap after GC invocations=2 (full 0):
 garbage-first heap   total 63488K, used 8846K [0x00000000c2000000, 0x0000000100000000)
  region size 1024K, 5 young (5120K), 5 survivors (5120K)
 Metaspace       used 18112K, capacity 18275K, committed 18560K, reserved 1067008K
  class space    used 1834K, capacity 1872K, committed 1920K, reserved 1048576K
}
Event: 2.454 GC heap before
{Heap before GC invocations=2 (full 0):
 garbage-first heap   total 63488K, used 19086K [0x00000000c2000000, 0x0000000100000000)
  region size 1024K, 16 young (16384K), 5 survivors (5120K)
 Metaspace       used 20964K, capacity 21184K, committed 21248K, reserved 1069056K
  class space    used 2186K, capacity 2291K, committed 2304K, reserved 1048576K
}
Event: 2.471 GC heap after
{Heap after GC invocations=3 (full 0):
 garbage-first heap   total 63488K, used 9924K [0x00000000c2000000, 0x0000000100000000)
  region size 1024K, 1 young (1024K), 1 survivors (1024K)
 Metaspace       used 20964K, capacity 21184K, committed 21248K, reserved 1069056K
  class space    used 2186K, capacity 2291K, committed 2304K, reserved 1048576K
}
Event: 3.861 GC heap before
{Heap before GC invocations=4 (full 0):
 garbage-first heap   total 63488K, used 38596K [0x00000000c2000000, 0x0000000100000000)
  region size 1024K, 23 young (23552K), 1 survivors (1024K)
 Metaspace       used 26805K, capacity 27281K, committed 27392K, reserved 1073152K
  class space    used 2836K, capacity 3017K, committed 3072K, reserved 1048576K
}
Event: 3.868 GC heap after
{Heap after GC invocations=5 (full 0):
 garbage-first heap   total 63488K, used 17216K [0x00000000c2000000, 0x0000000100000000)
  region size 1024K, 3 young (3072K), 3 survivors (3072K)
 Metaspace       used 26805K, capacity 27281K, committed 27392K, reserved 1073152K
  class space    used 2836K, capacity 3017K, committed 3072K, reserved 1048576K
}

Deoptimization events (20 events):
Event: 2.841 Thread 0x0000028fd045a800 Uncommon trap: trap_request=0xffffffde fr.pc=0x0000028fdba72704 relative=0x0000000000000064
Event: 2.841 Thread 0x0000028fd045a800 Uncommon trap: reason=class_check action=maybe_recompile pc=0x0000028fdba72704 method=java.util.Collections$UnmodifiableCollection.size()I @ 4 c2
Event: 2.841 Thread 0x0000028fd045a800 DEOPT PACKING pc=0x0000028fdba72704 sp=0x000000b82b4fbf20
Event: 2.841 Thread 0x0000028fd045a800 DEOPT UNPACKING pc=0x0000028fd3f878af sp=0x000000b82b4fbeb0 mode 2
Event: 2.924 Thread 0x0000028fd045a800 Uncommon trap: trap_request=0xffffff4d fr.pc=0x0000028fdbaa9d68 relative=0x00000000000001c8
Event: 2.924 Thread 0x0000028fd045a800 Uncommon trap: reason=unstable_if action=reinterpret pc=0x0000028fdbaa9d68 method=java.util.Arrays.hashCode([B)I @ 1 c2
Event: 2.924 Thread 0x0000028fd045a800 DEOPT PACKING pc=0x0000028fdbaa9d68 sp=0x000000b82b4fe310
Event: 2.924 Thread 0x0000028fd045a800 DEOPT UNPACKING pc=0x0000028fd3f878af sp=0x000000b82b4fe280 mode 2
Event: 2.928 Thread 0x0000028fd045a800 Uncommon trap: trap_request=0xffffff4d fr.pc=0x0000028fdbab04f4 relative=0x00000000000000d4
Event: 2.928 Thread 0x0000028fd045a800 Uncommon trap: reason=unstable_if action=reinterpret pc=0x0000028fdbab04f4 method=jdk.nio.zipfs.ZipConstants.pkSigAt([BIII)Z @ 5 c2
Event: 2.928 Thread 0x0000028fd045a800 DEOPT PACKING pc=0x0000028fdbab04f4 sp=0x000000b82b4fe170
Event: 2.928 Thread 0x0000028fd045a800 DEOPT UNPACKING pc=0x0000028fd3f878af sp=0x000000b82b4fe118 mode 2
Event: 3.015 Thread 0x0000028fd045a800 Uncommon trap: trap_request=0xffffff6e fr.pc=0x0000028fdba9fca8 relative=0x0000000000001368
Event: 3.015 Thread 0x0000028fd045a800 Uncommon trap: reason=speculate_class_check action=maybe_recompile pc=0x0000028fdba9fca8 method=java.util.zip.InflaterInputStream.read([BII)I @ 100 c2
Event: 3.015 Thread 0x0000028fd045a800 DEOPT PACKING pc=0x0000028fdba9fca8 sp=0x000000b82b4fe320
Event: 3.016 Thread 0x0000028fd045a800 DEOPT UNPACKING pc=0x0000028fd3f878af sp=0x000000b82b4fe380 mode 2
Event: 3.688 Thread 0x0000028fd045a800 Uncommon trap: trap_request=0xffffff4d fr.pc=0x0000028fdba92124 relative=0x0000000000000184
Event: 3.688 Thread 0x0000028fd045a800 Uncommon trap: reason=unstable_if action=reinterpret pc=0x0000028fdba92124 method=java.lang.String.startsWith(Ljava/lang/String;I)Z @ 1 c2
Event: 3.688 Thread 0x0000028fd045a800 DEOPT PACKING pc=0x0000028fdba92124 sp=0x000000b82b4fdc80
Event: 3.688 Thread 0x0000028fd045a800 DEOPT UNPACKING pc=0x0000028fd3f878af sp=0x000000b82b4fdbf0 mode 2

Classes redefined (0 events):
No events

Internal exceptions (16 events):
Event: 1.819 Thread 0x0000028fd045a800 Exception <a 'java/lang/NoSuchMethodError'{0x00000000c3dfbad8}: 'int java.lang.invoke.DirectMethodHandle$Holder.invokeSpecialIFC(java.lang.Object, java.lang.Object, int)'> (0x00000000c3dfbad8) thrown at [./src/hotspot/share/interpreter/linkResolver.cpp, line 773]
Event: 2.295 Thread 0x0000028fd045a800 Exception <a 'java/lang/NoSuchMethodError'{0x00000000c58cae40}: 'java.lang.Object java.lang.invoke.DirectMethodHandle$Holder.invokeStaticInit(java.lang.Object, int)'> (0x00000000c58cae40) thrown at [./src/hotspot/share/interpreter/linkResolver.cpp, line 773]
Event: 2.345 Thread 0x0000028fd045a800 Exception <a 'java/lang/NoSuchMethodError'{0x00000000c5656960}: 'long java.lang.invoke.DirectMethodHandle$Holder.invokeStatic(java.lang.Object)'> (0x00000000c5656960) thrown at [./src/hotspot/share/interpreter/linkResolver.cpp, line 773]
Event: 2.345 Thread 0x0000028fd045a800 Exception <a 'java/lang/NoSuchMethodError'{0x00000000c56597b8}: 'long java.lang.invoke.DirectMethodHandle$Holder.invokeStaticInit(java.lang.Object)'> (0x00000000c56597b8) thrown at [./src/hotspot/share/interpreter/linkResolver.cpp, line 773]
Event: 2.492 Thread 0x0000028fd045a800 Exception <a 'java/lang/NoSuchMethodError'{0x00000000c5d81b48}: 'int java.lang.invoke.DirectMethodHandle$Holder.invokeStaticInit(java.lang.Object, java.lang.Object, java.lang.Object)'> (0x00000000c5d81b48) thrown at [./src/hotspot/share/interpreter/linkResolver.cpp, line 773]
Event: 2.498 Thread 0x0000028fd045a800 Exception <a 'java/lang/NoSuchMethodError'{0x00000000c5dad590}: 'int java.lang.invoke.DirectMethodHandle$Holder.invokeStaticInit(java.lang.Object, java.lang.Object)'> (0x00000000c5dad590) thrown at [./src/hotspot/share/interpreter/linkResolver.cpp, line 773]
Event: 2.832 Thread 0x0000028fd045a800 Exception <a 'java/lang/NoSuchMethodError'{0x00000000c537c0d0}: 'java.lang.Object java.lang.invoke.DirectMethodHandle$Holder.invokeStatic(java.lang.Object, java.lang.Object, java.lang.Object, java.lang.Object, java.lang.Object, java.lang.Object, java.lang.Object, java.lang.Object, java.lang.Object, java.lang.Object, java.lang.Object, java.lang.Object, java.lang.Object, java.lang.Object, java.lang.Object)'> (0x00000000c537c0d0) thrown at [./src/hotspot/share/interpreter/linkResolver.cpp, line 773]
Event: 2.834 Thread 0x0000028fd045a800 Exception <a 'java/lang/NoSuchMethodError'{0x00000000c538a470}: 'java.lang.Object java.lang.invoke.DirectMethodHandle$Holder.invokeStatic(java.lang.Object, java.lang.Object, java.lang.Object, java.lang.Object, java.lang.Object, java.lang.Object, java.lang.Object, java.lang.Object, java.lang.Object, java.lang.Object, java.lang.Object, java.lang.Object, java.lang.Object, java.lang.Object, java.lang.Object, java.lang.Object)'> (0x00000000c538a470) thrown at [./src/hotspot/share/interpreter/linkResolver.cpp, l
Event: 2.836 Thread 0x0000028fd045a800 Exception <a 'java/lang/NoSuchMethodError'{0x00000000c5398388}: 'java.lang.Object java.lang.invoke.DirectMethodHandle$Holder.invokeSpecial(java.lang.Object, java.lang.Object, int, int, java.lang.Object, java.lang.Object, java.lang.Object)'> (0x00000000c5398388) thrown at [./src/hotspot/share/interpreter/linkResolver.cpp, line 773]
Event: 2.837 Thread 0x0000028fd045a800 Exception <a 'java/lang/NoSuchMethodError'{0x00000000c539bbc0}: 'java.lang.Object java.lang.invoke.DelegatingMethodHandle$Holder.reinvoke_L(java.lang.Object, int, int, java.lang.Object, java.lang.Object, java.lang.Object)'> (0x00000000c539bbc0) thrown at [./src/hotspot/share/interpreter/linkResolver.cpp, line 773]
Event: 2.838 Thread 0x0000028fd045a800 Exception <a 'java/lang/NoSuchMethodError'{0x00000000c539ff48}: 'java.lang.Object java.lang.invoke.DirectMethodHandle$Holder.invokeStatic(java.lang.Object, java.lang.Object, java.lang.Object, java.lang.Object, int)'> (0x00000000c539ff48) thrown at [./src/hotspot/share/interpreter/linkResolver.cpp, line 773]
Event: 2.924 Thread 0x0000028fd045a800 Implicit null exception at 0x0000028fdbaa9bac to 0x0000028fdbaa9d5a
Event: 3.022 Thread 0x0000028fd045a800 Exception <a 'java/lang/NoSuchMethodError'{0x00000000c4c20c10}: 'void java.lang.invoke.DirectMethodHandle$Holder.invokeStatic(java.lang.Object, java.lang.Object, java.lang.Object, java.lang.Object)'> (0x00000000c4c20c10) thrown at [./src/hotspot/share/interpreter/linkResolver.cpp, line 773]
Event: 3.109 Thread 0x0000028fd045a800 Exception <a 'java/lang/NoSuchMethodError'{0x00000000c4b70220}: 'void java.lang.invoke.DirectMethodHandle$Holder.invokeSpecial(java.lang.Object, java.lang.Object)'> (0x00000000c4b70220) thrown at [./src/hotspot/share/interpreter/linkResolver.cpp, line 773]
Event: 3.364 Thread 0x0000028fd045a800 Exception <a 'java/lang/NoSuchMethodError'{0x00000000c4815cf8}: 'void java.lang.invoke.DirectMethodHandle$Holder.invokeStaticInit(java.lang.Object, java.lang.Object)'> (0x00000000c4815cf8) thrown at [./src/hotspot/share/interpreter/linkResolver.cpp, line 773]
Event: 3.398 Thread 0x0000028fd045a800 Exception <a 'java/lang/NoSuchMethodError'{0x00000000c4854170}: 'void java.lang.invoke.DirectMethodHandle$Holder.invokeInterface(java.lang.Object, java.lang.Object)'> (0x00000000c4854170) thrown at [./src/hotspot/share/interpreter/linkResolver.cpp, line 773]

Events (20 events):
Event: 4.110 loading class org/jetbrains/kotlin/cli/jvm/compiler/MockExternalAnnotationsManager
Event: 4.110 loading class org/jetbrains/kotlin/cli/jvm/compiler/MockExternalAnnotationsManager done
Event: 4.110 loading class org/jetbrains/kotlin/com/intellij/codeInsight/ExternalAnnotationsListener
Event: 4.110 loading class org/jetbrains/kotlin/com/intellij/codeInsight/ExternalAnnotationsListener done
Event: 4.124 loading class org/jetbrains/kotlin/com/intellij/codeInsight/InferredAnnotationsManager
Event: 4.124 loading class org/jetbrains/kotlin/com/intellij/codeInsight/InferredAnnotationsManager done
Event: 4.125 loading class org/jetbrains/kotlin/cli/jvm/compiler/MockInferredAnnotationsManager
Event: 4.125 loading class org/jetbrains/kotlin/cli/jvm/compiler/MockInferredAnnotationsManager done
Event: 4.126 loading class org/jetbrains/kotlin/cli/jvm/compiler/MockInferredAnnotationsManager$Companion
Event: 4.126 loading class org/jetbrains/kotlin/cli/jvm/compiler/MockInferredAnnotationsManager$Companion done
Event: 4.126 loading class org/jetbrains/kotlin/com/intellij/psi/impl/JavaPsiFacadeImpl
Event: 4.126 loading class org/jetbrains/kotlin/com/intellij/psi/impl/JavaPsiFacadeImpl done
Event: 4.165 loading class org/jetbrains/kotlin/com/intellij/psi/impl/JavaPsiFacadeEx
Event: 4.165 loading class org/jetbrains/kotlin/com/intellij/psi/impl/JavaPsiFacadeEx done
Event: 4.165 loading class org/jetbrains/kotlin/com/intellij/psi/JavaPsiFacade
Event: 4.165 loading class org/jetbrains/kotlin/com/intellij/psi/JavaPsiFacade done
Event: 4.165 loading class org/jetbrains/kotlin/com/intellij/psi/PsiConstantEvaluationHelper
Event: 4.165 loading class org/jetbrains/kotlin/com/intellij/psi/PsiConstantEvaluationHelper done
Event: 4.178 loading class org/jetbrains/kotlin/com/intellij/psi/impl/PsiConstantEvaluationHelperImpl
Event: 4.178 loading class org/jetbrains/kotlin/com/intellij/psi/impl/PsiConstantEvaluationHelperImpl done


Dynamic libraries:
0x00007ff60c0f0000 - 0x00007ff60c0fa000 	C:\Program Files\Android\Android Studio\jre\bin\java.exe
0x00007ffde7690000 - 0x00007ffde7885000 	C:\WINDOWS\SYSTEM32\ntdll.dll
0x00007ffde7590000 - 0x00007ffde764e000 	C:\WINDOWS\System32\KERNEL32.DLL
0x00007ffde5020000 - 0x00007ffde52e9000 	C:\WINDOWS\System32\KERNELBASE.dll
0x00007ffde5440000 - 0x00007ffde5540000 	C:\WINDOWS\System32\ucrtbase.dll
0x00007ffdc2300000 - 0x00007ffdc2317000 	C:\Program Files\Android\Android Studio\jre\bin\VCRUNTIME140.dll
0x00007ffdc3af0000 - 0x00007ffdc3b09000 	C:\Program Files\Android\Android Studio\jre\bin\jli.dll
0x00007ffde69b0000 - 0x00007ffde6b51000 	C:\WINDOWS\System32\USER32.dll
0x00007ffde4150000 - 0x00007ffde43ea000 	C:\WINDOWS\WinSxS\amd64_microsoft.windows.common-controls_6595b64144ccf1df_6.0.19041.1110_none_60b5254171f9507e\COMCTL32.dll
0x00007ffde4f10000 - 0x00007ffde4f32000 	C:\WINDOWS\System32\win32u.dll
0x00007ffde7560000 - 0x00007ffde758b000 	C:\WINDOWS\System32\GDI32.dll
0x00007ffde6e30000 - 0x00007ffde6ece000 	C:\WINDOWS\System32\msvcrt.dll
0x00007ffde5540000 - 0x00007ffde564b000 	C:\WINDOWS\System32\gdi32full.dll
0x00007ffde53a0000 - 0x00007ffde543d000 	C:\WINDOWS\System32\msvcp_win.dll
0x00007ffde6680000 - 0x00007ffde66b0000 	C:\WINDOWS\System32\IMM32.DLL
0x00007ffdb8cf0000 - 0x00007ffdb8d8d000 	C:\Program Files\Android\Android Studio\jre\bin\msvcp140.dll
0x00007ffd95150000 - 0x00007ffd95c1f000 	C:\Program Files\Android\Android Studio\jre\bin\server\jvm.dll
0x00007ffde66b0000 - 0x00007ffde675c000 	C:\WINDOWS\System32\ADVAPI32.dll
0x00007ffde6910000 - 0x00007ffde69ab000 	C:\WINDOWS\System32\sechost.dll
0x00007ffde6410000 - 0x00007ffde653a000 	C:\WINDOWS\System32\RPCRT4.dll
0x00007ffde6540000 - 0x00007ffde6548000 	C:\WINDOWS\System32\PSAPI.DLL
0x00007ffdc9050000 - 0x00007ffdc9077000 	C:\WINDOWS\SYSTEM32\WINMM.dll
0x00007ffdca300000 - 0x00007ffdca309000 	C:\WINDOWS\SYSTEM32\WSOCK32.dll
0x00007ffde2740000 - 0x00007ffde274a000 	C:\WINDOWS\SYSTEM32\VERSION.dll
0x00007ffde6ed0000 - 0x00007ffde6f3b000 	C:\WINDOWS\System32\WS2_32.dll
0x00007ffde2fe0000 - 0x00007ffde2ff2000 	C:\WINDOWS\SYSTEM32\kernel.appcore.dll
0x00007ffdb9140000 - 0x00007ffdb9151000 	C:\Program Files\Android\Android Studio\jre\bin\verify.dll
0x00007ffde46d0000 - 0x00007ffde48b4000 	C:\WINDOWS\SYSTEM32\DBGHELP.DLL
0x00007ffde4500000 - 0x00007ffde452c000 	C:\WINDOWS\SYSTEM32\dbgcore.DLL
0x00007ffde5650000 - 0x00007ffde56d3000 	C:\WINDOWS\System32\bcryptPrimitives.dll
0x00007ffdb9110000 - 0x00007ffdb9139000 	C:\Program Files\Android\Android Studio\jre\bin\java.dll
0x00007ffdc9b80000 - 0x00007ffdc9b8b000 	C:\Program Files\Android\Android Studio\jre\bin\jimage.dll
0x00007ffdb90f0000 - 0x00007ffdb9108000 	C:\Program Files\Android\Android Studio\jre\bin\zip.dll
0x00007ffde5770000 - 0x00007ffde5eaf000 	C:\WINDOWS\System32\SHELL32.dll
0x00007ffde2840000 - 0x00007ffde2fd0000 	C:\WINDOWS\SYSTEM32\windows.storage.dll
0x00007ffde5f30000 - 0x00007ffde6285000 	C:\WINDOWS\System32\combase.dll
0x00007ffde40b0000 - 0x00007ffde40dc000 	C:\WINDOWS\SYSTEM32\Wldp.dll
0x00007ffde7430000 - 0x00007ffde74de000 	C:\WINDOWS\System32\SHCORE.dll
0x00007ffde73c0000 - 0x00007ffde7415000 	C:\WINDOWS\System32\shlwapi.dll
0x00007ffde4cf0000 - 0x00007ffde4d0f000 	C:\WINDOWS\SYSTEM32\profapi.dll
0x00007ffdb90d0000 - 0x00007ffdb90ea000 	C:\Program Files\Android\Android Studio\jre\bin\net.dll
0x00007ffddb8a0000 - 0x00007ffddb9a8000 	C:\WINDOWS\SYSTEM32\WINHTTP.dll
0x00007ffde3f80000 - 0x00007ffde3fea000 	C:\WINDOWS\system32\mswsock.dll
0x00007ffdb90b0000 - 0x00007ffdb90c4000 	C:\Program Files\Android\Android Studio\jre\bin\nio.dll

dbghelp: loaded successfully - version: 4.0.5 - missing functions: none
symbol engine: initialized successfully - sym options: 0x614 - pdb path: .;C:\Program Files\Android\Android Studio\jre\bin;C:\WINDOWS\SYSTEM32;C:\WINDOWS\WinSxS\amd64_microsoft.windows.common-controls_6595b64144ccf1df_6.0.19041.1110_none_60b5254171f9507e;C:\Program Files\Android\Android Studio\jre\bin\server

VM Arguments:
java_command: org.jetbrains.kotlin.cli.jvm.K2JVMCompiler @C:\Users\Lenovo\AndroidStudioProjects\Movieapp2 - kopia - kopia\app\build\20211012_65457336925795915.compiler.options
java_class_path (initial): C:\Users\Lenovo\.gradle\caches\modules-2\files-2.1\org.jetbrains.kotlin\kotlin-compiler-embeddable\1.5.20\1900e8b9aca0a9caffd45b99b36e3720a0a284f8\kotlin-compiler-embeddable-1.5.20.jar;C:\Users\Lenovo\.gradle\caches\modules-2\files-2.1\org.jetbrains.kotlin\kotlin-reflect\1.5.20\63810951f09a27f7827977f1bc21094042a915e\kotlin-reflect-1.5.20.jar;C:\Users\Lenovo\.gradle\caches\modules-2\files-2.1\org.jetbrains.kotlin\kotlin-stdlib\1.5.20\9de35cc611bcecec8edce1d56d8e659953806751\kotlin-stdlib-1.5.20.jar;C:\Users\Lenovo\.gradle\caches\modules-2\files-2.1\org.jetbrains.kotlin\kotlin-script-runtime\1.5.20\4381bb58d37b84d4d1afe55ec35542dd9b77e101\kotlin-script-runtime-1.5.20.jar;C:\Users\Lenovo\.gradle\caches\modules-2\files-2.1\org.jetbrains.kotlin\kotlin-daemon-embeddable\1.5.20\36c38cda019834dcd2959cc33a12768adcd94256\kotlin-daemon-embeddable-1.5.20.jar;C:\Users\Lenovo\.gradle\caches\modules-2\files-2.1\org.jetbrains.intellij.deps\trove4j\1.0.20181211\216c2e14b070f334479d800987affe4054cd563f\trove4j-1.0.20181211.jar;C:\Users\Lenovo\.gradle\caches\modules-2\files-2.1\org.jetbrains\annotations\13.0\919f0dfe192fb4e063e7dacadee7f8bb9a2672a9\annotations-13.0.jar;C:\Users\Lenovo\.gradle\caches\modules-2\files-2.1\org.jetbrains.kotlin\kotlin-stdlib-common\1.5.20\3d79dbd48bf605f4aac1e7028981a1953e245cbb\kotlin-stdlib-common-1.5.20.jar
Launcher Type: SUN_STANDARD

[Global flags]
     intx CICompilerCount                          = 3                                         {product} {ergonomic}
     uint ConcGCThreads                            = 1                                         {product} {ergonomic}
     uint G1ConcRefinementThreads                  = 4                                         {product} {ergonomic}
   size_t G1HeapRegionSize                         = 1048576                                   {product} {ergonomic}
    uintx GCDrainStackTargetSize                   = 64                                        {product} {ergonomic}
   size_t InitialHeapSize                          = 65011712                                  {product} {ergonomic}
   size_t MarkStackSize                            = 4194304                                   {product} {ergonomic}
   size_t MaxHeapSize                              = 1040187392                                {product} {ergonomic}
   size_t MaxNewSize                               = 623902720                                 {product} {ergonomic}
   size_t MinHeapDeltaBytes                        = 1048576                                   {product} {ergonomic}
    uintx NonNMethodCodeHeapSize                   = 5830732                                {pd product} {ergonomic}
    uintx NonProfiledCodeHeapSize                  = 122913754                              {pd product} {ergonomic}
    uintx ProfiledCodeHeapSize                     = 122913754                              {pd product} {ergonomic}
    uintx ReservedCodeCacheSize                    = 251658240                              {pd product} {ergonomic}
     bool SegmentedCodeCache                       = true                                      {product} {ergonomic}
     bool UseCompressedClassPointers               = true                                 {lp64_product} {ergonomic}
     bool UseCompressedOops                        = true                                 {lp64_product} {ergonomic}
     bool UseG1GC                                  = true                                      {product} {ergonomic}
     bool UseLargePagesIndividualAllocation        = false                                  {pd product} {ergonomic}

Logging:
Log output configuration:
 #0: stdout all=warning uptime,level,tags
 #1: stderr all=off uptime,level,tags

Environment Variables:
PATH=C:\WINDOWS\system32;C:\WINDOWS;C:\WINDOWS\System32\Wbem;C:\WINDOWS\System32\WindowsPowerShell\v1.0\;C:\WINDOWS\System32\OpenSSH\;C:\Program Files\dotnet\;C:\inetpub\wwwroot\sqlite3\sqlite-tools-win32-x86-3310100;C:\Program Files\Git\cmd;C:\Users\Lenovo\AppData\Local\Microsoft\WindowsApps;C:\Users\Lenovo\AppData\Local\Programs\Microsoft VS Code\bin;C:\wamp64\bin\php\php7.4.0;C:\Users\Lenovo\.dotnet\tools;%USERPROFILE%\AppData\Local\Microsoft\WindowsApps;
USERNAME=Lenovo
OS=Windows_NT
PROCESSOR_IDENTIFIER=Intel64 Family 6 Model 142 Stepping 9, GenuineIntel



---------------  S Y S T E M  ---------------

OS: Windows 10 , 64 bit Build 19041 (10.0.19041.1202)
OS uptime: 0 days 2:06 hours

CPU:total 4 (initial active 4) (2 cores per cpu, 2 threads per core) family 6 model 142 stepping 9 microcode 0xc6, cmov, cx8, fxsr, mmx, sse, sse2, sse3, ssse3, sse4.1, sse4.2, popcnt, avx, avx2, aes, clmul, erms, 3dnowpref, lzcnt, ht, tsc, tscinvbit, bmi1, bmi2, adx, fma

Memory: 4k page, system-wide physical 3962M (326M free)
TotalPageFile size 9605M (AvailPageFile size 2469M)
current process WorkingSet (physical memory assigned to process): 161M, peak: 161M
current process commit charge ("private bytes"): 197M, peak: 197M

vm_info: OpenJDK 64-Bit Server VM (11.0.10+0-b96-7249189) for windows-amd64 JRE (11.0.10+0-b96-7249189), built on Mar 31 2021 21:44:00 by "builder" with MS VC++ 14.0 (VS2015)

END.
